[2026-06-26T03:41:24.207+0000] {taskinstance.py:1159} INFO - Dependencies all met for dep_context=non-requeueable deps ti=<TaskInstance: spark_batch_clean_pipeline.run_pyspark_batch scheduled__2026-06-26T02:00:00+00:00 [queued]>
[2026-06-26T03:41:24.300+0000] {taskinstance.py:1159} INFO - Dependencies all met for dep_context=requeueable deps ti=<TaskInstance: spark_batch_clean_pipeline.run_pyspark_batch scheduled__2026-06-26T02:00:00+00:00 [queued]>
[2026-06-26T03:41:24.301+0000] {taskinstance.py:1361} INFO - Starting attempt 3 of 4
[2026-06-26T03:41:24.313+0000] {taskinstance.py:1382} INFO - Executing <Task(BashOperator): run_pyspark_batch> on 2026-06-26 02:00:00+00:00
[2026-06-26T03:41:24.318+0000] {standard_task_runner.py:57} INFO - Started process 111 to run task
[2026-06-26T03:41:24.323+0000] {standard_task_runner.py:84} INFO - Running: ['airflow', 'tasks', 'run', 'spark_batch_clean_pipeline', 'run_pyspark_batch', 'scheduled__2026-06-26T02:00:00+00:00', '--job-id', '8', '--raw', '--subdir', 'DAGS_FOLDER/spark_batch_dag.py', '--cfg-path', '/tmp/tmp5r1hy3b4']
[2026-06-26T03:41:24.325+0000] {standard_task_runner.py:85} INFO - Job 8: Subtask run_pyspark_batch
[2026-06-26T03:41:24.361+0000] {task_command.py:416} INFO - Running <TaskInstance: spark_batch_clean_pipeline.run_pyspark_batch scheduled__2026-06-26T02:00:00+00:00 [running]> on host eb5adb09c055
[2026-06-26T03:41:24.411+0000] {taskinstance.py:1662} INFO - Exporting env vars: AIRFLOW_CTX_DAG_OWNER='hsm_data_engineer' AIRFLOW_CTX_DAG_ID='spark_batch_clean_pipeline' AIRFLOW_CTX_TASK_ID='run_pyspark_batch' AIRFLOW_CTX_EXECUTION_DATE='2026-06-26T02:00:00+00:00' AIRFLOW_CTX_TRY_NUMBER='3' AIRFLOW_CTX_DAG_RUN_ID='scheduled__2026-06-26T02:00:00+00:00'
[2026-06-26T03:41:24.412+0000] {subprocess.py:63} INFO - Tmp dir root location: /tmp
[2026-06-26T03:41:24.413+0000] {subprocess.py:75} INFO - Running command: ['/bin/bash', '-c', '\n        pip install --no-cache-dir pyspark==3.4.1 &&         cd /opt/de-roadmap &&         python3 spark_batch_clean.py\n        ']
[2026-06-26T03:41:24.423+0000] {subprocess.py:86} INFO - Output:
[2026-06-26T03:41:24.434+0000] {subprocess.py:93} INFO - 
[2026-06-26T03:41:24.434+0000] {subprocess.py:93} INFO - [31mYou are running pip as root. Please use 'airflow' user to run pip![0m
[2026-06-26T03:41:24.434+0000] {subprocess.py:93} INFO - 
[2026-06-26T03:41:24.434+0000] {subprocess.py:93} INFO - [33mSee: https://airflow.apache.org/docs/docker-stack/build.html#adding-a-new-pypi-package[0m
[2026-06-26T03:41:24.434+0000] {subprocess.py:93} INFO - 
[2026-06-26T03:41:24.435+0000] {subprocess.py:97} INFO - Command exited with return code 1
[2026-06-26T03:41:24.445+0000] {taskinstance.py:1937} ERROR - Task failed with exception
Traceback (most recent call last):
  File "/home/airflow/.local/lib/python3.10/site-packages/airflow/operators/bash.py", line 210, in execute
    raise AirflowException(
airflow.exceptions.AirflowException: Bash command failed. The command returned a non-zero exit code 1.
[2026-06-26T03:41:24.447+0000] {taskinstance.py:1400} INFO - Marking task as UP_FOR_RETRY. dag_id=spark_batch_clean_pipeline, task_id=run_pyspark_batch, execution_date=20260626T020000, start_date=20260626T034124, end_date=20260626T034124
[2026-06-26T03:41:24.457+0000] {standard_task_runner.py:104} ERROR - Failed to execute job 8 for task run_pyspark_batch (Bash command failed. The command returned a non-zero exit code 1.; 111)
[2026-06-26T03:41:24.495+0000] {local_task_job_runner.py:228} INFO - Task exited with return code 1
[2026-06-26T03:41:24.506+0000] {taskinstance.py:2778} INFO - 0 downstream tasks scheduled from follow-on schedule check
