[2026-06-26T03:38:50.155+0000] {taskinstance.py:1159} INFO - Dependencies all met for dep_context=non-requeueable deps ti=<TaskInstance: spark_batch_clean_pipeline.run_pyspark_batch scheduled__2026-06-26T02:00:00+00:00 [queued]>
[2026-06-26T03:38:50.231+0000] {taskinstance.py:1159} INFO - Dependencies all met for dep_context=requeueable deps ti=<TaskInstance: spark_batch_clean_pipeline.run_pyspark_batch scheduled__2026-06-26T02:00:00+00:00 [queued]>
[2026-06-26T03:38:50.231+0000] {taskinstance.py:1361} INFO - Starting attempt 2 of 2
[2026-06-26T03:38:50.240+0000] {taskinstance.py:1382} INFO - Executing <Task(BashOperator): run_pyspark_batch> on 2026-06-26 02:00:00+00:00
[2026-06-26T03:38:50.246+0000] {standard_task_runner.py:57} INFO - Started process 90 to run task
[2026-06-26T03:38:50.249+0000] {standard_task_runner.py:84} INFO - Running: ['airflow', 'tasks', 'run', 'spark_batch_clean_pipeline', 'run_pyspark_batch', 'scheduled__2026-06-26T02:00:00+00:00', '--job-id', '6', '--raw', '--subdir', 'DAGS_FOLDER/spark_batch_dag.py', '--cfg-path', '/tmp/tmpn0608_5a']
[2026-06-26T03:38:50.250+0000] {standard_task_runner.py:85} INFO - Job 6: Subtask run_pyspark_batch
[2026-06-26T03:38:50.281+0000] {task_command.py:416} INFO - Running <TaskInstance: spark_batch_clean_pipeline.run_pyspark_batch scheduled__2026-06-26T02:00:00+00:00 [running]> on host eb5adb09c055
[2026-06-26T03:38:50.324+0000] {taskinstance.py:1662} INFO - Exporting env vars: AIRFLOW_CTX_DAG_OWNER='hsm_data_engineer' AIRFLOW_CTX_DAG_ID='spark_batch_clean_pipeline' AIRFLOW_CTX_TASK_ID='run_pyspark_batch' AIRFLOW_CTX_EXECUTION_DATE='2026-06-26T02:00:00+00:00' AIRFLOW_CTX_TRY_NUMBER='2' AIRFLOW_CTX_DAG_RUN_ID='scheduled__2026-06-26T02:00:00+00:00'
[2026-06-26T03:38:50.325+0000] {subprocess.py:63} INFO - Tmp dir root location: /tmp
[2026-06-26T03:38:50.326+0000] {subprocess.py:75} INFO - Running command: ['/bin/bash', '-c', '\n        cd /opt/de-roadmap &&         source myenv/bin/activate &&         python3 spark_batch_clean.py\n        ']
[2026-06-26T03:38:50.337+0000] {subprocess.py:86} INFO - Output:
[2026-06-26T03:38:50.356+0000] {subprocess.py:93} INFO - Traceback (most recent call last):
[2026-06-26T03:38:50.356+0000] {subprocess.py:93} INFO -   File "/opt/de-roadmap/spark_batch_clean.py", line 1, in <module>
[2026-06-26T03:38:50.357+0000] {subprocess.py:93} INFO -     from pyspark.sql import SparkSession
[2026-06-26T03:38:50.357+0000] {subprocess.py:93} INFO - ModuleNotFoundError: No module named 'pyspark'
[2026-06-26T03:38:50.360+0000] {subprocess.py:97} INFO - Command exited with return code 1
[2026-06-26T03:38:50.367+0000] {taskinstance.py:1937} ERROR - Task failed with exception
Traceback (most recent call last):
  File "/home/airflow/.local/lib/python3.10/site-packages/airflow/operators/bash.py", line 210, in execute
    raise AirflowException(
airflow.exceptions.AirflowException: Bash command failed. The command returned a non-zero exit code 1.
[2026-06-26T03:38:50.370+0000] {taskinstance.py:1400} INFO - Marking task as FAILED. dag_id=spark_batch_clean_pipeline, task_id=run_pyspark_batch, execution_date=20260626T020000, start_date=20260626T033850, end_date=20260626T033850
[2026-06-26T03:38:50.379+0000] {standard_task_runner.py:104} ERROR - Failed to execute job 6 for task run_pyspark_batch (Bash command failed. The command returned a non-zero exit code 1.; 90)
[2026-06-26T03:38:50.384+0000] {local_task_job_runner.py:228} INFO - Task exited with return code 1
[2026-06-26T03:38:50.395+0000] {taskinstance.py:2778} INFO - 0 downstream tasks scheduled from follow-on schedule check
