[2026-06-26T03:53:31.418+0000] {taskinstance.py:1159} INFO - Dependencies all met for dep_context=non-requeueable deps ti=<TaskInstance: spark_batch_clean_pipeline.run_pyspark_batch scheduled__2026-06-26T02:00:00+00:00 [queued]>
[2026-06-26T03:53:31.532+0000] {taskinstance.py:1159} INFO - Dependencies all met for dep_context=requeueable deps ti=<TaskInstance: spark_batch_clean_pipeline.run_pyspark_batch scheduled__2026-06-26T02:00:00+00:00 [queued]>
[2026-06-26T03:53:31.533+0000] {taskinstance.py:1361} INFO - Starting attempt 8 of 8
[2026-06-26T03:53:31.546+0000] {taskinstance.py:1382} INFO - Executing <Task(BashOperator): run_pyspark_batch> on 2026-06-26 02:00:00+00:00
[2026-06-26T03:53:31.553+0000] {standard_task_runner.py:57} INFO - Started process 214 to run task
[2026-06-26T03:53:31.556+0000] {standard_task_runner.py:84} INFO - Running: ['airflow', 'tasks', 'run', 'spark_batch_clean_pipeline', 'run_pyspark_batch', 'scheduled__2026-06-26T02:00:00+00:00', '--job-id', '18', '--raw', '--subdir', 'DAGS_FOLDER/spark_batch_dag.py', '--cfg-path', '/tmp/tmp_oexdfj0']
[2026-06-26T03:53:31.558+0000] {standard_task_runner.py:85} INFO - Job 18: Subtask run_pyspark_batch
[2026-06-26T03:53:31.591+0000] {task_command.py:416} INFO - Running <TaskInstance: spark_batch_clean_pipeline.run_pyspark_batch scheduled__2026-06-26T02:00:00+00:00 [running]> on host eb5adb09c055
[2026-06-26T03:53:31.639+0000] {taskinstance.py:1662} INFO - Exporting env vars: AIRFLOW_CTX_DAG_OWNER='hsm_data_engineer' AIRFLOW_CTX_DAG_ID='spark_batch_clean_pipeline' AIRFLOW_CTX_TASK_ID='run_pyspark_batch' AIRFLOW_CTX_EXECUTION_DATE='2026-06-26T02:00:00+00:00' AIRFLOW_CTX_TRY_NUMBER='8' AIRFLOW_CTX_DAG_RUN_ID='scheduled__2026-06-26T02:00:00+00:00'
[2026-06-26T03:53:31.640+0000] {subprocess.py:63} INFO - Tmp dir root location: /tmp
[2026-06-26T03:53:31.641+0000] {subprocess.py:75} INFO - Running command: ['/bin/bash', '-c', '\n        cd /opt/de-roadmap &&         export PYTHONPATH="/opt/de-roadmap/myenv/lib/python3.10/site-packages:$PYTHONPATH" &&         python3 spark_batch_clean.py\n        ']
[2026-06-26T03:53:31.654+0000] {subprocess.py:86} INFO - Output:
[2026-06-26T03:53:31.674+0000] {subprocess.py:93} INFO - Traceback (most recent call last):
[2026-06-26T03:53:31.674+0000] {subprocess.py:93} INFO -   File "/opt/de-roadmap/spark_batch_clean.py", line 1, in <module>
[2026-06-26T03:53:31.674+0000] {subprocess.py:93} INFO -     from pyspark.sql import SparkSession
[2026-06-26T03:53:31.674+0000] {subprocess.py:93} INFO - ModuleNotFoundError: No module named 'pyspark'
[2026-06-26T03:53:31.676+0000] {subprocess.py:97} INFO - Command exited with return code 1
[2026-06-26T03:53:31.684+0000] {taskinstance.py:1937} ERROR - Task failed with exception
Traceback (most recent call last):
  File "/home/airflow/.local/lib/python3.10/site-packages/airflow/operators/bash.py", line 210, in execute
    raise AirflowException(
airflow.exceptions.AirflowException: Bash command failed. The command returned a non-zero exit code 1.
[2026-06-26T03:53:31.686+0000] {taskinstance.py:1400} INFO - Marking task as FAILED. dag_id=spark_batch_clean_pipeline, task_id=run_pyspark_batch, execution_date=20260626T020000, start_date=20260626T035331, end_date=20260626T035331
[2026-06-26T03:53:31.694+0000] {standard_task_runner.py:104} ERROR - Failed to execute job 18 for task run_pyspark_batch (Bash command failed. The command returned a non-zero exit code 1.; 214)
[2026-06-26T03:53:31.731+0000] {local_task_job_runner.py:228} INFO - Task exited with return code 1
[2026-06-26T03:53:31.742+0000] {taskinstance.py:2778} INFO - 0 downstream tasks scheduled from follow-on schedule check
