[2026-06-26T07:59:11.333+0000] {taskinstance.py:1159} INFO - Dependencies all met for dep_context=non-requeueable deps ti=<TaskInstance: spark_batch_clean_pipeline.run_pyspark_batch manual__2026-06-26T07:33:04.720842+00:00 [queued]>
[2026-06-26T07:59:11.340+0000] {taskinstance.py:1159} INFO - Dependencies all met for dep_context=requeueable deps ti=<TaskInstance: spark_batch_clean_pipeline.run_pyspark_batch manual__2026-06-26T07:33:04.720842+00:00 [queued]>
[2026-06-26T07:59:11.340+0000] {taskinstance.py:1361} INFO - Starting attempt 5 of 6
[2026-06-26T07:59:11.354+0000] {taskinstance.py:1382} INFO - Executing <Task(BashOperator): run_pyspark_batch> on 2026-06-26 07:33:04.720842+00:00
[2026-06-26T07:59:11.362+0000] {standard_task_runner.py:57} INFO - Started process 2567 to run task
[2026-06-26T07:59:11.367+0000] {standard_task_runner.py:84} INFO - Running: ['airflow', 'tasks', 'run', 'spark_batch_clean_pipeline', 'run_pyspark_batch', 'manual__2026-06-26T07:33:04.720842+00:00', '--job-id', '17', '--raw', '--subdir', 'DAGS_FOLDER/spark_batch_dag.py', '--cfg-path', '/tmp/tmpnr9utii3']
[2026-06-26T07:59:11.368+0000] {standard_task_runner.py:85} INFO - Job 17: Subtask run_pyspark_batch
[2026-06-26T07:59:11.399+0000] {task_command.py:416} INFO - Running <TaskInstance: spark_batch_clean_pipeline.run_pyspark_batch manual__2026-06-26T07:33:04.720842+00:00 [running]> on host 68c80a16ea48
[2026-06-26T07:59:11.462+0000] {taskinstance.py:1662} INFO - Exporting env vars: AIRFLOW_CTX_DAG_OWNER='hsm_data_engineer' AIRFLOW_CTX_DAG_ID='spark_batch_clean_pipeline' AIRFLOW_CTX_TASK_ID='run_pyspark_batch' AIRFLOW_CTX_EXECUTION_DATE='2026-06-26T07:33:04.720842+00:00' AIRFLOW_CTX_TRY_NUMBER='5' AIRFLOW_CTX_DAG_RUN_ID='manual__2026-06-26T07:33:04.720842+00:00'
[2026-06-26T07:59:11.464+0000] {subprocess.py:63} INFO - Tmp dir root location: /tmp
[2026-06-26T07:59:11.464+0000] {subprocess.py:75} INFO - Running command: ['/bin/bash', '-c', '\n        python3 -m pip install --no-cache-dir pyspark==3.4.1 &&         SPARK_JARS_DIR=$(python3 -c "import pyspark, os; print(os.path.join(pyspark.__path__[0], \'jars\'))") &&         python3 -c "\nimport urllib.request, os\njars_dir = \'$SPARK_JARS_DIR\'\nhadoop_jar = os.path.join(jars_dir, \'hadoop-aws-3.3.4.jar\')\naws_jar = os.path.join(jars_dir, \'aws-java-sdk-bundle-1.12.262.jar\')\n\nif not os.path.exists(hadoop_jar):\n    print(\'Downloading hadoop-aws...\')\n    urllib.request.urlretrieve(\'https://repo1.maven.org/maven2/org/apache/hadoop/hadoop-aws/3.3.4/hadoop-aws-3.3.4.jar\', hadoop_jar)\n\nif not os.path.exists(aws_jar):\n    print(\'Downloading aws-java-sdk-bundle...\')\n    urllib.request.urlretrieve(\'https://repo1.maven.org/maven2/com/amazonaws/aws-java-sdk-bundle/1.12.262/aws-java-sdk-bundle-1.12.262.jar\', aws_jar)\n" &&         cd /opt/de-roadmap &&         python3 spark_batch_clean.py\n        ']
[2026-06-26T07:59:11.478+0000] {subprocess.py:86} INFO - Output:
[2026-06-26T07:59:11.986+0000] {subprocess.py:93} INFO - Requirement already satisfied: pyspark==3.4.1 in /usr/local/lib/python3.10/site-packages (3.4.1)
[2026-06-26T07:59:11.999+0000] {subprocess.py:93} INFO - Requirement already satisfied: py4j==0.10.9.7 in /usr/local/lib/python3.10/site-packages (from pyspark==3.4.1) (0.10.9.7)
[2026-06-26T07:59:16.459+0000] {subprocess.py:93} INFO - WARNING: Running pip as the 'root' user can result in broken permissions and conflicting behaviour with the system package manager. It is recommended to use a virtual environment instead: https://pip.pypa.io/warnings/venv
[2026-06-26T07:59:16.557+0000] {subprocess.py:93} INFO - 
[2026-06-26T07:59:16.557+0000] {subprocess.py:93} INFO - [notice] A new release of pip is available: 23.0.1 -> 26.1.2
[2026-06-26T07:59:16.557+0000] {subprocess.py:93} INFO - [notice] To update, run: pip3 install --upgrade pip
[2026-06-26T07:59:17.248+0000] {subprocess.py:93} INFO - /usr/local/lib/python3.10/site-packages/pyspark/bin/load-spark-env.sh: line 68: ps: command not found
[2026-06-26T07:59:18.701+0000] {subprocess.py:93} INFO - Warning: Ignoring non-Spark config property: fs.s3a.connection.ssl.enabled
[2026-06-26T07:59:19.121+0000] {subprocess.py:93} INFO - Setting default log level to "WARN".
[2026-06-26T07:59:19.121+0000] {subprocess.py:93} INFO - To adjust logging level use sc.setLogLevel(newLevel). For SparkR, use setLogLevel(newLevel).
[2026-06-26T07:59:19.332+0000] {subprocess.py:93} INFO - 26/06/26 07:59:19 WARN NativeCodeLoader: Unable to load native-hadoop library for your platform... using builtin-java classes where applicable
[2026-06-26T07:59:20.903+0000] {subprocess.py:93} INFO - 26/06/26 07:59:20 INFO SharedState: Setting hive.metastore.warehouse.dir ('null') to the value of spark.sql.warehouse.dir.
[2026-06-26T07:59:20.912+0000] {subprocess.py:93} INFO - 26/06/26 07:59:20 INFO SharedState: Warehouse path is 'file:/opt/de-roadmap/spark-warehouse'.
[2026-06-26T07:59:22.024+0000] {subprocess.py:93} INFO - 26/06/26 07:59:22 WARN MetricsConfig: Cannot locate configuration: tried hadoop-metrics2-s3a-file-system.properties,hadoop-metrics2.properties
[2026-06-26T07:59:22.045+0000] {subprocess.py:93} INFO - 26/06/26 07:59:22 INFO MetricsSystemImpl: Scheduled Metric snapshot period at 10 second(s).
[2026-06-26T07:59:22.046+0000] {subprocess.py:93} INFO - 26/06/26 07:59:22 INFO MetricsSystemImpl: s3a-file-system metrics system started
[2026-06-26T08:12:22.611+0000] {subprocess.py:93} INFO - 26/06/26 08:12:22 WARN FileStreamSink: Assume no metadata directory. Error while looking for metadata directory in the path: s3a://raw-data-lake/year=*/*/*/*/*.json.
[2026-06-26T08:12:22.611+0000] {subprocess.py:93} INFO - org.apache.hadoop.fs.s3a.AWSClientIOException: getFileStatus on s3a://raw-data-lake/year=*/*/*/*/*.json: com.amazonaws.SdkClientException: Unable to execute HTTP request: minio: Temporary failure in name resolution: Unable to execute HTTP request: minio: Temporary failure in name resolution
[2026-06-26T08:12:22.611+0000] {subprocess.py:93} INFO - 	at org.apache.hadoop.fs.s3a.S3AUtils.translateException(S3AUtils.java:214)
[2026-06-26T08:12:22.611+0000] {subprocess.py:93} INFO - 	at org.apache.hadoop.fs.s3a.S3AUtils.translateException(S3AUtils.java:175)
[2026-06-26T08:12:22.611+0000] {subprocess.py:93} INFO - 	at org.apache.hadoop.fs.s3a.S3AFileSystem.s3GetFileStatus(S3AFileSystem.java:3861)
[2026-06-26T08:12:22.611+0000] {subprocess.py:93} INFO - 	at org.apache.hadoop.fs.s3a.S3AFileSystem.innerGetFileStatus(S3AFileSystem.java:3688)
[2026-06-26T08:12:22.612+0000] {subprocess.py:93} INFO - 	at org.apache.hadoop.fs.s3a.S3AFileSystem.lambda$isDirectory$35(S3AFileSystem.java:4724)
[2026-06-26T08:12:22.612+0000] {subprocess.py:93} INFO - 	at org.apache.hadoop.fs.statistics.impl.IOStatisticsBinding.lambda$trackDurationOfOperation$5(IOStatisticsBinding.java:499)
[2026-06-26T08:12:22.612+0000] {subprocess.py:93} INFO - 	at org.apache.hadoop.fs.statistics.impl.IOStatisticsBinding.trackDuration(IOStatisticsBinding.java:444)
[2026-06-26T08:12:22.612+0000] {subprocess.py:93} INFO - 	at org.apache.hadoop.fs.s3a.S3AFileSystem.trackDurationAndSpan(S3AFileSystem.java:2337)
[2026-06-26T08:12:22.612+0000] {subprocess.py:93} INFO - 	at org.apache.hadoop.fs.s3a.S3AFileSystem.trackDurationAndSpan(S3AFileSystem.java:2356)
[2026-06-26T08:12:22.612+0000] {subprocess.py:93} INFO - 	at org.apache.hadoop.fs.s3a.S3AFileSystem.isDirectory(S3AFileSystem.java:4722)
[2026-06-26T08:12:22.612+0000] {subprocess.py:93} INFO - 	at org.apache.spark.sql.execution.streaming.FileStreamSink$.hasMetadata(FileStreamSink.scala:54)
[2026-06-26T08:12:22.612+0000] {subprocess.py:93} INFO - 	at org.apache.spark.sql.execution.datasources.DataSource.resolveRelation(DataSource.scala:366)
[2026-06-26T08:12:22.612+0000] {subprocess.py:93} INFO - 	at org.apache.spark.sql.DataFrameReader.loadV1Source(DataFrameReader.scala:229)
[2026-06-26T08:12:22.612+0000] {subprocess.py:93} INFO - 	at org.apache.spark.sql.DataFrameReader.$anonfun$load$2(DataFrameReader.scala:211)
[2026-06-26T08:12:22.612+0000] {subprocess.py:93} INFO - 	at scala.Option.getOrElse(Option.scala:189)
[2026-06-26T08:12:22.612+0000] {subprocess.py:93} INFO - 	at org.apache.spark.sql.DataFrameReader.load(DataFrameReader.scala:211)
[2026-06-26T08:12:22.612+0000] {subprocess.py:93} INFO - 	at org.apache.spark.sql.DataFrameReader.json(DataFrameReader.scala:362)
[2026-06-26T08:12:22.613+0000] {subprocess.py:93} INFO - 	at java.base/jdk.internal.reflect.NativeMethodAccessorImpl.invoke0(Native Method)
[2026-06-26T08:12:22.613+0000] {subprocess.py:93} INFO - 	at java.base/jdk.internal.reflect.NativeMethodAccessorImpl.invoke(NativeMethodAccessorImpl.java:62)
[2026-06-26T08:12:22.613+0000] {subprocess.py:93} INFO - 	at java.base/jdk.internal.reflect.DelegatingMethodAccessorImpl.invoke(DelegatingMethodAccessorImpl.java:43)
[2026-06-26T08:12:22.613+0000] {subprocess.py:93} INFO - 	at java.base/java.lang.reflect.Method.invoke(Method.java:566)
[2026-06-26T08:12:22.613+0000] {subprocess.py:93} INFO - 	at py4j.reflection.MethodInvoker.invoke(MethodInvoker.java:244)
[2026-06-26T08:12:22.613+0000] {subprocess.py:93} INFO - 	at py4j.reflection.ReflectionEngine.invoke(ReflectionEngine.java:374)
[2026-06-26T08:12:22.613+0000] {subprocess.py:93} INFO - 	at py4j.Gateway.invoke(Gateway.java:282)
[2026-06-26T08:12:22.613+0000] {subprocess.py:93} INFO - 	at py4j.commands.AbstractCommand.invokeMethod(AbstractCommand.java:132)
[2026-06-26T08:12:22.613+0000] {subprocess.py:93} INFO - 	at py4j.commands.CallCommand.execute(CallCommand.java:79)
[2026-06-26T08:12:22.613+0000] {subprocess.py:93} INFO - 	at py4j.ClientServerConnection.waitForCommands(ClientServerConnection.java:182)
[2026-06-26T08:12:22.613+0000] {subprocess.py:93} INFO - 	at py4j.ClientServerConnection.run(ClientServerConnection.java:106)
[2026-06-26T08:12:22.613+0000] {subprocess.py:93} INFO - 	at java.base/java.lang.Thread.run(Thread.java:829)
[2026-06-26T08:12:22.613+0000] {subprocess.py:93} INFO - Caused by: com.amazonaws.SdkClientException: Unable to execute HTTP request: minio: Temporary failure in name resolution
[2026-06-26T08:12:22.613+0000] {subprocess.py:93} INFO - 	at com.amazonaws.http.AmazonHttpClient$RequestExecutor.handleRetryableException(AmazonHttpClient.java:1219)
[2026-06-26T08:12:22.613+0000] {subprocess.py:93} INFO - 	at com.amazonaws.http.AmazonHttpClient$RequestExecutor.executeHelper(AmazonHttpClient.java:1165)
[2026-06-26T08:12:22.613+0000] {subprocess.py:93} INFO - 	at com.amazonaws.http.AmazonHttpClient$RequestExecutor.doExecute(AmazonHttpClient.java:814)
[2026-06-26T08:12:22.613+0000] {subprocess.py:93} INFO - 	at com.amazonaws.http.AmazonHttpClient$RequestExecutor.executeWithTimer(AmazonHttpClient.java:781)
[2026-06-26T08:12:22.613+0000] {subprocess.py:93} INFO - 	at com.amazonaws.http.AmazonHttpClient$RequestExecutor.execute(AmazonHttpClient.java:755)
[2026-06-26T08:12:22.613+0000] {subprocess.py:93} INFO - 	at com.amazonaws.http.AmazonHttpClient$RequestExecutor.access$500(AmazonHttpClient.java:715)
[2026-06-26T08:12:22.614+0000] {subprocess.py:93} INFO - 	at com.amazonaws.http.AmazonHttpClient$RequestExecutionBuilderImpl.execute(AmazonHttpClient.java:697)
[2026-06-26T08:12:22.614+0000] {subprocess.py:93} INFO - 	at com.amazonaws.http.AmazonHttpClient.execute(AmazonHttpClient.java:561)
[2026-06-26T08:12:22.614+0000] {subprocess.py:93} INFO - 	at com.amazonaws.http.AmazonHttpClient.execute(AmazonHttpClient.java:541)
[2026-06-26T08:12:22.614+0000] {subprocess.py:93} INFO - 	at com.amazonaws.services.s3.AmazonS3Client.invoke(AmazonS3Client.java:5456)
[2026-06-26T08:12:22.614+0000] {subprocess.py:93} INFO - 	at com.amazonaws.services.s3.AmazonS3Client.invoke(AmazonS3Client.java:5403)
[2026-06-26T08:12:22.614+0000] {subprocess.py:93} INFO - 	at com.amazonaws.services.s3.AmazonS3Client.invoke(AmazonS3Client.java:5397)
[2026-06-26T08:12:22.614+0000] {subprocess.py:93} INFO - 	at com.amazonaws.services.s3.AmazonS3Client.listObjectsV2(AmazonS3Client.java:971)
[2026-06-26T08:12:22.614+0000] {subprocess.py:93} INFO - 	at org.apache.hadoop.fs.s3a.S3AFileSystem.lambda$listObjects$11(S3AFileSystem.java:2595)
[2026-06-26T08:12:22.614+0000] {subprocess.py:93} INFO - 	at org.apache.hadoop.fs.statistics.impl.IOStatisticsBinding.lambda$trackDurationOfOperation$5(IOStatisticsBinding.java:499)
[2026-06-26T08:12:22.614+0000] {subprocess.py:93} INFO - 	at org.apache.hadoop.fs.s3a.Invoker.retryUntranslated(Invoker.java:414)
[2026-06-26T08:12:22.614+0000] {subprocess.py:93} INFO - 	at org.apache.hadoop.fs.s3a.Invoker.retryUntranslated(Invoker.java:377)
[2026-06-26T08:12:22.614+0000] {subprocess.py:93} INFO - 	at org.apache.hadoop.fs.s3a.S3AFileSystem.listObjects(S3AFileSystem.java:2586)
[2026-06-26T08:12:22.614+0000] {subprocess.py:93} INFO - 	at org.apache.hadoop.fs.s3a.S3AFileSystem.s3GetFileStatus(S3AFileSystem.java:3832)
[2026-06-26T08:12:22.614+0000] {subprocess.py:93} INFO - 	... 26 more
[2026-06-26T08:12:22.614+0000] {subprocess.py:93} INFO - Caused by: java.net.UnknownHostException: minio: Temporary failure in name resolution
[2026-06-26T08:12:22.615+0000] {subprocess.py:93} INFO - 	at java.base/java.net.Inet6AddressImpl.lookupAllHostAddr(Native Method)
[2026-06-26T08:12:22.615+0000] {subprocess.py:93} INFO - 	at java.base/java.net.InetAddress$PlatformNameService.lookupAllHostAddr(InetAddress.java:930)
[2026-06-26T08:12:22.615+0000] {subprocess.py:93} INFO - 	at java.base/java.net.InetAddress.getAddressesFromNameService(InetAddress.java:1543)
[2026-06-26T08:12:22.615+0000] {subprocess.py:93} INFO - 	at java.base/java.net.InetAddress$NameServiceAddresses.get(InetAddress.java:848)
[2026-06-26T08:12:22.615+0000] {subprocess.py:93} INFO - 	at java.base/java.net.InetAddress.getAllByName0(InetAddress.java:1533)
[2026-06-26T08:12:22.615+0000] {subprocess.py:93} INFO - 	at java.base/java.net.InetAddress.getAllByName(InetAddress.java:1386)
[2026-06-26T08:12:22.615+0000] {subprocess.py:93} INFO - 	at java.base/java.net.InetAddress.getAllByName(InetAddress.java:1307)
[2026-06-26T08:12:22.615+0000] {subprocess.py:93} INFO - 	at com.amazonaws.SystemDefaultDnsResolver.resolve(SystemDefaultDnsResolver.java:27)
[2026-06-26T08:12:22.615+0000] {subprocess.py:93} INFO - 	at com.amazonaws.http.DelegatingDnsResolver.resolve(DelegatingDnsResolver.java:38)
[2026-06-26T08:12:22.615+0000] {subprocess.py:93} INFO - 	at com.amazonaws.thirdparty.apache.http.impl.conn.DefaultHttpClientConnectionOperator.connect(DefaultHttpClientConnectionOperator.java:112)
[2026-06-26T08:12:22.615+0000] {subprocess.py:93} INFO - 	at com.amazonaws.thirdparty.apache.http.impl.conn.PoolingHttpClientConnectionManager.connect(PoolingHttpClientConnectionManager.java:376)
[2026-06-26T08:12:22.615+0000] {subprocess.py:93} INFO - 	at jdk.internal.reflect.GeneratedMethodAccessor21.invoke(Unknown Source)
[2026-06-26T08:12:22.615+0000] {subprocess.py:93} INFO - 	at java.base/jdk.internal.reflect.DelegatingMethodAccessorImpl.invoke(DelegatingMethodAccessorImpl.java:43)
[2026-06-26T08:12:22.615+0000] {subprocess.py:93} INFO - 	at java.base/java.lang.reflect.Method.invoke(Method.java:566)
[2026-06-26T08:12:22.615+0000] {subprocess.py:93} INFO - 	at com.amazonaws.http.conn.ClientConnectionManagerFactory$Handler.invoke(ClientConnectionManagerFactory.java:76)
[2026-06-26T08:12:22.615+0000] {subprocess.py:93} INFO - 	at com.amazonaws.http.conn.$Proxy33.connect(Unknown Source)
[2026-06-26T08:12:22.616+0000] {subprocess.py:93} INFO - 	at com.amazonaws.thirdparty.apache.http.impl.execchain.MainClientExec.establishRoute(MainClientExec.java:393)
[2026-06-26T08:12:22.616+0000] {subprocess.py:93} INFO - 	at com.amazonaws.thirdparty.apache.http.impl.execchain.MainClientExec.execute(MainClientExec.java:236)
[2026-06-26T08:12:22.616+0000] {subprocess.py:93} INFO - 	at com.amazonaws.thirdparty.apache.http.impl.execchain.ProtocolExec.execute(ProtocolExec.java:186)
[2026-06-26T08:12:22.616+0000] {subprocess.py:93} INFO - 	at com.amazonaws.thirdparty.apache.http.impl.client.InternalHttpClient.doExecute(InternalHttpClient.java:185)
[2026-06-26T08:12:22.616+0000] {subprocess.py:93} INFO - 	at com.amazonaws.thirdparty.apache.http.impl.client.CloseableHttpClient.execute(CloseableHttpClient.java:83)
[2026-06-26T08:12:22.616+0000] {subprocess.py:93} INFO - 	at com.amazonaws.thirdparty.apache.http.impl.client.CloseableHttpClient.execute(CloseableHttpClient.java:56)
[2026-06-26T08:12:22.616+0000] {subprocess.py:93} INFO - 	at com.amazonaws.http.apache.client.impl.SdkHttpClient.execute(SdkHttpClient.java:72)
[2026-06-26T08:12:22.616+0000] {subprocess.py:93} INFO - 	at com.amazonaws.http.AmazonHttpClient$RequestExecutor.executeOneRequest(AmazonHttpClient.java:1346)
[2026-06-26T08:12:22.617+0000] {subprocess.py:93} INFO - 	at com.amazonaws.http.AmazonHttpClient$RequestExecutor.executeHelper(AmazonHttpClient.java:1157)
[2026-06-26T08:12:22.617+0000] {subprocess.py:93} INFO - 	... 43 more
[2026-06-26T08:13:04.961+0000] {local_task_job_runner.py:115} ERROR - Received SIGTERM. Terminating subprocesses
[2026-06-26T08:13:04.963+0000] {process_utils.py:131} INFO - Sending Signals.SIGTERM to group 2567. PIDs of all processes in the group: [2568, 2577, 2581, 2567]
[2026-06-26T08:13:04.963+0000] {process_utils.py:86} INFO - Sending the signal Signals.SIGTERM to group 2567
[2026-06-26T08:13:04.966+0000] {taskinstance.py:1632} ERROR - Received SIGTERM. Terminating subprocesses.
[2026-06-26T08:13:04.966+0000] {subprocess.py:104} INFO - Sending SIGTERM signal to process group
[2026-06-26T08:13:05.079+0000] {process_utils.py:79} INFO - Process psutil.Process(pid=2577, status='terminated', started='07:59:16') (2577) terminated with exit code None
[2026-06-26T08:13:05.152+0000] {taskinstance.py:1937} ERROR - Task failed with exception
Traceback (most recent call last):
  File "/home/airflow/.local/lib/python3.10/site-packages/airflow/operators/bash.py", line 201, in execute
    result = self.subprocess_hook.run_command(
  File "/home/airflow/.local/lib/python3.10/site-packages/airflow/hooks/subprocess.py", line 91, in run_command
    for raw_line in iter(self.sub_process.stdout.readline, b""):
  File "/home/airflow/.local/lib/python3.10/site-packages/airflow/models/taskinstance.py", line 1634, in signal_handler
    raise AirflowException("Task received SIGTERM signal")
airflow.exceptions.AirflowException: Task received SIGTERM signal
[2026-06-26T08:13:05.183+0000] {taskinstance.py:1400} INFO - Marking task as UP_FOR_RETRY. dag_id=spark_batch_clean_pipeline, task_id=run_pyspark_batch, execution_date=20260626T073304, start_date=20260626T075911, end_date=20260626T081305
[2026-06-26T08:13:05.296+0000] {standard_task_runner.py:104} ERROR - Failed to execute job 17 for task run_pyspark_batch (Task received SIGTERM signal; 2567)
[2026-06-26T08:13:05.609+0000] {process_utils.py:79} INFO - Process psutil.Process(pid=2568, status='terminated', started='07:59:10') (2568) terminated with exit code None
[2026-06-26T08:13:05.609+0000] {process_utils.py:79} INFO - Process psutil.Process(pid=2567, status='terminated', exitcode=1, started='07:59:10') (2567) terminated with exit code 1
[2026-06-26T08:13:06.463+0000] {process_utils.py:79} INFO - Process psutil.Process(pid=2581, status='terminated', started='07:59:16') (2581) terminated with exit code None
[2026-06-26T08:13:06.464+0000] {local_task_job_runner.py:228} INFO - Task exited with return code 143
[2026-06-26T08:13:06.491+0000] {taskinstance.py:2778} INFO - 0 downstream tasks scheduled from follow-on schedule check
