[2026-06-26T08:13:09.290+0000] {taskinstance.py:1149} INFO - Dependencies not met for <TaskInstance: spark_batch_clean_pipeline.run_pyspark_batch manual__2026-06-26T07:33:04.720842+00:00 [up_for_retry]>, dependency 'Not In Retry Period' FAILED: Task is not ready for retry yet but will be retried automatically. Current date is 2026-06-26T08:13:09.290246+00:00 and task will be retried at 2026-06-26T08:16:05.175352+00:00.
[2026-06-26T08:13:09.364+0000] {local_task_job_runner.py:154} INFO - Task is not able to be run
[2026-06-26T08:58:51.911+0000] {taskinstance.py:1159} INFO - Dependencies all met for dep_context=non-requeueable deps ti=<TaskInstance: spark_batch_clean_pipeline.run_pyspark_batch manual__2026-06-26T07:33:04.720842+00:00 [queued]>
[2026-06-26T08:58:51.917+0000] {taskinstance.py:1159} INFO - Dependencies all met for dep_context=requeueable deps ti=<TaskInstance: spark_batch_clean_pipeline.run_pyspark_batch manual__2026-06-26T07:33:04.720842+00:00 [queued]>
[2026-06-26T08:58:51.918+0000] {taskinstance.py:1361} INFO - Starting attempt 6 of 6
[2026-06-26T08:58:51.929+0000] {taskinstance.py:1382} INFO - Executing <Task(BashOperator): run_pyspark_batch> on 2026-06-26 07:33:04.720842+00:00
[2026-06-26T08:58:51.936+0000] {standard_task_runner.py:84} INFO - Running: ['airflow', 'tasks', 'run', 'spark_batch_clean_pipeline', 'run_pyspark_batch', 'manual__2026-06-26T07:33:04.720842+00:00', '--job-id', '22', '--raw', '--subdir', 'DAGS_FOLDER/spark_batch_dag.py', '--cfg-path', '/tmp/tmpn7oe0nis']
[2026-06-26T08:58:51.934+0000] {standard_task_runner.py:57} INFO - Started process 506 to run task
[2026-06-26T08:58:51.937+0000] {standard_task_runner.py:85} INFO - Job 22: Subtask run_pyspark_batch
[2026-06-26T08:58:51.974+0000] {task_command.py:416} INFO - Running <TaskInstance: spark_batch_clean_pipeline.run_pyspark_batch manual__2026-06-26T07:33:04.720842+00:00 [running]> on host 68c80a16ea48
[2026-06-26T08:58:52.075+0000] {taskinstance.py:1662} INFO - Exporting env vars: AIRFLOW_CTX_DAG_OWNER='hsm_data_engineer' AIRFLOW_CTX_DAG_ID='spark_batch_clean_pipeline' AIRFLOW_CTX_TASK_ID='run_pyspark_batch' AIRFLOW_CTX_EXECUTION_DATE='2026-06-26T07:33:04.720842+00:00' AIRFLOW_CTX_TRY_NUMBER='6' AIRFLOW_CTX_DAG_RUN_ID='manual__2026-06-26T07:33:04.720842+00:00'
[2026-06-26T08:58:52.078+0000] {subprocess.py:63} INFO - Tmp dir root location: /tmp
[2026-06-26T08:58:52.080+0000] {subprocess.py:75} INFO - Running command: ['/bin/bash', '-c', '\n        python3 -m pip install --no-cache-dir pyspark==3.4.1 &&         SPARK_JARS_DIR=$(python3 -c "import pyspark, os; print(os.path.join(pyspark.__path__[0], \'jars\'))") &&         python3 -c "\nimport urllib.request, os\njars_dir = \'$SPARK_JARS_DIR\'\nhadoop_jar = os.path.join(jars_dir, \'hadoop-aws-3.3.4.jar\')\naws_jar = os.path.join(jars_dir, \'aws-java-sdk-bundle-1.12.262.jar\')\n\nif not os.path.exists(hadoop_jar):\n    print(\'Downloading hadoop-aws...\')\n    urllib.request.urlretrieve(\'https://repo1.maven.org/maven2/org/apache/hadoop/hadoop-aws/3.3.4/hadoop-aws-3.3.4.jar\', hadoop_jar)\n\nif not os.path.exists(aws_jar):\n    print(\'Downloading aws-java-sdk-bundle...\')\n    urllib.request.urlretrieve(\'https://repo1.maven.org/maven2/com/amazonaws/aws-java-sdk-bundle/1.12.262/aws-java-sdk-bundle-1.12.262.jar\', aws_jar)\n" &&         cd /opt/de-roadmap &&         python3 spark_batch_clean.py\n        ']
[2026-06-26T08:58:52.092+0000] {subprocess.py:86} INFO - Output:
[2026-06-26T08:58:53.364+0000] {subprocess.py:93} INFO - Requirement already satisfied: pyspark==3.4.1 in /usr/local/lib/python3.10/site-packages (3.4.1)
[2026-06-26T08:58:53.382+0000] {subprocess.py:93} INFO - Requirement already satisfied: py4j==0.10.9.7 in /usr/local/lib/python3.10/site-packages (from pyspark==3.4.1) (0.10.9.7)
[2026-06-26T08:58:58.983+0000] {subprocess.py:93} INFO - WARNING: Running pip as the 'root' user can result in broken permissions and conflicting behaviour with the system package manager. It is recommended to use a virtual environment instead: https://pip.pypa.io/warnings/venv
[2026-06-26T08:58:59.092+0000] {subprocess.py:93} INFO - 
[2026-06-26T08:58:59.092+0000] {subprocess.py:93} INFO - [notice] A new release of pip is available: 23.0.1 -> 26.1.2
[2026-06-26T08:58:59.092+0000] {subprocess.py:93} INFO - [notice] To update, run: pip3 install --upgrade pip
[2026-06-26T08:58:59.929+0000] {subprocess.py:93} INFO - /usr/local/lib/python3.10/site-packages/pyspark/bin/load-spark-env.sh: line 68: ps: command not found
[2026-06-26T08:59:03.504+0000] {subprocess.py:93} INFO - Warning: Ignoring non-Spark config property: fs.s3a.connection.ssl.enabled
[2026-06-26T08:59:04.339+0000] {subprocess.py:93} INFO - Setting default log level to "WARN".
[2026-06-26T08:59:04.339+0000] {subprocess.py:93} INFO - To adjust logging level use sc.setLogLevel(newLevel). For SparkR, use setLogLevel(newLevel).
[2026-06-26T08:59:04.792+0000] {subprocess.py:93} INFO - 26/06/26 08:59:04 WARN NativeCodeLoader: Unable to load native-hadoop library for your platform... using builtin-java classes where applicable
[2026-06-26T08:59:08.047+0000] {subprocess.py:93} INFO - 26/06/26 08:59:08 INFO SharedState: Setting hive.metastore.warehouse.dir ('null') to the value of spark.sql.warehouse.dir.
[2026-06-26T08:59:08.060+0000] {subprocess.py:93} INFO - 26/06/26 08:59:08 INFO SharedState: Warehouse path is 'file:/opt/de-roadmap/spark-warehouse'.
[2026-06-26T08:59:09.629+0000] {subprocess.py:93} INFO - 26/06/26 08:59:09 WARN MetricsConfig: Cannot locate configuration: tried hadoop-metrics2-s3a-file-system.properties,hadoop-metrics2.properties
[2026-06-26T08:59:09.655+0000] {subprocess.py:93} INFO - 26/06/26 08:59:09 INFO MetricsSystemImpl: Scheduled Metric snapshot period at 10 second(s).
[2026-06-26T08:59:09.655+0000] {subprocess.py:93} INFO - 26/06/26 08:59:09 INFO MetricsSystemImpl: s3a-file-system metrics system started
[2026-06-26T09:05:24.534+0000] {local_task_job_runner.py:294} WARNING - State of this instance has been externally set to None. Terminating instance.
[2026-06-26T09:05:24.535+0000] {process_utils.py:131} INFO - Sending Signals.SIGTERM to group 506. PIDs of all processes in the group: [507, 516, 520, 506]
[2026-06-26T09:05:24.535+0000] {process_utils.py:86} INFO - Sending the signal Signals.SIGTERM to group 506
[2026-06-26T09:05:24.536+0000] {taskinstance.py:1632} ERROR - Received SIGTERM. Terminating subprocesses.
[2026-06-26T09:05:24.536+0000] {subprocess.py:104} INFO - Sending SIGTERM signal to process group
[2026-06-26T09:05:24.552+0000] {taskinstance.py:1937} ERROR - Task failed with exception
Traceback (most recent call last):
  File "/home/airflow/.local/lib/python3.10/site-packages/airflow/operators/bash.py", line 201, in execute
    result = self.subprocess_hook.run_command(
  File "/home/airflow/.local/lib/python3.10/site-packages/airflow/hooks/subprocess.py", line 91, in run_command
    for raw_line in iter(self.sub_process.stdout.readline, b""):
  File "/home/airflow/.local/lib/python3.10/site-packages/airflow/models/taskinstance.py", line 1634, in signal_handler
    raise AirflowException("Task received SIGTERM signal")
airflow.exceptions.AirflowException: Task received SIGTERM signal
[2026-06-26T09:05:24.560+0000] {taskinstance.py:1400} INFO - Marking task as FAILED. dag_id=spark_batch_clean_pipeline, task_id=run_pyspark_batch, execution_date=20260626T073304, start_date=20260626T085851, end_date=20260626T090524
[2026-06-26T09:05:24.577+0000] {standard_task_runner.py:104} ERROR - Failed to execute job 22 for task run_pyspark_batch ((sqlite3.IntegrityError) FOREIGN KEY constraint failed
[SQL: INSERT INTO task_fail (task_id, dag_id, run_id, map_index, start_date, end_date, duration) VALUES (?, ?, ?, ?, ?, ?, ?)]
[parameters: ('run_pyspark_batch', 'spark_batch_clean_pipeline', 'manual__2026-06-26T07:33:04.720842+00:00', -1, '2026-06-26 08:58:51.912084', '2026-06-26 09:05:24.559203', 392)]
(Background on this error at: https://sqlalche.me/e/14/gkpj); 506)
[2026-06-26T09:05:24.632+0000] {process_utils.py:79} INFO - Process psutil.Process(pid=507, status='terminated', started='08:58:51') (507) terminated with exit code None
[2026-06-26T09:05:24.889+0000] {process_utils.py:79} INFO - Process psutil.Process(pid=506, status='terminated', exitcode=1, started='08:58:51') (506) terminated with exit code 1
[2026-06-26T09:05:24.889+0000] {process_utils.py:79} INFO - Process psutil.Process(pid=516, status='terminated', started='08:58:59') (516) terminated with exit code None
[2026-06-26T09:05:25.105+0000] {process_utils.py:79} INFO - Process psutil.Process(pid=520, status='terminated', started='08:58:59') (520) terminated with exit code None
