[2026-06-26T07:41:46.887+0000] {taskinstance.py:1159} INFO - Dependencies all met for dep_context=non-requeueable deps ti=<TaskInstance: spark_batch_clean_pipeline.run_pyspark_batch manual__2026-06-26T07:33:04.720842+00:00 [queued]>
[2026-06-26T07:41:46.893+0000] {taskinstance.py:1159} INFO - Dependencies all met for dep_context=requeueable deps ti=<TaskInstance: spark_batch_clean_pipeline.run_pyspark_batch manual__2026-06-26T07:33:04.720842+00:00 [queued]>
[2026-06-26T07:41:46.893+0000] {taskinstance.py:1361} INFO - Starting attempt 4 of 4
[2026-06-26T07:41:46.903+0000] {taskinstance.py:1382} INFO - Executing <Task(BashOperator): run_pyspark_batch> on 2026-06-26 07:33:04.720842+00:00
[2026-06-26T07:41:46.908+0000] {standard_task_runner.py:57} INFO - Started process 2394 to run task
[2026-06-26T07:41:46.911+0000] {standard_task_runner.py:84} INFO - Running: ['airflow', 'tasks', 'run', 'spark_batch_clean_pipeline', 'run_pyspark_batch', 'manual__2026-06-26T07:33:04.720842+00:00', '--job-id', '14', '--raw', '--subdir', 'DAGS_FOLDER/spark_batch_dag.py', '--cfg-path', '/tmp/tmpju8u0k44']
[2026-06-26T07:41:46.913+0000] {standard_task_runner.py:85} INFO - Job 14: Subtask run_pyspark_batch
[2026-06-26T07:41:46.943+0000] {task_command.py:416} INFO - Running <TaskInstance: spark_batch_clean_pipeline.run_pyspark_batch manual__2026-06-26T07:33:04.720842+00:00 [running]> on host 68c80a16ea48
[2026-06-26T07:41:46.991+0000] {taskinstance.py:1662} INFO - Exporting env vars: AIRFLOW_CTX_DAG_OWNER='hsm_data_engineer' AIRFLOW_CTX_DAG_ID='spark_batch_clean_pipeline' AIRFLOW_CTX_TASK_ID='run_pyspark_batch' AIRFLOW_CTX_EXECUTION_DATE='2026-06-26T07:33:04.720842+00:00' AIRFLOW_CTX_TRY_NUMBER='4' AIRFLOW_CTX_DAG_RUN_ID='manual__2026-06-26T07:33:04.720842+00:00'
[2026-06-26T07:41:46.992+0000] {subprocess.py:63} INFO - Tmp dir root location: /tmp
[2026-06-26T07:41:46.993+0000] {subprocess.py:75} INFO - Running command: ['/bin/bash', '-c', '\n        python3 -m pip install --no-cache-dir pyspark==3.4.1 &&         SPARK_JARS_DIR=$(python3 -c "import pyspark, os; print(os.path.join(pyspark.__path__[0], \'jars\'))") &&         if [ ! -f "$SPARK_JARS_DIR/hadoop-aws-3.3.4.jar" ]; then           wget -P "$SPARK_JARS_DIR" https://repo1.maven.org/maven2/org/apache/hadoop/hadoop-aws/3.3.4/hadoop-aws-3.3.4.jar &&           wget -P "$SPARK_JARS_DIR" https://repo1.maven.org/maven2/com/amazonaws/aws-java-sdk-bundle/1.12.262/aws-java-sdk-bundle-1.12.262.jar;         fi &&         cd /opt/de-roadmap &&         python3 spark_batch_clean.py\n        ']
[2026-06-26T07:41:47.003+0000] {subprocess.py:86} INFO - Output:
[2026-06-26T07:41:47.440+0000] {subprocess.py:93} INFO - Requirement already satisfied: pyspark==3.4.1 in /usr/local/lib/python3.10/site-packages (3.4.1)
[2026-06-26T07:41:47.453+0000] {subprocess.py:93} INFO - Requirement already satisfied: py4j==0.10.9.7 in /usr/local/lib/python3.10/site-packages (from pyspark==3.4.1) (0.10.9.7)
[2026-06-26T07:41:52.252+0000] {subprocess.py:93} INFO - WARNING: Running pip as the 'root' user can result in broken permissions and conflicting behaviour with the system package manager. It is recommended to use a virtual environment instead: https://pip.pypa.io/warnings/venv
[2026-06-26T07:41:52.352+0000] {subprocess.py:93} INFO - 
[2026-06-26T07:41:52.352+0000] {subprocess.py:93} INFO - [notice] A new release of pip is available: 23.0.1 -> 26.1.2
[2026-06-26T07:41:52.353+0000] {subprocess.py:93} INFO - [notice] To update, run: pip3 install --upgrade pip
[2026-06-26T07:41:52.891+0000] {subprocess.py:93} INFO - /bin/bash: line 2: wget: command not found
[2026-06-26T07:41:52.892+0000] {subprocess.py:97} INFO - Command exited with return code 127
[2026-06-26T07:41:52.901+0000] {taskinstance.py:1937} ERROR - Task failed with exception
Traceback (most recent call last):
  File "/home/airflow/.local/lib/python3.10/site-packages/airflow/operators/bash.py", line 210, in execute
    raise AirflowException(
airflow.exceptions.AirflowException: Bash command failed. The command returned a non-zero exit code 127.
[2026-06-26T07:41:52.905+0000] {taskinstance.py:1400} INFO - Marking task as FAILED. dag_id=spark_batch_clean_pipeline, task_id=run_pyspark_batch, execution_date=20260626T073304, start_date=20260626T074146, end_date=20260626T074152
[2026-06-26T07:41:52.921+0000] {standard_task_runner.py:104} ERROR - Failed to execute job 14 for task run_pyspark_batch (Bash command failed. The command returned a non-zero exit code 127.; 2394)
[2026-06-26T07:41:52.932+0000] {local_task_job_runner.py:228} INFO - Task exited with return code 1
[2026-06-26T07:41:52.944+0000] {taskinstance.py:2778} INFO - 0 downstream tasks scheduled from follow-on schedule check
