[2026-06-26T09:05:29.494+0000] {taskinstance.py:1159} INFO - Dependencies all met for dep_context=non-requeueable deps ti=<TaskInstance: spark_batch_clean_pipeline.run_pyspark_batch scheduled__2026-06-26T08:00:00+00:00 [queued]>
[2026-06-26T09:05:29.586+0000] {taskinstance.py:1159} INFO - Dependencies all met for dep_context=requeueable deps ti=<TaskInstance: spark_batch_clean_pipeline.run_pyspark_batch scheduled__2026-06-26T08:00:00+00:00 [queued]>
[2026-06-26T09:05:29.586+0000] {taskinstance.py:1361} INFO - Starting attempt 1 of 2
[2026-06-26T09:05:29.599+0000] {taskinstance.py:1382} INFO - Executing <Task(BashOperator): run_pyspark_batch> on 2026-06-26 08:00:00+00:00
[2026-06-26T09:05:29.604+0000] {standard_task_runner.py:57} INFO - Started process 661 to run task
[2026-06-26T09:05:29.607+0000] {standard_task_runner.py:84} INFO - Running: ['airflow', 'tasks', 'run', 'spark_batch_clean_pipeline', 'run_pyspark_batch', 'scheduled__2026-06-26T08:00:00+00:00', '--job-id', '24', '--raw', '--subdir', 'DAGS_FOLDER/spark_batch_dag.py', '--cfg-path', '/tmp/tmpva_dvr6o']
[2026-06-26T09:05:29.608+0000] {standard_task_runner.py:85} INFO - Job 24: Subtask run_pyspark_batch
[2026-06-26T09:05:29.650+0000] {task_command.py:416} INFO - Running <TaskInstance: spark_batch_clean_pipeline.run_pyspark_batch scheduled__2026-06-26T08:00:00+00:00 [running]> on host 68c80a16ea48
[2026-06-26T09:05:29.732+0000] {taskinstance.py:1662} INFO - Exporting env vars: AIRFLOW_CTX_DAG_OWNER='hsm_data_engineer' AIRFLOW_CTX_DAG_ID='spark_batch_clean_pipeline' AIRFLOW_CTX_TASK_ID='run_pyspark_batch' AIRFLOW_CTX_EXECUTION_DATE='2026-06-26T08:00:00+00:00' AIRFLOW_CTX_TRY_NUMBER='1' AIRFLOW_CTX_DAG_RUN_ID='scheduled__2026-06-26T08:00:00+00:00'
[2026-06-26T09:05:29.736+0000] {subprocess.py:63} INFO - Tmp dir root location: /tmp
[2026-06-26T09:05:29.737+0000] {subprocess.py:75} INFO - Running command: ['/bin/bash', '-c', '\n        python3 -m pip install --no-cache-dir pyspark==3.4.1 &&         SPARK_JARS_DIR=$(python3 -c "import pyspark, os; print(os.path.join(pyspark.__path__[0], \'jars\'))") &&         python3 -c "\nimport urllib.request, os\njars_dir = \'$SPARK_JARS_DIR\'\nhadoop_jar = os.path.join(jars_dir, \'hadoop-aws-3.3.4.jar\')\naws_jar = os.path.join(jars_dir, \'aws-java-sdk-bundle-1.12.262.jar\')\n\nif not os.path.exists(hadoop_jar):\n    print(\'Downloading hadoop-aws...\')\n    urllib.request.urlretrieve(\'https://repo1.maven.org/maven2/org/apache/hadoop/hadoop-aws/3.3.4/hadoop-aws-3.3.4.jar\', hadoop_jar)\n\nif not os.path.exists(aws_jar):\n    print(\'Downloading aws-java-sdk-bundle...\')\n    urllib.request.urlretrieve(\'https://repo1.maven.org/maven2/com/amazonaws/aws-java-sdk-bundle/1.12.262/aws-java-sdk-bundle-1.12.262.jar\', aws_jar)\n" &&         cd /opt/de-roadmap &&         python3 spark_batch_clean.py\n        ']
[2026-06-26T09:05:29.757+0000] {subprocess.py:86} INFO - Output:
[2026-06-26T09:05:30.492+0000] {subprocess.py:93} INFO - Requirement already satisfied: pyspark==3.4.1 in /usr/local/lib/python3.10/site-packages (3.4.1)
[2026-06-26T09:05:30.518+0000] {subprocess.py:93} INFO - Requirement already satisfied: py4j==0.10.9.7 in /usr/local/lib/python3.10/site-packages (from pyspark==3.4.1) (0.10.9.7)
[2026-06-26T09:05:36.461+0000] {subprocess.py:93} INFO - WARNING: Running pip as the 'root' user can result in broken permissions and conflicting behaviour with the system package manager. It is recommended to use a virtual environment instead: https://pip.pypa.io/warnings/venv
[2026-06-26T09:05:36.603+0000] {subprocess.py:93} INFO - 
[2026-06-26T09:05:36.603+0000] {subprocess.py:93} INFO - [notice] A new release of pip is available: 23.0.1 -> 26.1.2
[2026-06-26T09:05:36.603+0000] {subprocess.py:93} INFO - [notice] To update, run: pip3 install --upgrade pip
[2026-06-26T09:05:37.589+0000] {subprocess.py:93} INFO - /usr/local/lib/python3.10/site-packages/pyspark/bin/load-spark-env.sh: line 68: ps: command not found
[2026-06-26T09:05:40.489+0000] {subprocess.py:93} INFO - Warning: Ignoring non-Spark config property: fs.s3a.connection.ssl.enabled
[2026-06-26T09:05:41.077+0000] {subprocess.py:93} INFO - Setting default log level to "WARN".
[2026-06-26T09:05:41.077+0000] {subprocess.py:93} INFO - To adjust logging level use sc.setLogLevel(newLevel). For SparkR, use setLogLevel(newLevel).
[2026-06-26T09:05:41.375+0000] {subprocess.py:93} INFO - 26/06/26 09:05:41 WARN NativeCodeLoader: Unable to load native-hadoop library for your platform... using builtin-java classes where applicable
[2026-06-26T09:05:43.744+0000] {subprocess.py:93} INFO - 26/06/26 09:05:43 INFO SharedState: Setting hive.metastore.warehouse.dir ('null') to the value of spark.sql.warehouse.dir.
[2026-06-26T09:05:43.767+0000] {subprocess.py:93} INFO - 26/06/26 09:05:43 INFO SharedState: Warehouse path is 'file:/opt/de-roadmap/spark-warehouse'.
[2026-06-26T09:05:45.444+0000] {subprocess.py:93} INFO - 26/06/26 09:05:45 WARN MetricsConfig: Cannot locate configuration: tried hadoop-metrics2-s3a-file-system.properties,hadoop-metrics2.properties
[2026-06-26T09:05:45.472+0000] {subprocess.py:93} INFO - 26/06/26 09:05:45 INFO MetricsSystemImpl: Scheduled Metric snapshot period at 10 second(s).
[2026-06-26T09:05:45.473+0000] {subprocess.py:93} INFO - 26/06/26 09:05:45 INFO MetricsSystemImpl: s3a-file-system metrics system started
[2026-06-26T09:18:57.524+0000] {subprocess.py:93} INFO - 26/06/26 09:18:57 WARN FileStreamSink: Assume no metadata directory. Error while looking for metadata directory in the path: s3a://raw-data-lake/year=*/*/*/*/*.json.
[2026-06-26T09:18:57.524+0000] {subprocess.py:93} INFO - org.apache.hadoop.fs.s3a.AWSClientIOException: getFileStatus on s3a://raw-data-lake/year=*/*/*/*/*.json: com.amazonaws.SdkClientException: Unable to execute HTTP request: host.docker.internal: Name or service not known: Unable to execute HTTP request: host.docker.internal: Name or service not known
[2026-06-26T09:18:57.524+0000] {subprocess.py:93} INFO - 	at org.apache.hadoop.fs.s3a.S3AUtils.translateException(S3AUtils.java:214)
[2026-06-26T09:18:57.524+0000] {subprocess.py:93} INFO - 	at org.apache.hadoop.fs.s3a.S3AUtils.translateException(S3AUtils.java:175)
[2026-06-26T09:18:57.524+0000] {subprocess.py:93} INFO - 	at org.apache.hadoop.fs.s3a.S3AFileSystem.s3GetFileStatus(S3AFileSystem.java:3861)
[2026-06-26T09:18:57.524+0000] {subprocess.py:93} INFO - 	at org.apache.hadoop.fs.s3a.S3AFileSystem.innerGetFileStatus(S3AFileSystem.java:3688)
[2026-06-26T09:18:57.525+0000] {subprocess.py:93} INFO - 	at org.apache.hadoop.fs.s3a.S3AFileSystem.lambda$isDirectory$35(S3AFileSystem.java:4724)
[2026-06-26T09:18:57.525+0000] {subprocess.py:93} INFO - 	at org.apache.hadoop.fs.statistics.impl.IOStatisticsBinding.lambda$trackDurationOfOperation$5(IOStatisticsBinding.java:499)
[2026-06-26T09:18:57.525+0000] {subprocess.py:93} INFO - 	at org.apache.hadoop.fs.statistics.impl.IOStatisticsBinding.trackDuration(IOStatisticsBinding.java:444)
[2026-06-26T09:18:57.525+0000] {subprocess.py:93} INFO - 	at org.apache.hadoop.fs.s3a.S3AFileSystem.trackDurationAndSpan(S3AFileSystem.java:2337)
[2026-06-26T09:18:57.525+0000] {subprocess.py:93} INFO - 	at org.apache.hadoop.fs.s3a.S3AFileSystem.trackDurationAndSpan(S3AFileSystem.java:2356)
[2026-06-26T09:18:57.525+0000] {subprocess.py:93} INFO - 	at org.apache.hadoop.fs.s3a.S3AFileSystem.isDirectory(S3AFileSystem.java:4722)
[2026-06-26T09:18:57.525+0000] {subprocess.py:93} INFO - 	at org.apache.spark.sql.execution.streaming.FileStreamSink$.hasMetadata(FileStreamSink.scala:54)
[2026-06-26T09:18:57.525+0000] {subprocess.py:93} INFO - 	at org.apache.spark.sql.execution.datasources.DataSource.resolveRelation(DataSource.scala:366)
[2026-06-26T09:18:57.525+0000] {subprocess.py:93} INFO - 	at org.apache.spark.sql.DataFrameReader.loadV1Source(DataFrameReader.scala:229)
[2026-06-26T09:18:57.525+0000] {subprocess.py:93} INFO - 	at org.apache.spark.sql.DataFrameReader.$anonfun$load$2(DataFrameReader.scala:211)
[2026-06-26T09:18:57.525+0000] {subprocess.py:93} INFO - 	at scala.Option.getOrElse(Option.scala:189)
[2026-06-26T09:18:57.525+0000] {subprocess.py:93} INFO - 	at org.apache.spark.sql.DataFrameReader.load(DataFrameReader.scala:211)
[2026-06-26T09:18:57.525+0000] {subprocess.py:93} INFO - 	at org.apache.spark.sql.DataFrameReader.json(DataFrameReader.scala:362)
[2026-06-26T09:18:57.525+0000] {subprocess.py:93} INFO - 	at java.base/jdk.internal.reflect.NativeMethodAccessorImpl.invoke0(Native Method)
[2026-06-26T09:18:57.526+0000] {subprocess.py:93} INFO - 	at java.base/jdk.internal.reflect.NativeMethodAccessorImpl.invoke(NativeMethodAccessorImpl.java:62)
[2026-06-26T09:18:57.526+0000] {subprocess.py:93} INFO - 	at java.base/jdk.internal.reflect.DelegatingMethodAccessorImpl.invoke(DelegatingMethodAccessorImpl.java:43)
[2026-06-26T09:18:57.526+0000] {subprocess.py:93} INFO - 	at java.base/java.lang.reflect.Method.invoke(Method.java:566)
[2026-06-26T09:18:57.526+0000] {subprocess.py:93} INFO - 	at py4j.reflection.MethodInvoker.invoke(MethodInvoker.java:244)
[2026-06-26T09:18:57.526+0000] {subprocess.py:93} INFO - 	at py4j.reflection.ReflectionEngine.invoke(ReflectionEngine.java:374)
[2026-06-26T09:18:57.526+0000] {subprocess.py:93} INFO - 	at py4j.Gateway.invoke(Gateway.java:282)
[2026-06-26T09:18:57.526+0000] {subprocess.py:93} INFO - 	at py4j.commands.AbstractCommand.invokeMethod(AbstractCommand.java:132)
[2026-06-26T09:18:57.526+0000] {subprocess.py:93} INFO - 	at py4j.commands.CallCommand.execute(CallCommand.java:79)
[2026-06-26T09:18:57.526+0000] {subprocess.py:93} INFO - 	at py4j.ClientServerConnection.waitForCommands(ClientServerConnection.java:182)
[2026-06-26T09:18:57.526+0000] {subprocess.py:93} INFO - 	at py4j.ClientServerConnection.run(ClientServerConnection.java:106)
[2026-06-26T09:18:57.526+0000] {subprocess.py:93} INFO - 	at java.base/java.lang.Thread.run(Thread.java:829)
[2026-06-26T09:18:57.526+0000] {subprocess.py:93} INFO - Caused by: com.amazonaws.SdkClientException: Unable to execute HTTP request: host.docker.internal: Name or service not known
[2026-06-26T09:18:57.526+0000] {subprocess.py:93} INFO - 	at com.amazonaws.http.AmazonHttpClient$RequestExecutor.handleRetryableException(AmazonHttpClient.java:1219)
[2026-06-26T09:18:57.526+0000] {subprocess.py:93} INFO - 	at com.amazonaws.http.AmazonHttpClient$RequestExecutor.executeHelper(AmazonHttpClient.java:1165)
[2026-06-26T09:18:57.526+0000] {subprocess.py:93} INFO - 	at com.amazonaws.http.AmazonHttpClient$RequestExecutor.doExecute(AmazonHttpClient.java:814)
[2026-06-26T09:18:57.526+0000] {subprocess.py:93} INFO - 	at com.amazonaws.http.AmazonHttpClient$RequestExecutor.executeWithTimer(AmazonHttpClient.java:781)
[2026-06-26T09:18:57.527+0000] {subprocess.py:93} INFO - 	at com.amazonaws.http.AmazonHttpClient$RequestExecutor.execute(AmazonHttpClient.java:755)
[2026-06-26T09:18:57.527+0000] {subprocess.py:93} INFO - 	at com.amazonaws.http.AmazonHttpClient$RequestExecutor.access$500(AmazonHttpClient.java:715)
[2026-06-26T09:18:57.527+0000] {subprocess.py:93} INFO - 	at com.amazonaws.http.AmazonHttpClient$RequestExecutionBuilderImpl.execute(AmazonHttpClient.java:697)
[2026-06-26T09:18:57.527+0000] {subprocess.py:93} INFO - 	at com.amazonaws.http.AmazonHttpClient.execute(AmazonHttpClient.java:561)
[2026-06-26T09:18:57.527+0000] {subprocess.py:93} INFO - 	at com.amazonaws.http.AmazonHttpClient.execute(AmazonHttpClient.java:541)
[2026-06-26T09:18:57.527+0000] {subprocess.py:93} INFO - 	at com.amazonaws.services.s3.AmazonS3Client.invoke(AmazonS3Client.java:5456)
[2026-06-26T09:18:57.527+0000] {subprocess.py:93} INFO - 	at com.amazonaws.services.s3.AmazonS3Client.invoke(AmazonS3Client.java:5403)
[2026-06-26T09:18:57.527+0000] {subprocess.py:93} INFO - 	at com.amazonaws.services.s3.AmazonS3Client.invoke(AmazonS3Client.java:5397)
[2026-06-26T09:18:57.527+0000] {subprocess.py:93} INFO - 	at com.amazonaws.services.s3.AmazonS3Client.listObjectsV2(AmazonS3Client.java:971)
[2026-06-26T09:18:57.527+0000] {subprocess.py:93} INFO - 	at org.apache.hadoop.fs.s3a.S3AFileSystem.lambda$listObjects$11(S3AFileSystem.java:2595)
[2026-06-26T09:18:57.527+0000] {subprocess.py:93} INFO - 	at org.apache.hadoop.fs.statistics.impl.IOStatisticsBinding.lambda$trackDurationOfOperation$5(IOStatisticsBinding.java:499)
[2026-06-26T09:18:57.527+0000] {subprocess.py:93} INFO - 	at org.apache.hadoop.fs.s3a.Invoker.retryUntranslated(Invoker.java:414)
[2026-06-26T09:18:57.527+0000] {subprocess.py:93} INFO - 	at org.apache.hadoop.fs.s3a.Invoker.retryUntranslated(Invoker.java:377)
[2026-06-26T09:18:57.527+0000] {subprocess.py:93} INFO - 	at org.apache.hadoop.fs.s3a.S3AFileSystem.listObjects(S3AFileSystem.java:2586)
[2026-06-26T09:18:57.528+0000] {subprocess.py:93} INFO - 	at org.apache.hadoop.fs.s3a.S3AFileSystem.s3GetFileStatus(S3AFileSystem.java:3832)
[2026-06-26T09:18:57.528+0000] {subprocess.py:93} INFO - 	... 26 more
[2026-06-26T09:18:57.528+0000] {subprocess.py:93} INFO - Caused by: java.net.UnknownHostException: host.docker.internal: Name or service not known
[2026-06-26T09:18:57.528+0000] {subprocess.py:93} INFO - 	at java.base/java.net.Inet6AddressImpl.lookupAllHostAddr(Native Method)
[2026-06-26T09:18:57.528+0000] {subprocess.py:93} INFO - 	at java.base/java.net.InetAddress$PlatformNameService.lookupAllHostAddr(InetAddress.java:930)
[2026-06-26T09:18:57.528+0000] {subprocess.py:93} INFO - 	at java.base/java.net.InetAddress.getAddressesFromNameService(InetAddress.java:1543)
[2026-06-26T09:18:57.528+0000] {subprocess.py:93} INFO - 	at java.base/java.net.InetAddress$NameServiceAddresses.get(InetAddress.java:848)
[2026-06-26T09:18:57.528+0000] {subprocess.py:93} INFO - 	at java.base/java.net.InetAddress.getAllByName0(InetAddress.java:1533)
[2026-06-26T09:18:57.528+0000] {subprocess.py:93} INFO - 	at java.base/java.net.InetAddress.getAllByName(InetAddress.java:1386)
[2026-06-26T09:18:57.528+0000] {subprocess.py:93} INFO - 	at java.base/java.net.InetAddress.getAllByName(InetAddress.java:1307)
[2026-06-26T09:18:57.528+0000] {subprocess.py:93} INFO - 	at com.amazonaws.SystemDefaultDnsResolver.resolve(SystemDefaultDnsResolver.java:27)
[2026-06-26T09:18:57.528+0000] {subprocess.py:93} INFO - 	at com.amazonaws.http.DelegatingDnsResolver.resolve(DelegatingDnsResolver.java:38)
[2026-06-26T09:18:57.528+0000] {subprocess.py:93} INFO - 	at com.amazonaws.thirdparty.apache.http.impl.conn.DefaultHttpClientConnectionOperator.connect(DefaultHttpClientConnectionOperator.java:112)
[2026-06-26T09:18:57.529+0000] {subprocess.py:93} INFO - 	at com.amazonaws.thirdparty.apache.http.impl.conn.PoolingHttpClientConnectionManager.connect(PoolingHttpClientConnectionManager.java:376)
[2026-06-26T09:18:57.529+0000] {subprocess.py:93} INFO - 	at jdk.internal.reflect.GeneratedMethodAccessor20.invoke(Unknown Source)
[2026-06-26T09:18:57.529+0000] {subprocess.py:93} INFO - 	at java.base/jdk.internal.reflect.DelegatingMethodAccessorImpl.invoke(DelegatingMethodAccessorImpl.java:43)
[2026-06-26T09:18:57.529+0000] {subprocess.py:93} INFO - 	at java.base/java.lang.reflect.Method.invoke(Method.java:566)
[2026-06-26T09:18:57.529+0000] {subprocess.py:93} INFO - 	at com.amazonaws.http.conn.ClientConnectionManagerFactory$Handler.invoke(ClientConnectionManagerFactory.java:76)
[2026-06-26T09:18:57.529+0000] {subprocess.py:93} INFO - 	at com.amazonaws.http.conn.$Proxy33.connect(Unknown Source)
[2026-06-26T09:18:57.529+0000] {subprocess.py:93} INFO - 	at com.amazonaws.thirdparty.apache.http.impl.execchain.MainClientExec.establishRoute(MainClientExec.java:393)
[2026-06-26T09:18:57.529+0000] {subprocess.py:93} INFO - 	at com.amazonaws.thirdparty.apache.http.impl.execchain.MainClientExec.execute(MainClientExec.java:236)
[2026-06-26T09:18:57.529+0000] {subprocess.py:93} INFO - 	at com.amazonaws.thirdparty.apache.http.impl.execchain.ProtocolExec.execute(ProtocolExec.java:186)
[2026-06-26T09:18:57.529+0000] {subprocess.py:93} INFO - 	at com.amazonaws.thirdparty.apache.http.impl.client.InternalHttpClient.doExecute(InternalHttpClient.java:185)
[2026-06-26T09:18:57.529+0000] {subprocess.py:93} INFO - 	at com.amazonaws.thirdparty.apache.http.impl.client.CloseableHttpClient.execute(CloseableHttpClient.java:83)
[2026-06-26T09:18:57.529+0000] {subprocess.py:93} INFO - 	at com.amazonaws.thirdparty.apache.http.impl.client.CloseableHttpClient.execute(CloseableHttpClient.java:56)
[2026-06-26T09:18:57.529+0000] {subprocess.py:93} INFO - 	at com.amazonaws.http.apache.client.impl.SdkHttpClient.execute(SdkHttpClient.java:72)
[2026-06-26T09:18:57.530+0000] {subprocess.py:93} INFO - 	at com.amazonaws.http.AmazonHttpClient$RequestExecutor.executeOneRequest(AmazonHttpClient.java:1346)
[2026-06-26T09:18:57.530+0000] {subprocess.py:93} INFO - 	at com.amazonaws.http.AmazonHttpClient$RequestExecutor.executeHelper(AmazonHttpClient.java:1157)
[2026-06-26T09:18:57.530+0000] {subprocess.py:93} INFO - 	... 43 more
[2026-06-26T09:21:25.364+0000] {subprocess.py:93} INFO - 26/06/26 09:21:25 INFO SparkContext: SparkContext is stopping with exitCode 0.
[2026-06-26T09:21:25.376+0000] {subprocess.py:93} INFO - 26/06/26 09:21:25 INFO SparkUI: Stopped Spark web UI at http://68c80a16ea48:4040
[2026-06-26T09:21:25.393+0000] {subprocess.py:93} INFO - 26/06/26 09:21:25 INFO MapOutputTrackerMasterEndpoint: MapOutputTrackerMasterEndpoint stopped!
[2026-06-26T09:21:25.404+0000] {subprocess.py:93} INFO - 26/06/26 09:21:25 INFO MemoryStore: MemoryStore cleared
[2026-06-26T09:21:25.405+0000] {subprocess.py:93} INFO - 26/06/26 09:21:25 INFO BlockManager: BlockManager stopped
[2026-06-26T09:21:25.413+0000] {subprocess.py:93} INFO - 26/06/26 09:21:25 INFO BlockManagerMaster: BlockManagerMaster stopped
[2026-06-26T09:21:25.416+0000] {subprocess.py:93} INFO - 26/06/26 09:21:25 INFO OutputCommitCoordinator$OutputCommitCoordinatorEndpoint: OutputCommitCoordinator stopped!
[2026-06-26T09:21:25.422+0000] {subprocess.py:93} INFO - 26/06/26 09:21:25 INFO SparkContext: Successfully stopped SparkContext
[2026-06-26T09:21:25.822+0000] {subprocess.py:93} INFO - ⚡ [Internal Network] 컨테이너 전용 고속 백본망 라우팅 개시...
[2026-06-26T09:21:25.822+0000] {subprocess.py:93} INFO - 📥 데이터 레이크 로딩 중: s3a://raw-data-lake/year=*/*/*/*/*.json
[2026-06-26T09:21:25.822+0000] {subprocess.py:93} INFO - ❌ 스파크 배치 연산 중 에러 발생: An error occurred while calling o38.json.
[2026-06-26T09:21:25.822+0000] {subprocess.py:93} INFO - : org.apache.hadoop.fs.s3a.AWSClientIOException: listStatus on s3a://raw-data-lake/: com.amazonaws.SdkClientException: Unable to execute HTTP request: host.docker.internal: Name or service not known: Unable to execute HTTP request: host.docker.internal: Name or service not known
[2026-06-26T09:21:25.822+0000] {subprocess.py:93} INFO - 	at org.apache.hadoop.fs.s3a.S3AUtils.translateException(S3AUtils.java:214)
[2026-06-26T09:21:25.822+0000] {subprocess.py:93} INFO - 	at org.apache.hadoop.fs.s3a.Invoker.once(Invoker.java:119)
[2026-06-26T09:21:25.822+0000] {subprocess.py:93} INFO - 	at org.apache.hadoop.fs.s3a.S3AFileSystem.lambda$listStatus$21(S3AFileSystem.java:3263)
[2026-06-26T09:21:25.823+0000] {subprocess.py:93} INFO - 	at org.apache.hadoop.fs.statistics.impl.IOStatisticsBinding.lambda$trackDurationOfOperation$5(IOStatisticsBinding.java:499)
[2026-06-26T09:21:25.823+0000] {subprocess.py:93} INFO - 	at org.apache.hadoop.fs.statistics.impl.IOStatisticsBinding.trackDuration(IOStatisticsBinding.java:444)
[2026-06-26T09:21:25.823+0000] {subprocess.py:93} INFO - 	at org.apache.hadoop.fs.s3a.S3AFileSystem.trackDurationAndSpan(S3AFileSystem.java:2337)
[2026-06-26T09:21:25.823+0000] {subprocess.py:93} INFO - 	at org.apache.hadoop.fs.s3a.S3AFileSystem.trackDurationAndSpan(S3AFileSystem.java:2356)
[2026-06-26T09:21:25.823+0000] {subprocess.py:93} INFO - 	at org.apache.hadoop.fs.s3a.S3AFileSystem.listStatus(S3AFileSystem.java:3262)
[2026-06-26T09:21:25.823+0000] {subprocess.py:93} INFO - 	at org.apache.hadoop.fs.Globber.listStatus(Globber.java:128)
[2026-06-26T09:21:25.823+0000] {subprocess.py:93} INFO - 	at org.apache.hadoop.fs.Globber.doGlob(Globber.java:291)
[2026-06-26T09:21:25.823+0000] {subprocess.py:93} INFO - 	at org.apache.hadoop.fs.Globber.glob(Globber.java:202)
[2026-06-26T09:21:25.823+0000] {subprocess.py:93} INFO - 	at org.apache.hadoop.fs.s3a.S3AFileSystem.lambda$globStatus$33(S3AFileSystem.java:4689)
[2026-06-26T09:21:25.823+0000] {subprocess.py:93} INFO - 	at org.apache.hadoop.fs.statistics.impl.IOStatisticsBinding.lambda$trackDurationOfOperation$5(IOStatisticsBinding.java:499)
[2026-06-26T09:21:25.823+0000] {subprocess.py:93} INFO - 	at org.apache.hadoop.fs.statistics.impl.IOStatisticsBinding.trackDuration(IOStatisticsBinding.java:444)
[2026-06-26T09:21:25.823+0000] {subprocess.py:93} INFO - 	at org.apache.hadoop.fs.s3a.S3AFileSystem.trackDurationAndSpan(S3AFileSystem.java:2337)
[2026-06-26T09:21:25.823+0000] {subprocess.py:93} INFO - 	at org.apache.hadoop.fs.s3a.S3AFileSystem.trackDurationAndSpan(S3AFileSystem.java:2356)
[2026-06-26T09:21:25.823+0000] {subprocess.py:93} INFO - 	at org.apache.hadoop.fs.s3a.S3AFileSystem.globStatus(S3AFileSystem.java:4682)
[2026-06-26T09:21:25.824+0000] {subprocess.py:93} INFO - 	at org.apache.hadoop.fs.s3a.S3AFileSystem.globStatus(S3AFileSystem.java:4663)
[2026-06-26T09:21:25.824+0000] {subprocess.py:93} INFO - 	at org.apache.spark.deploy.SparkHadoopUtil.globPath(SparkHadoopUtil.scala:254)
[2026-06-26T09:21:25.824+0000] {subprocess.py:93} INFO - 	at org.apache.spark.sql.execution.datasources.DataSource$.$anonfun$checkAndGlobPathIfNecessary$3(DataSource.scala:737)
[2026-06-26T09:21:25.824+0000] {subprocess.py:93} INFO - 	at org.apache.spark.util.ThreadUtils$.$anonfun$parmap$2(ThreadUtils.scala:393)
[2026-06-26T09:21:25.824+0000] {subprocess.py:93} INFO - 	at scala.concurrent.Future$.$anonfun$apply$1(Future.scala:659)
[2026-06-26T09:21:25.824+0000] {subprocess.py:93} INFO - 	at scala.util.Success.$anonfun$map$1(Try.scala:255)
[2026-06-26T09:21:25.824+0000] {subprocess.py:93} INFO - 	at scala.util.Success.map(Try.scala:213)
[2026-06-26T09:21:25.824+0000] {subprocess.py:93} INFO - 	at scala.concurrent.Future.$anonfun$map$1(Future.scala:292)
[2026-06-26T09:21:25.824+0000] {subprocess.py:93} INFO - 	at scala.concurrent.impl.Promise.liftedTree1$1(Promise.scala:33)
[2026-06-26T09:21:25.824+0000] {subprocess.py:93} INFO - 	at scala.concurrent.impl.Promise.$anonfun$transform$1(Promise.scala:33)
[2026-06-26T09:21:25.824+0000] {subprocess.py:93} INFO - 	at scala.concurrent.impl.CallbackRunnable.run(Promise.scala:64)
[2026-06-26T09:21:25.824+0000] {subprocess.py:93} INFO - 	at java.base/java.util.concurrent.ForkJoinTask$RunnableExecuteAction.exec(ForkJoinTask.java:1426)
[2026-06-26T09:21:25.824+0000] {subprocess.py:93} INFO - 	at java.base/java.util.concurrent.ForkJoinTask.doExec(ForkJoinTask.java:290)
[2026-06-26T09:21:25.824+0000] {subprocess.py:93} INFO - 	at java.base/java.util.concurrent.ForkJoinPool$WorkQueue.topLevelExec(ForkJoinPool.java:1020)
[2026-06-26T09:21:25.824+0000] {subprocess.py:93} INFO - 	at java.base/java.util.concurrent.ForkJoinPool.scan(ForkJoinPool.java:1656)
[2026-06-26T09:21:25.824+0000] {subprocess.py:93} INFO - 	at java.base/java.util.concurrent.ForkJoinPool.runWorker(ForkJoinPool.java:1594)
[2026-06-26T09:21:25.825+0000] {subprocess.py:93} INFO - 	at java.base/java.util.concurrent.ForkJoinWorkerThread.run(ForkJoinWorkerThread.java:183)
[2026-06-26T09:21:25.825+0000] {subprocess.py:93} INFO - Caused by: com.amazonaws.SdkClientException: Unable to execute HTTP request: host.docker.internal: Name or service not known
[2026-06-26T09:21:25.825+0000] {subprocess.py:93} INFO - 	at com.amazonaws.http.AmazonHttpClient$RequestExecutor.handleRetryableException(AmazonHttpClient.java:1219)
[2026-06-26T09:21:25.825+0000] {subprocess.py:93} INFO - 	at com.amazonaws.http.AmazonHttpClient$RequestExecutor.executeHelper(AmazonHttpClient.java:1165)
[2026-06-26T09:21:25.825+0000] {subprocess.py:93} INFO - 	at com.amazonaws.http.AmazonHttpClient$RequestExecutor.doExecute(AmazonHttpClient.java:814)
[2026-06-26T09:21:25.825+0000] {subprocess.py:93} INFO - 	at com.amazonaws.http.AmazonHttpClient$RequestExecutor.executeWithTimer(AmazonHttpClient.java:781)
[2026-06-26T09:21:25.825+0000] {subprocess.py:93} INFO - 	at com.amazonaws.http.AmazonHttpClient$RequestExecutor.execute(AmazonHttpClient.java:755)
[2026-06-26T09:21:25.825+0000] {subprocess.py:93} INFO - 	at com.amazonaws.http.AmazonHttpClient$RequestExecutor.access$500(AmazonHttpClient.java:715)
[2026-06-26T09:21:25.826+0000] {subprocess.py:93} INFO - 	at com.amazonaws.http.AmazonHttpClient$RequestExecutionBuilderImpl.execute(AmazonHttpClient.java:697)
[2026-06-26T09:21:25.826+0000] {subprocess.py:93} INFO - 	at com.amazonaws.http.AmazonHttpClient.execute(AmazonHttpClient.java:561)
[2026-06-26T09:21:25.826+0000] {subprocess.py:93} INFO - 	at com.amazonaws.http.AmazonHttpClient.execute(AmazonHttpClient.java:541)
[2026-06-26T09:21:25.826+0000] {subprocess.py:93} INFO - 	at com.amazonaws.services.s3.AmazonS3Client.invoke(AmazonS3Client.java:5456)
[2026-06-26T09:21:25.826+0000] {subprocess.py:93} INFO - 	at com.amazonaws.services.s3.AmazonS3Client.invoke(AmazonS3Client.java:5403)
[2026-06-26T09:21:25.826+0000] {subprocess.py:93} INFO - 	at com.amazonaws.services.s3.AmazonS3Client.invoke(AmazonS3Client.java:5397)
[2026-06-26T09:21:25.826+0000] {subprocess.py:93} INFO - 	at com.amazonaws.services.s3.AmazonS3Client.listObjectsV2(AmazonS3Client.java:971)
[2026-06-26T09:21:25.826+0000] {subprocess.py:93} INFO - 	at org.apache.hadoop.fs.s3a.S3AFileSystem.lambda$listObjects$11(S3AFileSystem.java:2595)
[2026-06-26T09:21:25.826+0000] {subprocess.py:93} INFO - 	at org.apache.hadoop.fs.statistics.impl.IOStatisticsBinding.lambda$trackDurationOfOperation$5(IOStatisticsBinding.java:499)
[2026-06-26T09:21:25.827+0000] {subprocess.py:93} INFO - 	at org.apache.hadoop.fs.s3a.Invoker.retryUntranslated(Invoker.java:414)
[2026-06-26T09:21:25.827+0000] {subprocess.py:93} INFO - 	at org.apache.hadoop.fs.s3a.Invoker.retryUntranslated(Invoker.java:377)
[2026-06-26T09:21:25.827+0000] {subprocess.py:93} INFO - 	at org.apache.hadoop.fs.s3a.S3AFileSystem.listObjects(S3AFileSystem.java:2586)
[2026-06-26T09:21:25.827+0000] {subprocess.py:93} INFO - 	at org.apache.hadoop.fs.s3a.S3AFileSystem$ListingOperationCallbacksImpl.lambda$listObjectsAsync$0(S3AFileSystem.java:2153)
[2026-06-26T09:21:25.827+0000] {subprocess.py:93} INFO - 	at org.apache.hadoop.fs.s3a.impl.CallableSupplier.get(CallableSupplier.java:87)
[2026-06-26T09:21:25.827+0000] {subprocess.py:93} INFO - 	at java.base/java.util.concurrent.CompletableFuture$AsyncSupply.run(CompletableFuture.java:1700)
[2026-06-26T09:21:25.827+0000] {subprocess.py:93} INFO - 	at java.base/java.util.concurrent.ThreadPoolExecutor.runWorker(ThreadPoolExecutor.java:1128)
[2026-06-26T09:21:25.827+0000] {subprocess.py:93} INFO - 	at java.base/java.util.concurrent.ThreadPoolExecutor$Worker.run(ThreadPoolExecutor.java:628)
[2026-06-26T09:21:25.827+0000] {subprocess.py:93} INFO - 	at java.base/java.lang.Thread.run(Thread.java:829)
[2026-06-26T09:21:25.827+0000] {subprocess.py:93} INFO - Caused by: java.net.UnknownHostException: host.docker.internal: Name or service not known
[2026-06-26T09:21:25.827+0000] {subprocess.py:93} INFO - 	at java.base/java.net.Inet6AddressImpl.lookupAllHostAddr(Native Method)
[2026-06-26T09:21:25.828+0000] {subprocess.py:93} INFO - 	at java.base/java.net.InetAddress$PlatformNameService.lookupAllHostAddr(InetAddress.java:930)
[2026-06-26T09:21:25.828+0000] {subprocess.py:93} INFO - 	at java.base/java.net.InetAddress.getAddressesFromNameService(InetAddress.java:1543)
[2026-06-26T09:21:25.828+0000] {subprocess.py:93} INFO - 	at java.base/java.net.InetAddress$NameServiceAddresses.get(InetAddress.java:848)
[2026-06-26T09:21:25.828+0000] {subprocess.py:93} INFO - 	at java.base/java.net.InetAddress.getAllByName0(InetAddress.java:1533)
[2026-06-26T09:21:25.828+0000] {subprocess.py:93} INFO - 	at java.base/java.net.InetAddress.getAllByName(InetAddress.java:1386)
[2026-06-26T09:21:25.828+0000] {subprocess.py:93} INFO - 	at java.base/java.net.InetAddress.getAllByName(InetAddress.java:1307)
[2026-06-26T09:21:25.828+0000] {subprocess.py:93} INFO - 	at com.amazonaws.SystemDefaultDnsResolver.resolve(SystemDefaultDnsResolver.java:27)
[2026-06-26T09:21:25.828+0000] {subprocess.py:93} INFO - 	at com.amazonaws.http.DelegatingDnsResolver.resolve(DelegatingDnsResolver.java:38)
[2026-06-26T09:21:25.828+0000] {subprocess.py:93} INFO - 	at com.amazonaws.thirdparty.apache.http.impl.conn.DefaultHttpClientConnectionOperator.connect(DefaultHttpClientConnectionOperator.java:112)
[2026-06-26T09:21:25.828+0000] {subprocess.py:93} INFO - 	at com.amazonaws.thirdparty.apache.http.impl.conn.PoolingHttpClientConnectionManager.connect(PoolingHttpClientConnectionManager.java:376)
[2026-06-26T09:21:25.828+0000] {subprocess.py:93} INFO - 	at jdk.internal.reflect.GeneratedMethodAccessor20.invoke(Unknown Source)
[2026-06-26T09:21:25.828+0000] {subprocess.py:93} INFO - 	at java.base/jdk.internal.reflect.DelegatingMethodAccessorImpl.invoke(DelegatingMethodAccessorImpl.java:43)
[2026-06-26T09:21:25.829+0000] {subprocess.py:93} INFO - 	at java.base/java.lang.reflect.Method.invoke(Method.java:566)
[2026-06-26T09:21:25.829+0000] {subprocess.py:93} INFO - 	at com.amazonaws.http.conn.ClientConnectionManagerFactory$Handler.invoke(ClientConnectionManagerFactory.java:76)
[2026-06-26T09:21:25.829+0000] {subprocess.py:93} INFO - 	at com.amazonaws.http.conn.$Proxy33.connect(Unknown Source)
[2026-06-26T09:21:25.829+0000] {subprocess.py:93} INFO - 	at com.amazonaws.thirdparty.apache.http.impl.execchain.MainClientExec.establishRoute(MainClientExec.java:393)
[2026-06-26T09:21:25.829+0000] {subprocess.py:93} INFO - 	at com.amazonaws.thirdparty.apache.http.impl.execchain.MainClientExec.execute(MainClientExec.java:236)
[2026-06-26T09:21:25.829+0000] {subprocess.py:93} INFO - 	at com.amazonaws.thirdparty.apache.http.impl.execchain.ProtocolExec.execute(ProtocolExec.java:186)
[2026-06-26T09:21:25.829+0000] {subprocess.py:93} INFO - 	at com.amazonaws.thirdparty.apache.http.impl.client.InternalHttpClient.doExecute(InternalHttpClient.java:185)
[2026-06-26T09:21:25.829+0000] {subprocess.py:93} INFO - 	at com.amazonaws.thirdparty.apache.http.impl.client.CloseableHttpClient.execute(CloseableHttpClient.java:83)
[2026-06-26T09:21:25.830+0000] {subprocess.py:93} INFO - 	at com.amazonaws.thirdparty.apache.http.impl.client.CloseableHttpClient.execute(CloseableHttpClient.java:56)
[2026-06-26T09:21:25.830+0000] {subprocess.py:93} INFO - 	at com.amazonaws.http.apache.client.impl.SdkHttpClient.execute(SdkHttpClient.java:72)
[2026-06-26T09:21:25.830+0000] {subprocess.py:93} INFO - 	at com.amazonaws.http.AmazonHttpClient$RequestExecutor.executeOneRequest(AmazonHttpClient.java:1346)
[2026-06-26T09:21:25.830+0000] {subprocess.py:93} INFO - 	at com.amazonaws.http.AmazonHttpClient$RequestExecutor.executeHelper(AmazonHttpClient.java:1157)
[2026-06-26T09:21:25.830+0000] {subprocess.py:93} INFO - 	... 22 more
[2026-06-26T09:21:25.830+0000] {subprocess.py:93} INFO - 
[2026-06-26T09:21:25.865+0000] {subprocess.py:93} INFO - 26/06/26 09:21:25 INFO ShutdownHookManager: Shutdown hook called
[2026-06-26T09:21:25.865+0000] {subprocess.py:93} INFO - 26/06/26 09:21:25 INFO ShutdownHookManager: Deleting directory /tmp/spark-349394dc-2dff-4fa5-a64a-32050a1904c1
[2026-06-26T09:21:25.870+0000] {subprocess.py:93} INFO - 26/06/26 09:21:25 INFO ShutdownHookManager: Deleting directory /tmp/spark-9115c04b-7e8a-44f0-95b2-5ebc7c51982f/pyspark-c9b8d63d-2a4f-441f-a7f0-caebde4b73a8
[2026-06-26T09:21:25.874+0000] {subprocess.py:93} INFO - 26/06/26 09:21:25 INFO ShutdownHookManager: Deleting directory /tmp/spark-9115c04b-7e8a-44f0-95b2-5ebc7c51982f
[2026-06-26T09:21:25.882+0000] {subprocess.py:93} INFO - 26/06/26 09:21:25 INFO MetricsSystemImpl: Stopping s3a-file-system metrics system...
[2026-06-26T09:21:25.883+0000] {subprocess.py:93} INFO - 26/06/26 09:21:25 INFO MetricsSystemImpl: s3a-file-system metrics system stopped.
[2026-06-26T09:21:25.883+0000] {subprocess.py:93} INFO - 26/06/26 09:21:25 INFO MetricsSystemImpl: s3a-file-system metrics system shutdown complete.
[2026-06-26T09:21:26.246+0000] {subprocess.py:97} INFO - Command exited with return code 0
[2026-06-26T09:21:26.263+0000] {taskinstance.py:1400} INFO - Marking task as SUCCESS. dag_id=spark_batch_clean_pipeline, task_id=run_pyspark_batch, execution_date=20260626T080000, start_date=20260626T090529, end_date=20260626T092126
[2026-06-26T09:21:26.284+0000] {local_task_job_runner.py:228} INFO - Task exited with return code 0
[2026-06-26T09:21:26.293+0000] {taskinstance.py:2778} INFO - 0 downstream tasks scheduled from follow-on schedule check
[2026-06-26T09:22:31.580+0000] {taskinstance.py:1159} INFO - Dependencies all met for dep_context=non-requeueable deps ti=<TaskInstance: spark_batch_clean_pipeline.run_pyspark_batch scheduled__2026-06-26T08:00:00+00:00 [queued]>
[2026-06-26T09:22:31.678+0000] {taskinstance.py:1159} INFO - Dependencies all met for dep_context=requeueable deps ti=<TaskInstance: spark_batch_clean_pipeline.run_pyspark_batch scheduled__2026-06-26T08:00:00+00:00 [queued]>
[2026-06-26T09:22:31.680+0000] {taskinstance.py:1361} INFO - Starting attempt 1 of 2
[2026-06-26T09:22:31.724+0000] {taskinstance.py:1382} INFO - Executing <Task(BashOperator): run_pyspark_batch> on 2026-06-26 08:00:00+00:00
[2026-06-26T09:22:31.730+0000] {standard_task_runner.py:57} INFO - Started process 817 to run task
[2026-06-26T09:22:31.735+0000] {standard_task_runner.py:84} INFO - Running: ['airflow', 'tasks', 'run', 'spark_batch_clean_pipeline', 'run_pyspark_batch', 'scheduled__2026-06-26T08:00:00+00:00', '--job-id', '26', '--raw', '--subdir', 'DAGS_FOLDER/spark_batch_dag.py', '--cfg-path', '/tmp/tmpok1x63ck']
[2026-06-26T09:22:31.736+0000] {standard_task_runner.py:85} INFO - Job 26: Subtask run_pyspark_batch
[2026-06-26T09:22:31.776+0000] {task_command.py:416} INFO - Running <TaskInstance: spark_batch_clean_pipeline.run_pyspark_batch scheduled__2026-06-26T08:00:00+00:00 [running]> on host 68c80a16ea48
[2026-06-26T09:22:31.820+0000] {taskinstance.py:1662} INFO - Exporting env vars: AIRFLOW_CTX_DAG_OWNER='hsm_data_engineer' AIRFLOW_CTX_DAG_ID='spark_batch_clean_pipeline' AIRFLOW_CTX_TASK_ID='run_pyspark_batch' AIRFLOW_CTX_EXECUTION_DATE='2026-06-26T08:00:00+00:00' AIRFLOW_CTX_TRY_NUMBER='1' AIRFLOW_CTX_DAG_RUN_ID='scheduled__2026-06-26T08:00:00+00:00'
[2026-06-26T09:22:31.820+0000] {subprocess.py:63} INFO - Tmp dir root location: /tmp
[2026-06-26T09:22:31.821+0000] {subprocess.py:75} INFO - Running command: ['/bin/bash', '-c', '\n        python3 -m pip install --no-cache-dir pyspark==3.4.1 &&         SPARK_JARS_DIR=$(python3 -c "import pyspark, os; print(os.path.join(pyspark.__path__[0], \'jars\'))") &&         python3 -c "\nimport urllib.request, os\njars_dir = \'$SPARK_JARS_DIR\'\nhadoop_jar = os.path.join(jars_dir, \'hadoop-aws-3.3.4.jar\')\naws_jar = os.path.join(jars_dir, \'aws-java-sdk-bundle-1.12.262.jar\')\n\nif not os.path.exists(hadoop_jar):\n    print(\'Downloading hadoop-aws...\')\n    urllib.request.urlretrieve(\'https://repo1.maven.org/maven2/org/apache/hadoop/hadoop-aws/3.3.4/hadoop-aws-3.3.4.jar\', hadoop_jar)\n\nif not os.path.exists(aws_jar):\n    print(\'Downloading aws-java-sdk-bundle...\')\n    urllib.request.urlretrieve(\'https://repo1.maven.org/maven2/com/amazonaws/aws-java-sdk-bundle/1.12.262/aws-java-sdk-bundle-1.12.262.jar\', aws_jar)\n" &&         cd /opt/de-roadmap &&         python3 spark_batch_clean.py\n        ']
[2026-06-26T09:22:31.830+0000] {subprocess.py:86} INFO - Output:
[2026-06-26T09:22:32.308+0000] {subprocess.py:93} INFO - Requirement already satisfied: pyspark==3.4.1 in /usr/local/lib/python3.10/site-packages (3.4.1)
[2026-06-26T09:22:32.324+0000] {subprocess.py:93} INFO - Requirement already satisfied: py4j==0.10.9.7 in /usr/local/lib/python3.10/site-packages (from pyspark==3.4.1) (0.10.9.7)
[2026-06-26T09:22:37.221+0000] {subprocess.py:93} INFO - WARNING: Running pip as the 'root' user can result in broken permissions and conflicting behaviour with the system package manager. It is recommended to use a virtual environment instead: https://pip.pypa.io/warnings/venv
[2026-06-26T09:22:37.361+0000] {subprocess.py:93} INFO - 
[2026-06-26T09:22:37.362+0000] {subprocess.py:93} INFO - [notice] A new release of pip is available: 23.0.1 -> 26.1.2
[2026-06-26T09:22:37.362+0000] {subprocess.py:93} INFO - [notice] To update, run: pip3 install --upgrade pip
[2026-06-26T09:22:38.409+0000] {subprocess.py:93} INFO - /usr/local/lib/python3.10/site-packages/pyspark/bin/load-spark-env.sh: line 68: ps: command not found
[2026-06-26T09:22:40.512+0000] {subprocess.py:93} INFO - Warning: Ignoring non-Spark config property: fs.s3a.connection.ssl.enabled
[2026-06-26T09:22:41.035+0000] {subprocess.py:93} INFO - Setting default log level to "WARN".
[2026-06-26T09:22:41.036+0000] {subprocess.py:93} INFO - To adjust logging level use sc.setLogLevel(newLevel). For SparkR, use setLogLevel(newLevel).
[2026-06-26T09:22:41.280+0000] {subprocess.py:93} INFO - 26/06/26 09:22:41 WARN NativeCodeLoader: Unable to load native-hadoop library for your platform... using builtin-java classes where applicable
[2026-06-26T09:22:42.904+0000] {subprocess.py:93} INFO - 26/06/26 09:22:42 INFO SharedState: Setting hive.metastore.warehouse.dir ('null') to the value of spark.sql.warehouse.dir.
[2026-06-26T09:22:42.912+0000] {subprocess.py:93} INFO - 26/06/26 09:22:42 INFO SharedState: Warehouse path is 'file:/opt/de-roadmap/spark-warehouse'.
[2026-06-26T09:22:43.805+0000] {subprocess.py:93} INFO - 26/06/26 09:22:43 WARN MetricsConfig: Cannot locate configuration: tried hadoop-metrics2-s3a-file-system.properties,hadoop-metrics2.properties
[2026-06-26T09:22:43.818+0000] {subprocess.py:93} INFO - 26/06/26 09:22:43 INFO MetricsSystemImpl: Scheduled Metric snapshot period at 10 second(s).
[2026-06-26T09:22:43.818+0000] {subprocess.py:93} INFO - 26/06/26 09:22:43 INFO MetricsSystemImpl: s3a-file-system metrics system started
[2026-06-26T09:36:11.522+0000] {subprocess.py:93} INFO - 26/06/26 09:36:11 WARN FileStreamSink: Assume no metadata directory. Error while looking for metadata directory in the path: s3a://raw-data-lake/year=*/*/*/*/*.json.
[2026-06-26T09:36:11.522+0000] {subprocess.py:93} INFO - org.apache.hadoop.fs.s3a.AWSClientIOException: getFileStatus on s3a://raw-data-lake/year=*/*/*/*/*.json: com.amazonaws.SdkClientException: Unable to execute HTTP request: host.docker.internal: Name or service not known: Unable to execute HTTP request: host.docker.internal: Name or service not known
[2026-06-26T09:36:11.522+0000] {subprocess.py:93} INFO - 	at org.apache.hadoop.fs.s3a.S3AUtils.translateException(S3AUtils.java:214)
[2026-06-26T09:36:11.523+0000] {subprocess.py:93} INFO - 	at org.apache.hadoop.fs.s3a.S3AUtils.translateException(S3AUtils.java:175)
[2026-06-26T09:36:11.523+0000] {subprocess.py:93} INFO - 	at org.apache.hadoop.fs.s3a.S3AFileSystem.s3GetFileStatus(S3AFileSystem.java:3861)
[2026-06-26T09:36:11.523+0000] {subprocess.py:93} INFO - 	at org.apache.hadoop.fs.s3a.S3AFileSystem.innerGetFileStatus(S3AFileSystem.java:3688)
[2026-06-26T09:36:11.523+0000] {subprocess.py:93} INFO - 	at org.apache.hadoop.fs.s3a.S3AFileSystem.lambda$isDirectory$35(S3AFileSystem.java:4724)
[2026-06-26T09:36:11.523+0000] {subprocess.py:93} INFO - 	at org.apache.hadoop.fs.statistics.impl.IOStatisticsBinding.lambda$trackDurationOfOperation$5(IOStatisticsBinding.java:499)
[2026-06-26T09:36:11.523+0000] {subprocess.py:93} INFO - 	at org.apache.hadoop.fs.statistics.impl.IOStatisticsBinding.trackDuration(IOStatisticsBinding.java:444)
[2026-06-26T09:36:11.523+0000] {subprocess.py:93} INFO - 	at org.apache.hadoop.fs.s3a.S3AFileSystem.trackDurationAndSpan(S3AFileSystem.java:2337)
[2026-06-26T09:36:11.523+0000] {subprocess.py:93} INFO - 	at org.apache.hadoop.fs.s3a.S3AFileSystem.trackDurationAndSpan(S3AFileSystem.java:2356)
[2026-06-26T09:36:11.523+0000] {subprocess.py:93} INFO - 	at org.apache.hadoop.fs.s3a.S3AFileSystem.isDirectory(S3AFileSystem.java:4722)
[2026-06-26T09:36:11.523+0000] {subprocess.py:93} INFO - 	at org.apache.spark.sql.execution.streaming.FileStreamSink$.hasMetadata(FileStreamSink.scala:54)
[2026-06-26T09:36:11.523+0000] {subprocess.py:93} INFO - 	at org.apache.spark.sql.execution.datasources.DataSource.resolveRelation(DataSource.scala:366)
[2026-06-26T09:36:11.523+0000] {subprocess.py:93} INFO - 	at org.apache.spark.sql.DataFrameReader.loadV1Source(DataFrameReader.scala:229)
[2026-06-26T09:36:11.524+0000] {subprocess.py:93} INFO - 	at org.apache.spark.sql.DataFrameReader.$anonfun$load$2(DataFrameReader.scala:211)
[2026-06-26T09:36:11.524+0000] {subprocess.py:93} INFO - 	at scala.Option.getOrElse(Option.scala:189)
[2026-06-26T09:36:11.524+0000] {subprocess.py:93} INFO - 	at org.apache.spark.sql.DataFrameReader.load(DataFrameReader.scala:211)
[2026-06-26T09:36:11.524+0000] {subprocess.py:93} INFO - 	at org.apache.spark.sql.DataFrameReader.json(DataFrameReader.scala:362)
[2026-06-26T09:36:11.524+0000] {subprocess.py:93} INFO - 	at java.base/jdk.internal.reflect.NativeMethodAccessorImpl.invoke0(Native Method)
[2026-06-26T09:36:11.524+0000] {subprocess.py:93} INFO - 	at java.base/jdk.internal.reflect.NativeMethodAccessorImpl.invoke(NativeMethodAccessorImpl.java:62)
[2026-06-26T09:36:11.524+0000] {subprocess.py:93} INFO - 	at java.base/jdk.internal.reflect.DelegatingMethodAccessorImpl.invoke(DelegatingMethodAccessorImpl.java:43)
[2026-06-26T09:36:11.524+0000] {subprocess.py:93} INFO - 	at java.base/java.lang.reflect.Method.invoke(Method.java:566)
[2026-06-26T09:36:11.524+0000] {subprocess.py:93} INFO - 	at py4j.reflection.MethodInvoker.invoke(MethodInvoker.java:244)
[2026-06-26T09:36:11.524+0000] {subprocess.py:93} INFO - 	at py4j.reflection.ReflectionEngine.invoke(ReflectionEngine.java:374)
[2026-06-26T09:36:11.524+0000] {subprocess.py:93} INFO - 	at py4j.Gateway.invoke(Gateway.java:282)
[2026-06-26T09:36:11.524+0000] {subprocess.py:93} INFO - 	at py4j.commands.AbstractCommand.invokeMethod(AbstractCommand.java:132)
[2026-06-26T09:36:11.525+0000] {subprocess.py:93} INFO - 	at py4j.commands.CallCommand.execute(CallCommand.java:79)
[2026-06-26T09:36:11.525+0000] {subprocess.py:93} INFO - 	at py4j.ClientServerConnection.waitForCommands(ClientServerConnection.java:182)
[2026-06-26T09:36:11.525+0000] {subprocess.py:93} INFO - 	at py4j.ClientServerConnection.run(ClientServerConnection.java:106)
[2026-06-26T09:36:11.525+0000] {subprocess.py:93} INFO - 	at java.base/java.lang.Thread.run(Thread.java:829)
[2026-06-26T09:36:11.525+0000] {subprocess.py:93} INFO - Caused by: com.amazonaws.SdkClientException: Unable to execute HTTP request: host.docker.internal: Name or service not known
[2026-06-26T09:36:11.525+0000] {subprocess.py:93} INFO - 	at com.amazonaws.http.AmazonHttpClient$RequestExecutor.handleRetryableException(AmazonHttpClient.java:1219)
[2026-06-26T09:36:11.525+0000] {subprocess.py:93} INFO - 	at com.amazonaws.http.AmazonHttpClient$RequestExecutor.executeHelper(AmazonHttpClient.java:1165)
[2026-06-26T09:36:11.525+0000] {subprocess.py:93} INFO - 	at com.amazonaws.http.AmazonHttpClient$RequestExecutor.doExecute(AmazonHttpClient.java:814)
[2026-06-26T09:36:11.525+0000] {subprocess.py:93} INFO - 	at com.amazonaws.http.AmazonHttpClient$RequestExecutor.executeWithTimer(AmazonHttpClient.java:781)
[2026-06-26T09:36:11.525+0000] {subprocess.py:93} INFO - 	at com.amazonaws.http.AmazonHttpClient$RequestExecutor.execute(AmazonHttpClient.java:755)
[2026-06-26T09:36:11.525+0000] {subprocess.py:93} INFO - 	at com.amazonaws.http.AmazonHttpClient$RequestExecutor.access$500(AmazonHttpClient.java:715)
[2026-06-26T09:36:11.525+0000] {subprocess.py:93} INFO - 	at com.amazonaws.http.AmazonHttpClient$RequestExecutionBuilderImpl.execute(AmazonHttpClient.java:697)
[2026-06-26T09:36:11.525+0000] {subprocess.py:93} INFO - 	at com.amazonaws.http.AmazonHttpClient.execute(AmazonHttpClient.java:561)
[2026-06-26T09:36:11.525+0000] {subprocess.py:93} INFO - 	at com.amazonaws.http.AmazonHttpClient.execute(AmazonHttpClient.java:541)
[2026-06-26T09:36:11.526+0000] {subprocess.py:93} INFO - 	at com.amazonaws.services.s3.AmazonS3Client.invoke(AmazonS3Client.java:5456)
[2026-06-26T09:36:11.526+0000] {subprocess.py:93} INFO - 	at com.amazonaws.services.s3.AmazonS3Client.invoke(AmazonS3Client.java:5403)
[2026-06-26T09:36:11.526+0000] {subprocess.py:93} INFO - 	at com.amazonaws.services.s3.AmazonS3Client.invoke(AmazonS3Client.java:5397)
[2026-06-26T09:36:11.526+0000] {subprocess.py:93} INFO - 	at com.amazonaws.services.s3.AmazonS3Client.listObjectsV2(AmazonS3Client.java:971)
[2026-06-26T09:36:11.526+0000] {subprocess.py:93} INFO - 	at org.apache.hadoop.fs.s3a.S3AFileSystem.lambda$listObjects$11(S3AFileSystem.java:2595)
[2026-06-26T09:36:11.526+0000] {subprocess.py:93} INFO - 	at org.apache.hadoop.fs.statistics.impl.IOStatisticsBinding.lambda$trackDurationOfOperation$5(IOStatisticsBinding.java:499)
[2026-06-26T09:36:11.526+0000] {subprocess.py:93} INFO - 	at org.apache.hadoop.fs.s3a.Invoker.retryUntranslated(Invoker.java:414)
[2026-06-26T09:36:11.526+0000] {subprocess.py:93} INFO - 	at org.apache.hadoop.fs.s3a.Invoker.retryUntranslated(Invoker.java:377)
[2026-06-26T09:36:11.526+0000] {subprocess.py:93} INFO - 	at org.apache.hadoop.fs.s3a.S3AFileSystem.listObjects(S3AFileSystem.java:2586)
[2026-06-26T09:36:11.526+0000] {subprocess.py:93} INFO - 	at org.apache.hadoop.fs.s3a.S3AFileSystem.s3GetFileStatus(S3AFileSystem.java:3832)
[2026-06-26T09:36:11.526+0000] {subprocess.py:93} INFO - 	... 26 more
[2026-06-26T09:36:11.526+0000] {subprocess.py:93} INFO - Caused by: java.net.UnknownHostException: host.docker.internal: Name or service not known
[2026-06-26T09:36:11.526+0000] {subprocess.py:93} INFO - 	at java.base/java.net.Inet6AddressImpl.lookupAllHostAddr(Native Method)
[2026-06-26T09:36:11.526+0000] {subprocess.py:93} INFO - 	at java.base/java.net.InetAddress$PlatformNameService.lookupAllHostAddr(InetAddress.java:930)
[2026-06-26T09:36:11.526+0000] {subprocess.py:93} INFO - 	at java.base/java.net.InetAddress.getAddressesFromNameService(InetAddress.java:1543)
[2026-06-26T09:36:11.526+0000] {subprocess.py:93} INFO - 	at java.base/java.net.InetAddress$NameServiceAddresses.get(InetAddress.java:848)
[2026-06-26T09:36:11.526+0000] {subprocess.py:93} INFO - 	at java.base/java.net.InetAddress.getAllByName0(InetAddress.java:1533)
[2026-06-26T09:36:11.526+0000] {subprocess.py:93} INFO - 	at java.base/java.net.InetAddress.getAllByName(InetAddress.java:1386)
[2026-06-26T09:36:11.526+0000] {subprocess.py:93} INFO - 	at java.base/java.net.InetAddress.getAllByName(InetAddress.java:1307)
[2026-06-26T09:36:11.527+0000] {subprocess.py:93} INFO - 	at com.amazonaws.SystemDefaultDnsResolver.resolve(SystemDefaultDnsResolver.java:27)
[2026-06-26T09:36:11.527+0000] {subprocess.py:93} INFO - 	at com.amazonaws.http.DelegatingDnsResolver.resolve(DelegatingDnsResolver.java:38)
[2026-06-26T09:36:11.527+0000] {subprocess.py:93} INFO - 	at com.amazonaws.thirdparty.apache.http.impl.conn.DefaultHttpClientConnectionOperator.connect(DefaultHttpClientConnectionOperator.java:112)
[2026-06-26T09:36:11.527+0000] {subprocess.py:93} INFO - 	at com.amazonaws.thirdparty.apache.http.impl.conn.PoolingHttpClientConnectionManager.connect(PoolingHttpClientConnectionManager.java:376)
[2026-06-26T09:36:11.527+0000] {subprocess.py:93} INFO - 	at jdk.internal.reflect.GeneratedMethodAccessor21.invoke(Unknown Source)
[2026-06-26T09:36:11.527+0000] {subprocess.py:93} INFO - 	at java.base/jdk.internal.reflect.DelegatingMethodAccessorImpl.invoke(DelegatingMethodAccessorImpl.java:43)
[2026-06-26T09:36:11.527+0000] {subprocess.py:93} INFO - 	at java.base/java.lang.reflect.Method.invoke(Method.java:566)
[2026-06-26T09:36:11.527+0000] {subprocess.py:93} INFO - 	at com.amazonaws.http.conn.ClientConnectionManagerFactory$Handler.invoke(ClientConnectionManagerFactory.java:76)
[2026-06-26T09:36:11.527+0000] {subprocess.py:93} INFO - 	at com.amazonaws.http.conn.$Proxy33.connect(Unknown Source)
[2026-06-26T09:36:11.527+0000] {subprocess.py:93} INFO - 	at com.amazonaws.thirdparty.apache.http.impl.execchain.MainClientExec.establishRoute(MainClientExec.java:393)
[2026-06-26T09:36:11.527+0000] {subprocess.py:93} INFO - 	at com.amazonaws.thirdparty.apache.http.impl.execchain.MainClientExec.execute(MainClientExec.java:236)
[2026-06-26T09:36:11.527+0000] {subprocess.py:93} INFO - 	at com.amazonaws.thirdparty.apache.http.impl.execchain.ProtocolExec.execute(ProtocolExec.java:186)
[2026-06-26T09:36:11.527+0000] {subprocess.py:93} INFO - 	at com.amazonaws.thirdparty.apache.http.impl.client.InternalHttpClient.doExecute(InternalHttpClient.java:185)
[2026-06-26T09:36:11.528+0000] {subprocess.py:93} INFO - 	at com.amazonaws.thirdparty.apache.http.impl.client.CloseableHttpClient.execute(CloseableHttpClient.java:83)
[2026-06-26T09:36:11.528+0000] {subprocess.py:93} INFO - 	at com.amazonaws.thirdparty.apache.http.impl.client.CloseableHttpClient.execute(CloseableHttpClient.java:56)
[2026-06-26T09:36:11.528+0000] {subprocess.py:93} INFO - 	at com.amazonaws.http.apache.client.impl.SdkHttpClient.execute(SdkHttpClient.java:72)
[2026-06-26T09:36:11.528+0000] {subprocess.py:93} INFO - 	at com.amazonaws.http.AmazonHttpClient$RequestExecutor.executeOneRequest(AmazonHttpClient.java:1346)
[2026-06-26T09:36:11.528+0000] {subprocess.py:93} INFO - 	at com.amazonaws.http.AmazonHttpClient$RequestExecutor.executeHelper(AmazonHttpClient.java:1157)
[2026-06-26T09:36:11.528+0000] {subprocess.py:93} INFO - 	... 43 more
[2026-06-26T09:37:36.814+0000] {subprocess.py:93} INFO - 26/06/26 09:37:36 INFO SparkContext: SparkContext is stopping with exitCode 0.
[2026-06-26T09:37:36.833+0000] {subprocess.py:93} INFO - 26/06/26 09:37:36 INFO SparkUI: Stopped Spark web UI at http://68c80a16ea48:4040
[2026-06-26T09:37:36.861+0000] {subprocess.py:93} INFO - 26/06/26 09:37:36 INFO MapOutputTrackerMasterEndpoint: MapOutputTrackerMasterEndpoint stopped!
[2026-06-26T09:37:36.902+0000] {subprocess.py:93} INFO - 26/06/26 09:37:36 INFO MemoryStore: MemoryStore cleared
[2026-06-26T09:37:36.902+0000] {subprocess.py:93} INFO - 26/06/26 09:37:36 INFO BlockManager: BlockManager stopped
[2026-06-26T09:37:36.918+0000] {subprocess.py:93} INFO - 26/06/26 09:37:36 INFO BlockManagerMaster: BlockManagerMaster stopped
[2026-06-26T09:37:36.923+0000] {subprocess.py:93} INFO - 26/06/26 09:37:36 INFO OutputCommitCoordinator$OutputCommitCoordinatorEndpoint: OutputCommitCoordinator stopped!
[2026-06-26T09:37:36.930+0000] {subprocess.py:93} INFO - 26/06/26 09:37:36 INFO SparkContext: Successfully stopped SparkContext
[2026-06-26T09:37:37.087+0000] {subprocess.py:93} INFO - ⚡ [Internal Network] 컨테이너 전용 고속 백본망 라우팅 개시...
[2026-06-26T09:37:37.087+0000] {subprocess.py:93} INFO - 📥 데이터 레이크 로딩 중: s3a://raw-data-lake/year=*/*/*/*/*.json
[2026-06-26T09:37:37.087+0000] {subprocess.py:93} INFO - ❌ 스파크 배치 연산 중 에러 발생: An error occurred while calling o38.json.
[2026-06-26T09:37:37.087+0000] {subprocess.py:93} INFO - : org.apache.hadoop.fs.s3a.AWSClientIOException: listStatus on s3a://raw-data-lake/: com.amazonaws.SdkClientException: Unable to execute HTTP request: host.docker.internal: Name or service not known: Unable to execute HTTP request: host.docker.internal: Name or service not known
[2026-06-26T09:37:37.087+0000] {subprocess.py:93} INFO - 	at org.apache.hadoop.fs.s3a.S3AUtils.translateException(S3AUtils.java:214)
[2026-06-26T09:37:37.087+0000] {subprocess.py:93} INFO - 	at org.apache.hadoop.fs.s3a.Invoker.once(Invoker.java:119)
[2026-06-26T09:37:37.087+0000] {subprocess.py:93} INFO - 	at org.apache.hadoop.fs.s3a.S3AFileSystem.lambda$listStatus$21(S3AFileSystem.java:3263)
[2026-06-26T09:37:37.087+0000] {subprocess.py:93} INFO - 	at org.apache.hadoop.fs.statistics.impl.IOStatisticsBinding.lambda$trackDurationOfOperation$5(IOStatisticsBinding.java:499)
[2026-06-26T09:37:37.088+0000] {subprocess.py:93} INFO - 	at org.apache.hadoop.fs.statistics.impl.IOStatisticsBinding.trackDuration(IOStatisticsBinding.java:444)
[2026-06-26T09:37:37.088+0000] {subprocess.py:93} INFO - 	at org.apache.hadoop.fs.s3a.S3AFileSystem.trackDurationAndSpan(S3AFileSystem.java:2337)
[2026-06-26T09:37:37.088+0000] {subprocess.py:93} INFO - 	at org.apache.hadoop.fs.s3a.S3AFileSystem.trackDurationAndSpan(S3AFileSystem.java:2356)
[2026-06-26T09:37:37.088+0000] {subprocess.py:93} INFO - 	at org.apache.hadoop.fs.s3a.S3AFileSystem.listStatus(S3AFileSystem.java:3262)
[2026-06-26T09:37:37.088+0000] {subprocess.py:93} INFO - 	at org.apache.hadoop.fs.Globber.listStatus(Globber.java:128)
[2026-06-26T09:37:37.088+0000] {subprocess.py:93} INFO - 	at org.apache.hadoop.fs.Globber.doGlob(Globber.java:291)
[2026-06-26T09:37:37.088+0000] {subprocess.py:93} INFO - 	at org.apache.hadoop.fs.Globber.glob(Globber.java:202)
[2026-06-26T09:37:37.088+0000] {subprocess.py:93} INFO - 	at org.apache.hadoop.fs.s3a.S3AFileSystem.lambda$globStatus$33(S3AFileSystem.java:4689)
[2026-06-26T09:37:37.088+0000] {subprocess.py:93} INFO - 	at org.apache.hadoop.fs.statistics.impl.IOStatisticsBinding.lambda$trackDurationOfOperation$5(IOStatisticsBinding.java:499)
[2026-06-26T09:37:37.088+0000] {subprocess.py:93} INFO - 	at org.apache.hadoop.fs.statistics.impl.IOStatisticsBinding.trackDuration(IOStatisticsBinding.java:444)
[2026-06-26T09:37:37.088+0000] {subprocess.py:93} INFO - 	at org.apache.hadoop.fs.s3a.S3AFileSystem.trackDurationAndSpan(S3AFileSystem.java:2337)
[2026-06-26T09:37:37.088+0000] {subprocess.py:93} INFO - 	at org.apache.hadoop.fs.s3a.S3AFileSystem.trackDurationAndSpan(S3AFileSystem.java:2356)
[2026-06-26T09:37:37.088+0000] {subprocess.py:93} INFO - 	at org.apache.hadoop.fs.s3a.S3AFileSystem.globStatus(S3AFileSystem.java:4682)
[2026-06-26T09:37:37.088+0000] {subprocess.py:93} INFO - 	at org.apache.hadoop.fs.s3a.S3AFileSystem.globStatus(S3AFileSystem.java:4663)
[2026-06-26T09:37:37.089+0000] {subprocess.py:93} INFO - 	at org.apache.spark.deploy.SparkHadoopUtil.globPath(SparkHadoopUtil.scala:254)
[2026-06-26T09:37:37.089+0000] {subprocess.py:93} INFO - 	at org.apache.spark.sql.execution.datasources.DataSource$.$anonfun$checkAndGlobPathIfNecessary$3(DataSource.scala:737)
[2026-06-26T09:37:37.089+0000] {subprocess.py:93} INFO - 	at org.apache.spark.util.ThreadUtils$.$anonfun$parmap$2(ThreadUtils.scala:393)
[2026-06-26T09:37:37.089+0000] {subprocess.py:93} INFO - 	at scala.concurrent.Future$.$anonfun$apply$1(Future.scala:659)
[2026-06-26T09:37:37.089+0000] {subprocess.py:93} INFO - 	at scala.util.Success.$anonfun$map$1(Try.scala:255)
[2026-06-26T09:37:37.089+0000] {subprocess.py:93} INFO - 	at scala.util.Success.map(Try.scala:213)
[2026-06-26T09:37:37.089+0000] {subprocess.py:93} INFO - 	at scala.concurrent.Future.$anonfun$map$1(Future.scala:292)
[2026-06-26T09:37:37.089+0000] {subprocess.py:93} INFO - 	at scala.concurrent.impl.Promise.liftedTree1$1(Promise.scala:33)
[2026-06-26T09:37:37.089+0000] {subprocess.py:93} INFO - 	at scala.concurrent.impl.Promise.$anonfun$transform$1(Promise.scala:33)
[2026-06-26T09:37:37.089+0000] {subprocess.py:93} INFO - 	at scala.concurrent.impl.CallbackRunnable.run(Promise.scala:64)
[2026-06-26T09:37:37.089+0000] {subprocess.py:93} INFO - 	at java.base/java.util.concurrent.ForkJoinTask$RunnableExecuteAction.exec(ForkJoinTask.java:1426)
[2026-06-26T09:37:37.090+0000] {subprocess.py:93} INFO - 	at java.base/java.util.concurrent.ForkJoinTask.doExec(ForkJoinTask.java:290)
[2026-06-26T09:37:37.090+0000] {subprocess.py:93} INFO - 	at java.base/java.util.concurrent.ForkJoinPool$WorkQueue.topLevelExec(ForkJoinPool.java:1020)
[2026-06-26T09:37:37.091+0000] {subprocess.py:93} INFO - 	at java.base/java.util.concurrent.ForkJoinPool.scan(ForkJoinPool.java:1656)
[2026-06-26T09:37:37.091+0000] {subprocess.py:93} INFO - 	at java.base/java.util.concurrent.ForkJoinPool.runWorker(ForkJoinPool.java:1594)
[2026-06-26T09:37:37.091+0000] {subprocess.py:93} INFO - 	at java.base/java.util.concurrent.ForkJoinWorkerThread.run(ForkJoinWorkerThread.java:183)
[2026-06-26T09:37:37.091+0000] {subprocess.py:93} INFO - Caused by: com.amazonaws.SdkClientException: Unable to execute HTTP request: host.docker.internal: Name or service not known
[2026-06-26T09:37:37.091+0000] {subprocess.py:93} INFO - 	at com.amazonaws.http.AmazonHttpClient$RequestExecutor.handleRetryableException(AmazonHttpClient.java:1219)
[2026-06-26T09:37:37.091+0000] {subprocess.py:93} INFO - 	at com.amazonaws.http.AmazonHttpClient$RequestExecutor.executeHelper(AmazonHttpClient.java:1165)
[2026-06-26T09:37:37.092+0000] {subprocess.py:93} INFO - 	at com.amazonaws.http.AmazonHttpClient$RequestExecutor.doExecute(AmazonHttpClient.java:814)
[2026-06-26T09:37:37.092+0000] {subprocess.py:93} INFO - 	at com.amazonaws.http.AmazonHttpClient$RequestExecutor.executeWithTimer(AmazonHttpClient.java:781)
[2026-06-26T09:37:37.092+0000] {subprocess.py:93} INFO - 	at com.amazonaws.http.AmazonHttpClient$RequestExecutor.execute(AmazonHttpClient.java:755)
[2026-06-26T09:37:37.092+0000] {subprocess.py:93} INFO - 	at com.amazonaws.http.AmazonHttpClient$RequestExecutor.access$500(AmazonHttpClient.java:715)
[2026-06-26T09:37:37.092+0000] {subprocess.py:93} INFO - 	at com.amazonaws.http.AmazonHttpClient$RequestExecutionBuilderImpl.execute(AmazonHttpClient.java:697)
[2026-06-26T09:37:37.092+0000] {subprocess.py:93} INFO - 	at com.amazonaws.http.AmazonHttpClient.execute(AmazonHttpClient.java:561)
[2026-06-26T09:37:37.092+0000] {subprocess.py:93} INFO - 	at com.amazonaws.http.AmazonHttpClient.execute(AmazonHttpClient.java:541)
[2026-06-26T09:37:37.092+0000] {subprocess.py:93} INFO - 	at com.amazonaws.services.s3.AmazonS3Client.invoke(AmazonS3Client.java:5456)
[2026-06-26T09:37:37.092+0000] {subprocess.py:93} INFO - 	at com.amazonaws.services.s3.AmazonS3Client.invoke(AmazonS3Client.java:5403)
[2026-06-26T09:37:37.092+0000] {subprocess.py:93} INFO - 	at com.amazonaws.services.s3.AmazonS3Client.invoke(AmazonS3Client.java:5397)
[2026-06-26T09:37:37.092+0000] {subprocess.py:93} INFO - 	at com.amazonaws.services.s3.AmazonS3Client.listObjectsV2(AmazonS3Client.java:971)
[2026-06-26T09:37:37.092+0000] {subprocess.py:93} INFO - 	at org.apache.hadoop.fs.s3a.S3AFileSystem.lambda$listObjects$11(S3AFileSystem.java:2595)
[2026-06-26T09:37:37.093+0000] {subprocess.py:93} INFO - 	at org.apache.hadoop.fs.statistics.impl.IOStatisticsBinding.lambda$trackDurationOfOperation$5(IOStatisticsBinding.java:499)
[2026-06-26T09:37:37.093+0000] {subprocess.py:93} INFO - 	at org.apache.hadoop.fs.s3a.Invoker.retryUntranslated(Invoker.java:414)
[2026-06-26T09:37:37.093+0000] {subprocess.py:93} INFO - 	at org.apache.hadoop.fs.s3a.Invoker.retryUntranslated(Invoker.java:377)
[2026-06-26T09:37:37.093+0000] {subprocess.py:93} INFO - 	at org.apache.hadoop.fs.s3a.S3AFileSystem.listObjects(S3AFileSystem.java:2586)
[2026-06-26T09:37:37.093+0000] {subprocess.py:93} INFO - 	at org.apache.hadoop.fs.s3a.S3AFileSystem$ListingOperationCallbacksImpl.lambda$listObjectsAsync$0(S3AFileSystem.java:2153)
[2026-06-26T09:37:37.093+0000] {subprocess.py:93} INFO - 	at org.apache.hadoop.fs.s3a.impl.CallableSupplier.get(CallableSupplier.java:87)
[2026-06-26T09:37:37.093+0000] {subprocess.py:93} INFO - 	at java.base/java.util.concurrent.CompletableFuture$AsyncSupply.run(CompletableFuture.java:1700)
[2026-06-26T09:37:37.093+0000] {subprocess.py:93} INFO - 	at java.base/java.util.concurrent.ThreadPoolExecutor.runWorker(ThreadPoolExecutor.java:1128)
[2026-06-26T09:37:37.093+0000] {subprocess.py:93} INFO - 	at java.base/java.util.concurrent.ThreadPoolExecutor$Worker.run(ThreadPoolExecutor.java:628)
[2026-06-26T09:37:37.093+0000] {subprocess.py:93} INFO - 	at java.base/java.lang.Thread.run(Thread.java:829)
[2026-06-26T09:37:37.093+0000] {subprocess.py:93} INFO - Caused by: java.net.UnknownHostException: host.docker.internal: Name or service not known
[2026-06-26T09:37:37.093+0000] {subprocess.py:93} INFO - 	at java.base/java.net.Inet6AddressImpl.lookupAllHostAddr(Native Method)
[2026-06-26T09:37:37.093+0000] {subprocess.py:93} INFO - 	at java.base/java.net.InetAddress$PlatformNameService.lookupAllHostAddr(InetAddress.java:930)
[2026-06-26T09:37:37.094+0000] {subprocess.py:93} INFO - 	at java.base/java.net.InetAddress.getAddressesFromNameService(InetAddress.java:1543)
[2026-06-26T09:37:37.094+0000] {subprocess.py:93} INFO - 	at java.base/java.net.InetAddress$NameServiceAddresses.get(InetAddress.java:848)
[2026-06-26T09:37:37.094+0000] {subprocess.py:93} INFO - 	at java.base/java.net.InetAddress.getAllByName0(InetAddress.java:1533)
[2026-06-26T09:37:37.094+0000] {subprocess.py:93} INFO - 	at java.base/java.net.InetAddress.getAllByName(InetAddress.java:1386)
[2026-06-26T09:37:37.094+0000] {subprocess.py:93} INFO - 	at java.base/java.net.InetAddress.getAllByName(InetAddress.java:1307)
[2026-06-26T09:37:37.094+0000] {subprocess.py:93} INFO - 	at com.amazonaws.SystemDefaultDnsResolver.resolve(SystemDefaultDnsResolver.java:27)
[2026-06-26T09:37:37.094+0000] {subprocess.py:93} INFO - 	at com.amazonaws.http.DelegatingDnsResolver.resolve(DelegatingDnsResolver.java:38)
[2026-06-26T09:37:37.094+0000] {subprocess.py:93} INFO - 	at com.amazonaws.thirdparty.apache.http.impl.conn.DefaultHttpClientConnectionOperator.connect(DefaultHttpClientConnectionOperator.java:112)
[2026-06-26T09:37:37.094+0000] {subprocess.py:93} INFO - 	at com.amazonaws.thirdparty.apache.http.impl.conn.PoolingHttpClientConnectionManager.connect(PoolingHttpClientConnectionManager.java:376)
[2026-06-26T09:37:37.094+0000] {subprocess.py:93} INFO - 	at jdk.internal.reflect.GeneratedMethodAccessor21.invoke(Unknown Source)
[2026-06-26T09:37:37.094+0000] {subprocess.py:93} INFO - 	at java.base/jdk.internal.reflect.DelegatingMethodAccessorImpl.invoke(DelegatingMethodAccessorImpl.java:43)
[2026-06-26T09:37:37.094+0000] {subprocess.py:93} INFO - 	at java.base/java.lang.reflect.Method.invoke(Method.java:566)
[2026-06-26T09:37:37.095+0000] {subprocess.py:93} INFO - 	at com.amazonaws.http.conn.ClientConnectionManagerFactory$Handler.invoke(ClientConnectionManagerFactory.java:76)
[2026-06-26T09:37:37.095+0000] {subprocess.py:93} INFO - 	at com.amazonaws.http.conn.$Proxy33.connect(Unknown Source)
[2026-06-26T09:37:37.095+0000] {subprocess.py:93} INFO - 	at com.amazonaws.thirdparty.apache.http.impl.execchain.MainClientExec.establishRoute(MainClientExec.java:393)
[2026-06-26T09:37:37.095+0000] {subprocess.py:93} INFO - 	at com.amazonaws.thirdparty.apache.http.impl.execchain.MainClientExec.execute(MainClientExec.java:236)
[2026-06-26T09:37:37.095+0000] {subprocess.py:93} INFO - 	at com.amazonaws.thirdparty.apache.http.impl.execchain.ProtocolExec.execute(ProtocolExec.java:186)
[2026-06-26T09:37:37.095+0000] {subprocess.py:93} INFO - 	at com.amazonaws.thirdparty.apache.http.impl.client.InternalHttpClient.doExecute(InternalHttpClient.java:185)
[2026-06-26T09:37:37.095+0000] {subprocess.py:93} INFO - 	at com.amazonaws.thirdparty.apache.http.impl.client.CloseableHttpClient.execute(CloseableHttpClient.java:83)
[2026-06-26T09:37:37.095+0000] {subprocess.py:93} INFO - 	at com.amazonaws.thirdparty.apache.http.impl.client.CloseableHttpClient.execute(CloseableHttpClient.java:56)
[2026-06-26T09:37:37.095+0000] {subprocess.py:93} INFO - 	at com.amazonaws.http.apache.client.impl.SdkHttpClient.execute(SdkHttpClient.java:72)
[2026-06-26T09:37:37.095+0000] {subprocess.py:93} INFO - 	at com.amazonaws.http.AmazonHttpClient$RequestExecutor.executeOneRequest(AmazonHttpClient.java:1346)
[2026-06-26T09:37:37.095+0000] {subprocess.py:93} INFO - 	at com.amazonaws.http.AmazonHttpClient$RequestExecutor.executeHelper(AmazonHttpClient.java:1157)
[2026-06-26T09:37:37.095+0000] {subprocess.py:93} INFO - 	... 22 more
[2026-06-26T09:37:37.095+0000] {subprocess.py:93} INFO - 
[2026-06-26T09:37:37.129+0000] {subprocess.py:93} INFO - 26/06/26 09:37:37 INFO ShutdownHookManager: Shutdown hook called
[2026-06-26T09:37:37.130+0000] {subprocess.py:93} INFO - 26/06/26 09:37:37 INFO ShutdownHookManager: Deleting directory /tmp/spark-f476d84c-24ad-4347-bff3-2802f41537ef
[2026-06-26T09:37:37.135+0000] {subprocess.py:93} INFO - 26/06/26 09:37:37 INFO ShutdownHookManager: Deleting directory /tmp/spark-46841345-8e1d-4cb1-926c-56621a1d8326
[2026-06-26T09:37:37.139+0000] {subprocess.py:93} INFO - 26/06/26 09:37:37 INFO ShutdownHookManager: Deleting directory /tmp/spark-f476d84c-24ad-4347-bff3-2802f41537ef/pyspark-96fd7d17-86b8-4ae1-8d72-522c532b105b
[2026-06-26T09:37:37.147+0000] {subprocess.py:93} INFO - 26/06/26 09:37:37 INFO MetricsSystemImpl: Stopping s3a-file-system metrics system...
[2026-06-26T09:37:37.148+0000] {subprocess.py:93} INFO - 26/06/26 09:37:37 INFO MetricsSystemImpl: s3a-file-system metrics system stopped.
[2026-06-26T09:37:37.148+0000] {subprocess.py:93} INFO - 26/06/26 09:37:37 INFO MetricsSystemImpl: s3a-file-system metrics system shutdown complete.
[2026-06-26T09:37:37.527+0000] {subprocess.py:97} INFO - Command exited with return code 0
[2026-06-26T09:37:37.545+0000] {taskinstance.py:1400} INFO - Marking task as SUCCESS. dag_id=spark_batch_clean_pipeline, task_id=run_pyspark_batch, execution_date=20260626T080000, start_date=20260626T092231, end_date=20260626T093737
[2026-06-26T09:37:37.673+0000] {local_task_job_runner.py:228} INFO - Task exited with return code 0
[2026-06-26T09:37:37.685+0000] {taskinstance.py:2778} INFO - 0 downstream tasks scheduled from follow-on schedule check
