[2026-06-26T04:15:16.970+0000] {taskinstance.py:1159} INFO - Dependencies all met for dep_context=non-requeueable deps ti=<TaskInstance: spark_batch_clean_pipeline.run_pyspark_batch manual__2026-06-26T04:12:00.397036+00:00 [queued]>
[2026-06-26T04:15:16.975+0000] {taskinstance.py:1159} INFO - Dependencies all met for dep_context=requeueable deps ti=<TaskInstance: spark_batch_clean_pipeline.run_pyspark_batch manual__2026-06-26T04:12:00.397036+00:00 [queued]>
[2026-06-26T04:15:16.975+0000] {taskinstance.py:1361} INFO - Starting attempt 2 of 2
[2026-06-26T04:15:16.986+0000] {taskinstance.py:1382} INFO - Executing <Task(BashOperator): run_pyspark_batch> on 2026-06-26 04:12:00.397036+00:00
[2026-06-26T04:15:16.991+0000] {standard_task_runner.py:57} INFO - Started process 87 to run task
[2026-06-26T04:15:16.994+0000] {standard_task_runner.py:84} INFO - Running: ['airflow', 'tasks', 'run', 'spark_batch_clean_pipeline', 'run_pyspark_batch', 'manual__2026-06-26T04:12:00.397036+00:00', '--job-id', '7', '--raw', '--subdir', 'DAGS_FOLDER/spark_batch_dag.py', '--cfg-path', '/tmp/tmpnzd3ilgh']
[2026-06-26T04:15:16.996+0000] {standard_task_runner.py:85} INFO - Job 7: Subtask run_pyspark_batch
[2026-06-26T04:15:17.027+0000] {task_command.py:416} INFO - Running <TaskInstance: spark_batch_clean_pipeline.run_pyspark_batch manual__2026-06-26T04:12:00.397036+00:00 [running]> on host 03f05ce4d8bb
[2026-06-26T04:15:17.071+0000] {taskinstance.py:1662} INFO - Exporting env vars: AIRFLOW_CTX_DAG_OWNER='hsm_data_engineer' AIRFLOW_CTX_DAG_ID='spark_batch_clean_pipeline' AIRFLOW_CTX_TASK_ID='run_pyspark_batch' AIRFLOW_CTX_EXECUTION_DATE='2026-06-26T04:12:00.397036+00:00' AIRFLOW_CTX_TRY_NUMBER='2' AIRFLOW_CTX_DAG_RUN_ID='manual__2026-06-26T04:12:00.397036+00:00'
[2026-06-26T04:15:17.072+0000] {subprocess.py:63} INFO - Tmp dir root location: /tmp
[2026-06-26T04:15:17.073+0000] {subprocess.py:75} INFO - Running command: ['/bin/bash', '-c', '\n        cd /opt/de-roadmap &&         python3 -c "import sys; sys.path.insert(0, \'/opt/de-roadmap/myenv/lib/python3.10/site-packages\'); exec(open(\'spark_batch_clean.py\').read())"\n        ']
[2026-06-26T04:15:17.081+0000] {subprocess.py:86} INFO - Output:
[2026-06-26T04:15:17.184+0000] {subprocess.py:93} INFO - Traceback (most recent call last):
[2026-06-26T04:15:17.184+0000] {subprocess.py:93} INFO -   File "<string>", line 1, in <module>
[2026-06-26T04:15:17.184+0000] {subprocess.py:93} INFO -   File "<string>", line 1, in <module>
[2026-06-26T04:15:17.184+0000] {subprocess.py:93} INFO - ModuleNotFoundError: No module named 'pyspark'
[2026-06-26T04:15:17.187+0000] {subprocess.py:97} INFO - Command exited with return code 1
[2026-06-26T04:15:17.192+0000] {taskinstance.py:1937} ERROR - Task failed with exception
Traceback (most recent call last):
  File "/home/airflow/.local/lib/python3.10/site-packages/airflow/operators/bash.py", line 210, in execute
    raise AirflowException(
airflow.exceptions.AirflowException: Bash command failed. The command returned a non-zero exit code 1.
[2026-06-26T04:15:17.195+0000] {taskinstance.py:1400} INFO - Marking task as FAILED. dag_id=spark_batch_clean_pipeline, task_id=run_pyspark_batch, execution_date=20260626T041200, start_date=20260626T041516, end_date=20260626T041517
[2026-06-26T04:15:17.203+0000] {standard_task_runner.py:104} ERROR - Failed to execute job 7 for task run_pyspark_batch (Bash command failed. The command returned a non-zero exit code 1.; 87)
[2026-06-26T04:15:17.249+0000] {local_task_job_runner.py:228} INFO - Task exited with return code 1
[2026-06-26T04:15:17.258+0000] {taskinstance.py:2778} INFO - 0 downstream tasks scheduled from follow-on schedule check
