[2026-06-26T07:12:01.758+0000] {taskinstance.py:1159} INFO - Dependencies all met for dep_context=non-requeueable deps ti=<TaskInstance: spark_batch_clean_pipeline.run_pyspark_batch manual__2026-06-26T07:11:48.039089+00:00 [queued]>
[2026-06-26T07:12:01.766+0000] {taskinstance.py:1159} INFO - Dependencies all met for dep_context=requeueable deps ti=<TaskInstance: spark_batch_clean_pipeline.run_pyspark_batch manual__2026-06-26T07:11:48.039089+00:00 [queued]>
[2026-06-26T07:12:01.767+0000] {taskinstance.py:1361} INFO - Starting attempt 1 of 2
[2026-06-26T07:12:01.779+0000] {taskinstance.py:1382} INFO - Executing <Task(BashOperator): run_pyspark_batch> on 2026-06-26 07:11:48.039089+00:00
[2026-06-26T07:12:01.783+0000] {standard_task_runner.py:57} INFO - Started process 66 to run task
[2026-06-26T07:12:01.796+0000] {standard_task_runner.py:84} INFO - Running: ['airflow', 'tasks', 'run', 'spark_batch_clean_pipeline', 'run_pyspark_batch', 'manual__2026-06-26T07:11:48.039089+00:00', '--job-id', '5', '--raw', '--subdir', 'DAGS_FOLDER/spark_batch_dag.py', '--cfg-path', '/tmp/tmp7lwdbvqz']
[2026-06-26T07:12:01.800+0000] {standard_task_runner.py:85} INFO - Job 5: Subtask run_pyspark_batch
[2026-06-26T07:12:01.871+0000] {task_command.py:416} INFO - Running <TaskInstance: spark_batch_clean_pipeline.run_pyspark_batch manual__2026-06-26T07:11:48.039089+00:00 [running]> on host 44772392a9dc
[2026-06-26T07:12:02.024+0000] {taskinstance.py:1662} INFO - Exporting env vars: AIRFLOW_CTX_DAG_OWNER='hsm_data_engineer' AIRFLOW_CTX_DAG_ID='spark_batch_clean_pipeline' AIRFLOW_CTX_TASK_ID='run_pyspark_batch' AIRFLOW_CTX_EXECUTION_DATE='2026-06-26T07:11:48.039089+00:00' AIRFLOW_CTX_TRY_NUMBER='1' AIRFLOW_CTX_DAG_RUN_ID='manual__2026-06-26T07:11:48.039089+00:00'
[2026-06-26T07:12:02.027+0000] {subprocess.py:63} INFO - Tmp dir root location: /tmp
[2026-06-26T07:12:02.031+0000] {subprocess.py:75} INFO - Running command: ['/bin/bash', '-c', '\n        cd /opt/de-roadmap &&         python3 -c "import sys; sys.path.insert(0, \'/opt/de-roadmap/myenv/lib/python3.10/site-packages\'); exec(open(\'spark_batch_clean.py\').read())"\n        ']
[2026-06-26T07:12:02.087+0000] {subprocess.py:86} INFO - Output:
[2026-06-26T07:12:02.217+0000] {subprocess.py:93} INFO - Traceback (most recent call last):
[2026-06-26T07:12:02.217+0000] {subprocess.py:93} INFO -   File "<string>", line 1, in <module>
[2026-06-26T07:12:02.217+0000] {subprocess.py:93} INFO -   File "<string>", line 1, in <module>
[2026-06-26T07:12:02.217+0000] {subprocess.py:93} INFO - ModuleNotFoundError: No module named 'pyspark'
[2026-06-26T07:12:02.221+0000] {subprocess.py:97} INFO - Command exited with return code 1
[2026-06-26T07:12:02.228+0000] {taskinstance.py:1937} ERROR - Task failed with exception
Traceback (most recent call last):
  File "/home/airflow/.local/lib/python3.10/site-packages/airflow/operators/bash.py", line 210, in execute
    raise AirflowException(
airflow.exceptions.AirflowException: Bash command failed. The command returned a non-zero exit code 1.
[2026-06-26T07:12:02.230+0000] {taskinstance.py:1400} INFO - Marking task as UP_FOR_RETRY. dag_id=spark_batch_clean_pipeline, task_id=run_pyspark_batch, execution_date=20260626T071148, start_date=20260626T071201, end_date=20260626T071202
[2026-06-26T07:12:02.240+0000] {standard_task_runner.py:104} ERROR - Failed to execute job 5 for task run_pyspark_batch (Bash command failed. The command returned a non-zero exit code 1.; 66)
[2026-06-26T07:12:02.254+0000] {local_task_job_runner.py:228} INFO - Task exited with return code 1
[2026-06-26T07:12:02.264+0000] {taskinstance.py:2778} INFO - 0 downstream tasks scheduled from follow-on schedule check
