[2026-06-30T01:21:44.163+0000] {manager.py:487} INFO - Processing files using up to 1 processes at a time 
[2026-06-30T01:21:44.164+0000] {manager.py:488} INFO - Process each file at most once every 30 seconds
[2026-06-30T01:21:44.165+0000] {manager.py:489} INFO - Checking for new files in /opt/airflow/dags every 300 seconds
[2026-06-30T01:21:44.166+0000] {manager.py:755} INFO - Searching for files in /opt/airflow/dags
[2026-06-30T01:21:44.174+0000] {manager.py:758} INFO - There are 1 files in /opt/airflow/dags
[2026-06-30T01:21:45.395+0000] {manager.py:887} INFO - 
================================================================================
DAG File Processing Stats

File Path                             PID    Runtime      # DAGs    # Errors  Last Runtime    Last Run
------------------------------------  -----  ---------  --------  ----------  --------------  -------------------
/opt/airflow/dags/spark_batch_dag.py                           1           0  0.84s           2026-06-30T01:21:45
================================================================================
[2026-06-30T01:22:15.690+0000] {manager.py:887} INFO - 
================================================================================
DAG File Processing Stats

File Path                             PID    Runtime      # DAGs    # Errors  Last Runtime    Last Run
------------------------------------  -----  ---------  --------  ----------  --------------  -------------------
/opt/airflow/dags/spark_batch_dag.py                           1           0  0.12s           2026-06-30T01:22:15
================================================================================
[2026-06-30T01:22:46.004+0000] {manager.py:887} INFO - 
================================================================================
DAG File Processing Stats

File Path                             PID    Runtime      # DAGs    # Errors  Last Runtime    Last Run
------------------------------------  -----  ---------  --------  ----------  --------------  -------------------
/opt/airflow/dags/spark_batch_dag.py                           1           0  0.21s           2026-06-30T01:22:46
================================================================================
[2026-06-30T01:23:16.251+0000] {manager.py:887} INFO - 
================================================================================
DAG File Processing Stats

File Path                             PID    Runtime      # DAGs    # Errors  Last Runtime    Last Run
------------------------------------  -----  ---------  --------  ----------  --------------  -------------------
/opt/airflow/dags/spark_batch_dag.py                           1           0  0.21s           2026-06-30T01:23:16
================================================================================
[2026-06-30T01:23:46.388+0000] {manager.py:887} INFO - 
================================================================================
DAG File Processing Stats

File Path                             PID    Runtime      # DAGs    # Errors  Last Runtime    Last Run
------------------------------------  -----  ---------  --------  ----------  --------------  -------------------
/opt/airflow/dags/spark_batch_dag.py                           1           0  0.11s           2026-06-30T01:23:46
================================================================================
[2026-06-30T01:24:16.607+0000] {manager.py:887} INFO - 
================================================================================
DAG File Processing Stats

File Path                             PID    Runtime      # DAGs    # Errors  Last Runtime    Last Run
------------------------------------  -----  ---------  --------  ----------  --------------  -------------------
/opt/airflow/dags/spark_batch_dag.py                           1           0  0.11s           2026-06-30T01:24:16
================================================================================
[2026-06-30T01:24:46.920+0000] {manager.py:887} INFO - 
================================================================================
DAG File Processing Stats

File Path                             PID    Runtime      # DAGs    # Errors  Last Runtime    Last Run
------------------------------------  -----  ---------  --------  ----------  --------------  -------------------
/opt/airflow/dags/spark_batch_dag.py                           1           0  0.11s           2026-06-30T01:24:46
================================================================================
[2026-06-30T01:25:17.126+0000] {manager.py:887} INFO - 
================================================================================
DAG File Processing Stats

File Path                             PID    Runtime      # DAGs    # Errors  Last Runtime    Last Run
------------------------------------  -----  ---------  --------  ----------  --------------  -------------------
/opt/airflow/dags/spark_batch_dag.py                           1           0  0.11s           2026-06-30T01:25:17
================================================================================
[2026-06-30T01:25:47.568+0000] {manager.py:887} INFO - 
================================================================================
DAG File Processing Stats

File Path                             PID    Runtime      # DAGs    # Errors  Last Runtime    Last Run
------------------------------------  -----  ---------  --------  ----------  --------------  -------------------
/opt/airflow/dags/spark_batch_dag.py                           1           0  0.22s           2026-06-30T01:25:47
================================================================================
[2026-06-30T01:26:17.676+0000] {manager.py:887} INFO - 
================================================================================
DAG File Processing Stats

File Path                             PID    Runtime      # DAGs    # Errors  Last Runtime    Last Run
------------------------------------  -----  ---------  --------  ----------  --------------  -------------------
/opt/airflow/dags/spark_batch_dag.py                           1           0  0.11s           2026-06-30T01:26:17
================================================================================
[2026-06-30T01:26:44.334+0000] {manager.py:755} INFO - Searching for files in /opt/airflow/dags
[2026-06-30T01:26:44.335+0000] {manager.py:758} INFO - There are 1 files in /opt/airflow/dags
[2026-06-30T01:26:47.903+0000] {manager.py:887} INFO - 
================================================================================
DAG File Processing Stats

File Path                             PID    Runtime      # DAGs    # Errors  Last Runtime    Last Run
------------------------------------  -----  ---------  --------  ----------  --------------  -------------------
/opt/airflow/dags/spark_batch_dag.py                           1           0  0.11s           2026-06-30T01:26:47
================================================================================
[2026-06-30T01:27:18.212+0000] {manager.py:887} INFO - 
================================================================================
DAG File Processing Stats

File Path                             PID    Runtime      # DAGs    # Errors  Last Runtime    Last Run
------------------------------------  -----  ---------  --------  ----------  --------------  -------------------
/opt/airflow/dags/spark_batch_dag.py                           1           0  0.21s           2026-06-30T01:27:18
================================================================================
[2026-06-30T01:27:49.443+0000] {manager.py:887} INFO - 
================================================================================
DAG File Processing Stats

File Path                             PID    Runtime      # DAGs    # Errors  Last Runtime    Last Run
------------------------------------  -----  ---------  --------  ----------  --------------  -------------------
/opt/airflow/dags/spark_batch_dag.py                           1           0  0.21s           2026-06-30T01:27:49
================================================================================
[2026-06-30T01:28:19.570+0000] {manager.py:887} INFO - 
================================================================================
DAG File Processing Stats

File Path                             PID    Runtime      # DAGs    # Errors  Last Runtime    Last Run
------------------------------------  -----  ---------  --------  ----------  --------------  -------------------
/opt/airflow/dags/spark_batch_dag.py                           1           0  0.11s           2026-06-30T01:28:19
================================================================================
[2026-06-30T01:28:49.777+0000] {manager.py:887} INFO - 
================================================================================
DAG File Processing Stats

File Path                             PID    Runtime      # DAGs    # Errors  Last Runtime    Last Run
------------------------------------  -----  ---------  --------  ----------  --------------  -------------------
/opt/airflow/dags/spark_batch_dag.py                           1           0  0.11s           2026-06-30T01:28:49
================================================================================
[2026-06-30T01:29:21.826+0000] {manager.py:887} INFO - 
================================================================================
DAG File Processing Stats

File Path                             PID    Runtime      # DAGs    # Errors  Last Runtime    Last Run
------------------------------------  -----  ---------  --------  ----------  --------------  -------------------
/opt/airflow/dags/spark_batch_dag.py                           1           0  0.32s           2026-06-30T01:29:21
================================================================================
[2026-06-30T01:29:52.461+0000] {manager.py:887} INFO - 
================================================================================
DAG File Processing Stats

File Path                             PID    Runtime      # DAGs    # Errors  Last Runtime    Last Run
------------------------------------  -----  ---------  --------  ----------  --------------  -------------------
/opt/airflow/dags/spark_batch_dag.py                           1           0  0.21s           2026-06-30T01:29:52
================================================================================
[2026-06-30T01:30:22.603+0000] {manager.py:887} INFO - 
================================================================================
DAG File Processing Stats

File Path                             PID    Runtime      # DAGs    # Errors  Last Runtime    Last Run
------------------------------------  -----  ---------  --------  ----------  --------------  -------------------
/opt/airflow/dags/spark_batch_dag.py                           1           0  0.11s           2026-06-30T01:30:22
================================================================================
[2026-06-30T01:30:52.831+0000] {manager.py:887} INFO - 
================================================================================
DAG File Processing Stats

File Path                             PID    Runtime      # DAGs    # Errors  Last Runtime    Last Run
------------------------------------  -----  ---------  --------  ----------  --------------  -------------------
/opt/airflow/dags/spark_batch_dag.py                           1           0  0.11s           2026-06-30T01:30:52
================================================================================
[2026-06-30T01:31:23.080+0000] {manager.py:887} INFO - 
================================================================================
DAG File Processing Stats

File Path                             PID    Runtime      # DAGs    # Errors  Last Runtime    Last Run
------------------------------------  -----  ---------  --------  ----------  --------------  -------------------
/opt/airflow/dags/spark_batch_dag.py                           1           0  0.11s           2026-06-30T01:31:23
================================================================================
[2026-06-30T01:31:44.374+0000] {manager.py:755} INFO - Searching for files in /opt/airflow/dags
[2026-06-30T01:31:44.375+0000] {manager.py:758} INFO - There are 1 files in /opt/airflow/dags
[2026-06-30T01:31:53.440+0000] {manager.py:887} INFO - 
================================================================================
DAG File Processing Stats

File Path                             PID    Runtime      # DAGs    # Errors  Last Runtime    Last Run
------------------------------------  -----  ---------  --------  ----------  --------------  -------------------
/opt/airflow/dags/spark_batch_dag.py                           1           0  0.21s           2026-06-30T01:31:53
================================================================================
[2026-06-30T01:32:23.689+0000] {manager.py:887} INFO - 
================================================================================
DAG File Processing Stats

File Path                             PID    Runtime      # DAGs    # Errors  Last Runtime    Last Run
------------------------------------  -----  ---------  --------  ----------  --------------  -------------------
/opt/airflow/dags/spark_batch_dag.py                           1           0  0.21s           2026-06-30T01:32:23
================================================================================
[2026-06-30T01:32:53.876+0000] {manager.py:887} INFO - 
================================================================================
DAG File Processing Stats

File Path                             PID    Runtime      # DAGs    # Errors  Last Runtime    Last Run
------------------------------------  -----  ---------  --------  ----------  --------------  -------------------
/opt/airflow/dags/spark_batch_dag.py                           1           0  0.11s           2026-06-30T01:32:53
================================================================================
[2026-06-30T01:33:24.132+0000] {manager.py:887} INFO - 
================================================================================
DAG File Processing Stats

File Path                             PID    Runtime      # DAGs    # Errors  Last Runtime    Last Run
------------------------------------  -----  ---------  --------  ----------  --------------  -------------------
/opt/airflow/dags/spark_batch_dag.py                           1           0  0.11s           2026-06-30T01:33:24
================================================================================
[2026-06-30T01:33:54.596+0000] {manager.py:887} INFO - 
================================================================================
DAG File Processing Stats

File Path                             PID    Runtime      # DAGs    # Errors  Last Runtime    Last Run
------------------------------------  -----  ---------  --------  ----------  --------------  -------------------
/opt/airflow/dags/spark_batch_dag.py                           1           0  0.11s           2026-06-30T01:33:54
================================================================================
[2026-06-30T04:26:54.654+0000] {manager.py:487} INFO - Processing files using up to 1 processes at a time 
[2026-06-30T04:26:54.665+0000] {manager.py:488} INFO - Process each file at most once every 30 seconds
[2026-06-30T04:26:54.665+0000] {manager.py:489} INFO - Checking for new files in /opt/airflow/dags every 300 seconds
[2026-06-30T04:26:54.665+0000] {manager.py:755} INFO - Searching for files in /opt/airflow/dags
[2026-06-30T04:26:54.670+0000] {manager.py:758} INFO - There are 1 files in /opt/airflow/dags
[2026-06-30T04:26:55.300+0000] {manager.py:887} INFO - 
================================================================================
DAG File Processing Stats

File Path                             PID    Runtime      # DAGs    # Errors  Last Runtime    Last Run
------------------------------------  -----  ---------  --------  ----------  --------------  -------------------
/opt/airflow/dags/spark_batch_dag.py                           1           0  0.50s           2026-06-30T04:26:55
================================================================================
[2026-06-30T04:27:25.969+0000] {manager.py:887} INFO - 
================================================================================
DAG File Processing Stats

File Path                             PID    Runtime      # DAGs    # Errors  Last Runtime    Last Run
------------------------------------  -----  ---------  --------  ----------  --------------  -------------------
/opt/airflow/dags/spark_batch_dag.py                           1           0  0.10s           2026-06-30T04:27:25
================================================================================
[2026-06-30T04:27:56.360+0000] {manager.py:887} INFO - 
================================================================================
DAG File Processing Stats

File Path                             PID    Runtime      # DAGs    # Errors  Last Runtime    Last Run
------------------------------------  -----  ---------  --------  ----------  --------------  -------------------
/opt/airflow/dags/spark_batch_dag.py                           1           0  0.32s           2026-06-30T04:27:56
================================================================================
[2026-06-30T04:28:27.421+0000] {manager.py:887} INFO - 
================================================================================
DAG File Processing Stats

File Path                             PID    Runtime      # DAGs    # Errors  Last Runtime    Last Run
------------------------------------  -----  ---------  --------  ----------  --------------  -------------------
/opt/airflow/dags/spark_batch_dag.py                           1           0  0.11s           2026-06-30T04:28:27
================================================================================
[2026-06-30T04:28:57.900+0000] {manager.py:887} INFO - 
================================================================================
DAG File Processing Stats

File Path                             PID    Runtime      # DAGs    # Errors  Last Runtime    Last Run
------------------------------------  -----  ---------  --------  ----------  --------------  -------------------
/opt/airflow/dags/spark_batch_dag.py                           1           0  0.31s           2026-06-30T04:28:57
================================================================================
[2026-06-30T04:29:28.918+0000] {manager.py:887} INFO - 
================================================================================
DAG File Processing Stats

File Path                             PID    Runtime      # DAGs    # Errors  Last Runtime    Last Run
------------------------------------  -----  ---------  --------  ----------  --------------  -------------------
/opt/airflow/dags/spark_batch_dag.py                           1           0  0.11s           2026-06-30T04:29:28
================================================================================
[2026-06-30T04:29:59.094+0000] {manager.py:887} INFO - 
================================================================================
DAG File Processing Stats

File Path                             PID    Runtime      # DAGs    # Errors  Last Runtime    Last Run
------------------------------------  -----  ---------  --------  ----------  --------------  -------------------
/opt/airflow/dags/spark_batch_dag.py                           1           0  0.11s           2026-06-30T04:29:59
================================================================================
[2026-06-30T04:30:29.262+0000] {manager.py:887} INFO - 
================================================================================
DAG File Processing Stats

File Path                             PID    Runtime      # DAGs    # Errors  Last Runtime    Last Run
------------------------------------  -----  ---------  --------  ----------  --------------  -------------------
/opt/airflow/dags/spark_batch_dag.py                           1           0  0.10s           2026-06-30T04:30:29
================================================================================
[2026-06-30T04:30:59.541+0000] {manager.py:887} INFO - 
================================================================================
DAG File Processing Stats

File Path                             PID    Runtime      # DAGs    # Errors  Last Runtime    Last Run
------------------------------------  -----  ---------  --------  ----------  --------------  -------------------
/opt/airflow/dags/spark_batch_dag.py                           1           0  0.21s           2026-06-30T04:30:59
================================================================================
[2026-06-30T04:31:30.657+0000] {manager.py:887} INFO - 
================================================================================
DAG File Processing Stats

File Path                             PID    Runtime      # DAGs    # Errors  Last Runtime    Last Run
------------------------------------  -----  ---------  --------  ----------  --------------  -------------------
/opt/airflow/dags/spark_batch_dag.py                           1           0  0.10s           2026-06-30T04:31:30
================================================================================
[2026-06-30T04:31:54.685+0000] {manager.py:755} INFO - Searching for files in /opt/airflow/dags
[2026-06-30T04:31:54.686+0000] {manager.py:758} INFO - There are 1 files in /opt/airflow/dags
[2026-06-30T04:32:00.947+0000] {manager.py:887} INFO - 
================================================================================
DAG File Processing Stats

File Path                             PID    Runtime      # DAGs    # Errors  Last Runtime    Last Run
------------------------------------  -----  ---------  --------  ----------  --------------  -------------------
/opt/airflow/dags/spark_batch_dag.py                           1           0  0.21s           2026-06-30T04:32:00
================================================================================
[2026-06-30T04:32:31.942+0000] {manager.py:887} INFO - 
================================================================================
DAG File Processing Stats

File Path                             PID    Runtime      # DAGs    # Errors  Last Runtime    Last Run
------------------------------------  -----  ---------  --------  ----------  --------------  -------------------
/opt/airflow/dags/spark_batch_dag.py                           1           0  0.11s           2026-06-30T04:32:31
================================================================================
[2026-06-30T04:33:02.227+0000] {manager.py:887} INFO - 
================================================================================
DAG File Processing Stats

File Path                             PID    Runtime      # DAGs    # Errors  Last Runtime    Last Run
------------------------------------  -----  ---------  --------  ----------  --------------  -------------------
/opt/airflow/dags/spark_batch_dag.py                           1           0  0.10s           2026-06-30T04:33:02
================================================================================
[2026-06-30T04:34:04.617+0000] {manager.py:487} INFO - Processing files using up to 1 processes at a time 
[2026-06-30T04:34:04.617+0000] {manager.py:488} INFO - Process each file at most once every 30 seconds
[2026-06-30T04:34:04.618+0000] {manager.py:489} INFO - Checking for new files in /opt/airflow/dags every 300 seconds
[2026-06-30T04:34:04.618+0000] {manager.py:755} INFO - Searching for files in /opt/airflow/dags
[2026-06-30T04:34:04.619+0000] {manager.py:758} INFO - There are 1 files in /opt/airflow/dags
[2026-06-30T04:34:04.774+0000] {manager.py:887} INFO - 
================================================================================
DAG File Processing Stats

File Path                             PID    Runtime      # DAGs    # Errors  Last Runtime    Last Run
------------------------------------  -----  ---------  --------  ----------  --------------  -------------------
/opt/airflow/dags/spark_batch_dag.py                           1           0  0.11s           2026-06-30T04:34:04
================================================================================
[2026-06-30T04:34:35.901+0000] {manager.py:887} INFO - 
================================================================================
DAG File Processing Stats

File Path                             PID    Runtime      # DAGs    # Errors  Last Runtime    Last Run
------------------------------------  -----  ---------  --------  ----------  --------------  -------------------
/opt/airflow/dags/spark_batch_dag.py                           1           0  0.11s           2026-06-30T04:34:35
================================================================================
[2026-06-30T04:35:06.098+0000] {manager.py:887} INFO - 
================================================================================
DAG File Processing Stats

File Path                             PID    Runtime      # DAGs    # Errors  Last Runtime    Last Run
------------------------------------  -----  ---------  --------  ----------  --------------  -------------------
/opt/airflow/dags/spark_batch_dag.py                           1           0  0.11s           2026-06-30T04:35:06
================================================================================
[2026-06-30T04:35:36.299+0000] {manager.py:887} INFO - 
================================================================================
DAG File Processing Stats

File Path                             PID    Runtime      # DAGs    # Errors  Last Runtime    Last Run
------------------------------------  -----  ---------  --------  ----------  --------------  -------------------
/opt/airflow/dags/spark_batch_dag.py                           1           0  0.11s           2026-06-30T04:35:36
================================================================================
[2026-06-30T04:36:06.483+0000] {manager.py:887} INFO - 
================================================================================
DAG File Processing Stats

File Path                             PID    Runtime      # DAGs    # Errors  Last Runtime    Last Run
------------------------------------  -----  ---------  --------  ----------  --------------  -------------------
/opt/airflow/dags/spark_batch_dag.py                           1           0  0.11s           2026-06-30T04:36:06
================================================================================
[2026-06-30T04:36:36.655+0000] {manager.py:887} INFO - 
================================================================================
DAG File Processing Stats

File Path                             PID    Runtime      # DAGs    # Errors  Last Runtime    Last Run
------------------------------------  -----  ---------  --------  ----------  --------------  -------------------
/opt/airflow/dags/spark_batch_dag.py                           1           0  0.11s           2026-06-30T04:36:36
================================================================================
[2026-06-30T04:37:06.830+0000] {manager.py:887} INFO - 
================================================================================
DAG File Processing Stats

File Path                             PID    Runtime      # DAGs    # Errors  Last Runtime    Last Run
------------------------------------  -----  ---------  --------  ----------  --------------  -------------------
/opt/airflow/dags/spark_batch_dag.py                           1           0  0.11s           2026-06-30T04:37:06
================================================================================
[2026-06-30T04:37:37.041+0000] {manager.py:887} INFO - 
================================================================================
DAG File Processing Stats

File Path                             PID    Runtime      # DAGs    # Errors  Last Runtime    Last Run
------------------------------------  -----  ---------  --------  ----------  --------------  -------------------
/opt/airflow/dags/spark_batch_dag.py                           1           0  0.11s           2026-06-30T04:37:37
================================================================================
[2026-06-30T04:38:07.221+0000] {manager.py:887} INFO - 
================================================================================
DAG File Processing Stats

File Path                             PID    Runtime      # DAGs    # Errors  Last Runtime    Last Run
------------------------------------  -----  ---------  --------  ----------  --------------  -------------------
/opt/airflow/dags/spark_batch_dag.py                           1           0  0.11s           2026-06-30T04:38:07
================================================================================
[2026-06-30T04:38:37.423+0000] {manager.py:887} INFO - 
================================================================================
DAG File Processing Stats

File Path                             PID    Runtime      # DAGs    # Errors  Last Runtime    Last Run
------------------------------------  -----  ---------  --------  ----------  --------------  -------------------
/opt/airflow/dags/spark_batch_dag.py                           1           0  0.11s           2026-06-30T04:38:37
================================================================================
[2026-06-30T04:39:04.630+0000] {manager.py:755} INFO - Searching for files in /opt/airflow/dags
[2026-06-30T04:39:04.631+0000] {manager.py:758} INFO - There are 1 files in /opt/airflow/dags
[2026-06-30T04:39:07.666+0000] {manager.py:887} INFO - 
================================================================================
DAG File Processing Stats

File Path                             PID    Runtime      # DAGs    # Errors  Last Runtime    Last Run
------------------------------------  -----  ---------  --------  ----------  --------------  -------------------
/opt/airflow/dags/spark_batch_dag.py                           1           0  0.11s           2026-06-30T04:39:07
================================================================================
[2026-06-30T04:39:37.843+0000] {manager.py:887} INFO - 
================================================================================
DAG File Processing Stats

File Path                             PID    Runtime      # DAGs    # Errors  Last Runtime    Last Run
------------------------------------  -----  ---------  --------  ----------  --------------  -------------------
/opt/airflow/dags/spark_batch_dag.py                           1           0  0.11s           2026-06-30T04:39:37
================================================================================
[2026-06-30T04:40:08.021+0000] {manager.py:887} INFO - 
================================================================================
DAG File Processing Stats

File Path                             PID    Runtime      # DAGs    # Errors  Last Runtime    Last Run
------------------------------------  -----  ---------  --------  ----------  --------------  -------------------
/opt/airflow/dags/spark_batch_dag.py                           1           0  0.11s           2026-06-30T04:40:08
================================================================================
[2026-06-30T04:40:38.222+0000] {manager.py:887} INFO - 
================================================================================
DAG File Processing Stats

File Path                             PID    Runtime      # DAGs    # Errors  Last Runtime    Last Run
------------------------------------  -----  ---------  --------  ----------  --------------  -------------------
/opt/airflow/dags/spark_batch_dag.py                           1           0  0.11s           2026-06-30T04:40:38
================================================================================
[2026-06-30T04:41:08.391+0000] {manager.py:887} INFO - 
================================================================================
DAG File Processing Stats

File Path                             PID    Runtime      # DAGs    # Errors  Last Runtime    Last Run
------------------------------------  -----  ---------  --------  ----------  --------------  -------------------
/opt/airflow/dags/spark_batch_dag.py                           1           0  0.11s           2026-06-30T04:41:08
================================================================================
[2026-06-30T04:41:38.618+0000] {manager.py:887} INFO - 
================================================================================
DAG File Processing Stats

File Path                             PID    Runtime      # DAGs    # Errors  Last Runtime    Last Run
------------------------------------  -----  ---------  --------  ----------  --------------  -------------------
/opt/airflow/dags/spark_batch_dag.py                           1           0  0.11s           2026-06-30T04:41:38
================================================================================
[2026-06-30T04:42:08.795+0000] {manager.py:887} INFO - 
================================================================================
DAG File Processing Stats

File Path                             PID    Runtime      # DAGs    # Errors  Last Runtime    Last Run
------------------------------------  -----  ---------  --------  ----------  --------------  -------------------
/opt/airflow/dags/spark_batch_dag.py                           1           0  0.11s           2026-06-30T04:42:08
================================================================================
[2026-06-30T04:42:38.986+0000] {manager.py:887} INFO - 
================================================================================
DAG File Processing Stats

File Path                             PID    Runtime      # DAGs    # Errors  Last Runtime    Last Run
------------------------------------  -----  ---------  --------  ----------  --------------  -------------------
/opt/airflow/dags/spark_batch_dag.py                           1           0  0.11s           2026-06-30T04:42:38
================================================================================
[2026-06-30T04:43:09.193+0000] {manager.py:887} INFO - 
================================================================================
DAG File Processing Stats

File Path                             PID    Runtime      # DAGs    # Errors  Last Runtime    Last Run
------------------------------------  -----  ---------  --------  ----------  --------------  -------------------
/opt/airflow/dags/spark_batch_dag.py                           1           0  0.11s           2026-06-30T04:43:09
================================================================================
[2026-06-30T04:43:39.367+0000] {manager.py:887} INFO - 
================================================================================
DAG File Processing Stats

File Path                             PID    Runtime      # DAGs    # Errors  Last Runtime    Last Run
------------------------------------  -----  ---------  --------  ----------  --------------  -------------------
/opt/airflow/dags/spark_batch_dag.py                           1           0  0.11s           2026-06-30T04:43:39
================================================================================
[2026-06-30T04:44:04.666+0000] {manager.py:755} INFO - Searching for files in /opt/airflow/dags
[2026-06-30T04:44:04.667+0000] {manager.py:758} INFO - There are 1 files in /opt/airflow/dags
[2026-06-30T04:44:09.518+0000] {manager.py:887} INFO - 
================================================================================
DAG File Processing Stats

File Path                             PID    Runtime      # DAGs    # Errors  Last Runtime    Last Run
------------------------------------  -----  ---------  --------  ----------  --------------  -------------------
/opt/airflow/dags/spark_batch_dag.py                           1           0  0.11s           2026-06-30T04:44:09
================================================================================
[2026-06-30T04:44:39.692+0000] {manager.py:887} INFO - 
================================================================================
DAG File Processing Stats

File Path                             PID    Runtime      # DAGs    # Errors  Last Runtime    Last Run
------------------------------------  -----  ---------  --------  ----------  --------------  -------------------
/opt/airflow/dags/spark_batch_dag.py                           1           0  0.11s           2026-06-30T04:44:39
================================================================================
[2026-06-30T04:45:09.870+0000] {manager.py:887} INFO - 
================================================================================
DAG File Processing Stats

File Path                             PID    Runtime      # DAGs    # Errors  Last Runtime    Last Run
------------------------------------  -----  ---------  --------  ----------  --------------  -------------------
/opt/airflow/dags/spark_batch_dag.py                           1           0  0.11s           2026-06-30T04:45:09
================================================================================
[2026-06-30T04:45:40.042+0000] {manager.py:887} INFO - 
================================================================================
DAG File Processing Stats

File Path                             PID    Runtime      # DAGs    # Errors  Last Runtime    Last Run
------------------------------------  -----  ---------  --------  ----------  --------------  -------------------
/opt/airflow/dags/spark_batch_dag.py                           1           0  0.11s           2026-06-30T04:45:40
================================================================================
[2026-06-30T04:46:10.216+0000] {manager.py:887} INFO - 
================================================================================
DAG File Processing Stats

File Path                             PID    Runtime      # DAGs    # Errors  Last Runtime    Last Run
------------------------------------  -----  ---------  --------  ----------  --------------  -------------------
/opt/airflow/dags/spark_batch_dag.py                           1           0  0.11s           2026-06-30T04:46:10
================================================================================
[2026-06-30T04:46:40.392+0000] {manager.py:887} INFO - 
================================================================================
DAG File Processing Stats

File Path                             PID    Runtime      # DAGs    # Errors  Last Runtime    Last Run
------------------------------------  -----  ---------  --------  ----------  --------------  -------------------
/opt/airflow/dags/spark_batch_dag.py                           1           0  0.11s           2026-06-30T04:46:40
================================================================================
[2026-06-30T04:47:10.574+0000] {manager.py:887} INFO - 
================================================================================
DAG File Processing Stats

File Path                             PID    Runtime      # DAGs    # Errors  Last Runtime    Last Run
------------------------------------  -----  ---------  --------  ----------  --------------  -------------------
/opt/airflow/dags/spark_batch_dag.py                           1           0  0.11s           2026-06-30T04:47:10
================================================================================
[2026-06-30T04:47:40.754+0000] {manager.py:887} INFO - 
================================================================================
DAG File Processing Stats

File Path                             PID    Runtime      # DAGs    # Errors  Last Runtime    Last Run
------------------------------------  -----  ---------  --------  ----------  --------------  -------------------
/opt/airflow/dags/spark_batch_dag.py                           1           0  0.11s           2026-06-30T04:47:40
================================================================================
[2026-06-30T04:48:10.925+0000] {manager.py:887} INFO - 
================================================================================
DAG File Processing Stats

File Path                             PID    Runtime      # DAGs    # Errors  Last Runtime    Last Run
------------------------------------  -----  ---------  --------  ----------  --------------  -------------------
/opt/airflow/dags/spark_batch_dag.py                           1           0  0.11s           2026-06-30T04:48:10
================================================================================
[2026-06-30T04:48:41.100+0000] {manager.py:887} INFO - 
================================================================================
DAG File Processing Stats

File Path                             PID    Runtime      # DAGs    # Errors  Last Runtime    Last Run
------------------------------------  -----  ---------  --------  ----------  --------------  -------------------
/opt/airflow/dags/spark_batch_dag.py                           1           0  0.11s           2026-06-30T04:48:41
================================================================================
[2026-06-30T04:49:04.700+0000] {manager.py:755} INFO - Searching for files in /opt/airflow/dags
[2026-06-30T04:49:04.700+0000] {manager.py:758} INFO - There are 1 files in /opt/airflow/dags
[2026-06-30T04:49:11.273+0000] {manager.py:887} INFO - 
================================================================================
DAG File Processing Stats

File Path                             PID    Runtime      # DAGs    # Errors  Last Runtime    Last Run
------------------------------------  -----  ---------  --------  ----------  --------------  -------------------
/opt/airflow/dags/spark_batch_dag.py                           1           0  0.11s           2026-06-30T04:49:11
================================================================================
[2026-06-30T04:49:41.394+0000] {manager.py:887} INFO - 
================================================================================
DAG File Processing Stats

File Path                             PID    Runtime      # DAGs    # Errors  Last Runtime    Last Run
------------------------------------  -----  ---------  --------  ----------  --------------  -------------------
/opt/airflow/dags/spark_batch_dag.py                           1           0  0.11s           2026-06-30T04:49:41
================================================================================
[2026-06-30T04:50:11.577+0000] {manager.py:887} INFO - 
================================================================================
DAG File Processing Stats

File Path                             PID    Runtime      # DAGs    # Errors  Last Runtime    Last Run
------------------------------------  -----  ---------  --------  ----------  --------------  -------------------
/opt/airflow/dags/spark_batch_dag.py                           1           0  0.11s           2026-06-30T04:50:11
================================================================================
[2026-06-30T04:50:41.765+0000] {manager.py:887} INFO - 
================================================================================
DAG File Processing Stats

File Path                             PID    Runtime      # DAGs    # Errors  Last Runtime    Last Run
------------------------------------  -----  ---------  --------  ----------  --------------  -------------------
/opt/airflow/dags/spark_batch_dag.py                           1           0  0.11s           2026-06-30T04:50:41
================================================================================
[2026-06-30T04:51:12.010+0000] {manager.py:887} INFO - 
================================================================================
DAG File Processing Stats

File Path                             PID    Runtime      # DAGs    # Errors  Last Runtime    Last Run
------------------------------------  -----  ---------  --------  ----------  --------------  -------------------
/opt/airflow/dags/spark_batch_dag.py                           1           0  0.11s           2026-06-30T04:51:12
================================================================================
[2026-06-30T04:51:42.344+0000] {manager.py:887} INFO - 
================================================================================
DAG File Processing Stats

File Path                             PID    Runtime      # DAGs    # Errors  Last Runtime    Last Run
------------------------------------  -----  ---------  --------  ----------  --------------  -------------------
/opt/airflow/dags/spark_batch_dag.py                           1           0  0.22s           2026-06-30T04:51:42
================================================================================
[2026-06-30T04:52:12.476+0000] {manager.py:887} INFO - 
================================================================================
DAG File Processing Stats

File Path                             PID    Runtime      # DAGs    # Errors  Last Runtime    Last Run
------------------------------------  -----  ---------  --------  ----------  --------------  -------------------
/opt/airflow/dags/spark_batch_dag.py                           1           0  0.11s           2026-06-30T04:52:12
================================================================================
[2026-06-30T04:52:42.650+0000] {manager.py:887} INFO - 
================================================================================
DAG File Processing Stats

File Path                             PID    Runtime      # DAGs    # Errors  Last Runtime    Last Run
------------------------------------  -----  ---------  --------  ----------  --------------  -------------------
/opt/airflow/dags/spark_batch_dag.py                           1           0  0.11s           2026-06-30T04:52:42
================================================================================
[2026-06-30T04:53:12.817+0000] {manager.py:887} INFO - 
================================================================================
DAG File Processing Stats

File Path                             PID    Runtime      # DAGs    # Errors  Last Runtime    Last Run
------------------------------------  -----  ---------  --------  ----------  --------------  -------------------
/opt/airflow/dags/spark_batch_dag.py                           1           0  0.11s           2026-06-30T04:53:12
================================================================================
[2026-06-30T04:53:42.999+0000] {manager.py:887} INFO - 
================================================================================
DAG File Processing Stats

File Path                             PID    Runtime      # DAGs    # Errors  Last Runtime    Last Run
------------------------------------  -----  ---------  --------  ----------  --------------  -------------------
/opt/airflow/dags/spark_batch_dag.py                           1           0  0.11s           2026-06-30T04:53:42
================================================================================
[2026-06-30T04:54:04.732+0000] {manager.py:755} INFO - Searching for files in /opt/airflow/dags
[2026-06-30T04:54:04.733+0000] {manager.py:758} INFO - There are 1 files in /opt/airflow/dags
[2026-06-30T04:54:13.173+0000] {manager.py:887} INFO - 
================================================================================
DAG File Processing Stats

File Path                             PID    Runtime      # DAGs    # Errors  Last Runtime    Last Run
------------------------------------  -----  ---------  --------  ----------  --------------  -------------------
/opt/airflow/dags/spark_batch_dag.py                           1           0  0.11s           2026-06-30T04:54:13
================================================================================
[2026-06-30T04:54:43.366+0000] {manager.py:887} INFO - 
================================================================================
DAG File Processing Stats

File Path                             PID    Runtime      # DAGs    # Errors  Last Runtime    Last Run
------------------------------------  -----  ---------  --------  ----------  --------------  -------------------
/opt/airflow/dags/spark_batch_dag.py                           1           0  0.11s           2026-06-30T04:54:43
================================================================================
[2026-06-30T04:55:13.553+0000] {manager.py:887} INFO - 
================================================================================
DAG File Processing Stats

File Path                             PID    Runtime      # DAGs    # Errors  Last Runtime    Last Run
------------------------------------  -----  ---------  --------  ----------  --------------  -------------------
/opt/airflow/dags/spark_batch_dag.py                           1           0  0.11s           2026-06-30T04:55:13
================================================================================
[2026-06-30T04:55:43.731+0000] {manager.py:887} INFO - 
================================================================================
DAG File Processing Stats

File Path                             PID    Runtime      # DAGs    # Errors  Last Runtime    Last Run
------------------------------------  -----  ---------  --------  ----------  --------------  -------------------
/opt/airflow/dags/spark_batch_dag.py                           1           0  0.11s           2026-06-30T04:55:43
================================================================================
[2026-06-30T04:56:14.115+0000] {manager.py:887} INFO - 
================================================================================
DAG File Processing Stats

File Path                             PID    Runtime      # DAGs    # Errors  Last Runtime    Last Run
------------------------------------  -----  ---------  --------  ----------  --------------  -------------------
/opt/airflow/dags/spark_batch_dag.py                           1           0  0.11s           2026-06-30T04:56:14
================================================================================
[2026-06-30T04:56:44.307+0000] {manager.py:887} INFO - 
================================================================================
DAG File Processing Stats

File Path                             PID    Runtime      # DAGs    # Errors  Last Runtime    Last Run
------------------------------------  -----  ---------  --------  ----------  --------------  -------------------
/opt/airflow/dags/spark_batch_dag.py                           1           0  0.11s           2026-06-30T04:56:44
================================================================================
[2026-06-30T04:57:14.492+0000] {manager.py:887} INFO - 
================================================================================
DAG File Processing Stats

File Path                             PID    Runtime      # DAGs    # Errors  Last Runtime    Last Run
------------------------------------  -----  ---------  --------  ----------  --------------  -------------------
/opt/airflow/dags/spark_batch_dag.py                           1           0  0.11s           2026-06-30T04:57:14
================================================================================
[2026-06-30T04:57:44.646+0000] {manager.py:887} INFO - 
================================================================================
DAG File Processing Stats

File Path                             PID    Runtime      # DAGs    # Errors  Last Runtime    Last Run
------------------------------------  -----  ---------  --------  ----------  --------------  -------------------
/opt/airflow/dags/spark_batch_dag.py                           1           0  0.11s           2026-06-30T04:57:44
================================================================================
[2026-06-30T04:58:14.859+0000] {manager.py:887} INFO - 
================================================================================
DAG File Processing Stats

File Path                             PID    Runtime      # DAGs    # Errors  Last Runtime    Last Run
------------------------------------  -----  ---------  --------  ----------  --------------  -------------------
/opt/airflow/dags/spark_batch_dag.py                           1           0  0.11s           2026-06-30T04:58:14
================================================================================
[2026-06-30T04:58:45.030+0000] {manager.py:887} INFO - 
================================================================================
DAG File Processing Stats

File Path                             PID    Runtime      # DAGs    # Errors  Last Runtime    Last Run
------------------------------------  -----  ---------  --------  ----------  --------------  -------------------
/opt/airflow/dags/spark_batch_dag.py                           1           0  0.11s           2026-06-30T04:58:45
================================================================================
[2026-06-30T04:59:04.767+0000] {manager.py:755} INFO - Searching for files in /opt/airflow/dags
[2026-06-30T04:59:04.768+0000] {manager.py:758} INFO - There are 1 files in /opt/airflow/dags
[2026-06-30T04:59:15.336+0000] {manager.py:887} INFO - 
================================================================================
DAG File Processing Stats

File Path                             PID    Runtime      # DAGs    # Errors  Last Runtime    Last Run
------------------------------------  -----  ---------  --------  ----------  --------------  -------------------
/opt/airflow/dags/spark_batch_dag.py                           1           0  0.22s           2026-06-30T04:59:15
================================================================================
[2026-06-30T04:59:45.491+0000] {manager.py:887} INFO - 
================================================================================
DAG File Processing Stats

File Path                             PID    Runtime      # DAGs    # Errors  Last Runtime    Last Run
------------------------------------  -----  ---------  --------  ----------  --------------  -------------------
/opt/airflow/dags/spark_batch_dag.py                           1           0  0.11s           2026-06-30T04:59:45
================================================================================
[2026-06-30T05:00:15.645+0000] {manager.py:887} INFO - 
================================================================================
DAG File Processing Stats

File Path                             PID    Runtime      # DAGs    # Errors  Last Runtime    Last Run
------------------------------------  -----  ---------  --------  ----------  --------------  -------------------
/opt/airflow/dags/spark_batch_dag.py                           1           0  0.11s           2026-06-30T05:00:15
================================================================================
[2026-06-30T05:00:45.814+0000] {manager.py:887} INFO - 
================================================================================
DAG File Processing Stats

File Path                             PID    Runtime      # DAGs    # Errors  Last Runtime    Last Run
------------------------------------  -----  ---------  --------  ----------  --------------  -------------------
/opt/airflow/dags/spark_batch_dag.py                           1           0  0.11s           2026-06-30T05:00:45
================================================================================
[2026-06-30T05:01:15.992+0000] {manager.py:887} INFO - 
================================================================================
DAG File Processing Stats

File Path                             PID    Runtime      # DAGs    # Errors  Last Runtime    Last Run
------------------------------------  -----  ---------  --------  ----------  --------------  -------------------
/opt/airflow/dags/spark_batch_dag.py                           1           0  0.11s           2026-06-30T05:01:15
================================================================================
[2026-06-30T05:01:46.167+0000] {manager.py:887} INFO - 
================================================================================
DAG File Processing Stats

File Path                             PID    Runtime      # DAGs    # Errors  Last Runtime    Last Run
------------------------------------  -----  ---------  --------  ----------  --------------  -------------------
/opt/airflow/dags/spark_batch_dag.py                           1           0  0.11s           2026-06-30T05:01:46
================================================================================
[2026-06-30T05:02:16.351+0000] {manager.py:887} INFO - 
================================================================================
DAG File Processing Stats

File Path                             PID    Runtime      # DAGs    # Errors  Last Runtime    Last Run
------------------------------------  -----  ---------  --------  ----------  --------------  -------------------
/opt/airflow/dags/spark_batch_dag.py                           1           0  0.11s           2026-06-30T05:02:16
================================================================================
[2026-06-30T05:02:46.524+0000] {manager.py:887} INFO - 
================================================================================
DAG File Processing Stats

File Path                             PID    Runtime      # DAGs    # Errors  Last Runtime    Last Run
------------------------------------  -----  ---------  --------  ----------  --------------  -------------------
/opt/airflow/dags/spark_batch_dag.py                           1           0  0.11s           2026-06-30T05:02:46
================================================================================
[2026-06-30T05:03:16.715+0000] {manager.py:887} INFO - 
================================================================================
DAG File Processing Stats

File Path                             PID    Runtime      # DAGs    # Errors  Last Runtime    Last Run
------------------------------------  -----  ---------  --------  ----------  --------------  -------------------
/opt/airflow/dags/spark_batch_dag.py                           1           0  0.11s           2026-06-30T05:03:16
================================================================================
[2026-06-30T05:04:01.134+0000] {manager.py:487} INFO - Processing files using up to 1 processes at a time 
[2026-06-30T05:04:01.135+0000] {manager.py:488} INFO - Process each file at most once every 30 seconds
[2026-06-30T05:04:01.135+0000] {manager.py:489} INFO - Checking for new files in /opt/airflow/dags every 300 seconds
[2026-06-30T05:04:01.135+0000] {manager.py:755} INFO - Searching for files in /opt/airflow/dags
[2026-06-30T05:04:01.136+0000] {manager.py:758} INFO - There are 1 files in /opt/airflow/dags
[2026-06-30T05:04:01.500+0000] {manager.py:887} INFO - 
================================================================================
DAG File Processing Stats

File Path                             PID    Runtime      # DAGs    # Errors  Last Runtime    Last Run
------------------------------------  -----  ---------  --------  ----------  --------------  -------------------
/opt/airflow/dags/spark_batch_dag.py                           1           0  0.31s           2026-06-30T05:04:01
================================================================================
[2026-06-30T05:04:32.415+0000] {manager.py:887} INFO - 
================================================================================
DAG File Processing Stats

File Path                             PID    Runtime      # DAGs    # Errors  Last Runtime    Last Run
------------------------------------  -----  ---------  --------  ----------  --------------  -------------------
/opt/airflow/dags/spark_batch_dag.py                           1           0  0.11s           2026-06-30T05:04:32
================================================================================
[2026-06-30T05:05:02.592+0000] {manager.py:887} INFO - 
================================================================================
DAG File Processing Stats

File Path                             PID    Runtime      # DAGs    # Errors  Last Runtime    Last Run
------------------------------------  -----  ---------  --------  ----------  --------------  -------------------
/opt/airflow/dags/spark_batch_dag.py                           1           0  0.11s           2026-06-30T05:05:02
================================================================================
[2026-06-30T05:05:32.769+0000] {manager.py:887} INFO - 
================================================================================
DAG File Processing Stats

File Path                             PID    Runtime      # DAGs    # Errors  Last Runtime    Last Run
------------------------------------  -----  ---------  --------  ----------  --------------  -------------------
/opt/airflow/dags/spark_batch_dag.py                           1           0  0.11s           2026-06-30T05:05:32
================================================================================
[2026-06-30T05:06:02.951+0000] {manager.py:887} INFO - 
================================================================================
DAG File Processing Stats

File Path                             PID    Runtime      # DAGs    # Errors  Last Runtime    Last Run
------------------------------------  -----  ---------  --------  ----------  --------------  -------------------
/opt/airflow/dags/spark_batch_dag.py                           1           0  0.11s           2026-06-30T05:06:02
================================================================================
[2026-06-30T05:06:33.126+0000] {manager.py:887} INFO - 
================================================================================
DAG File Processing Stats

File Path                             PID    Runtime      # DAGs    # Errors  Last Runtime    Last Run
------------------------------------  -----  ---------  --------  ----------  --------------  -------------------
/opt/airflow/dags/spark_batch_dag.py                           1           0  0.11s           2026-06-30T05:06:33
================================================================================
[2026-06-30T05:23:01.173+0000] {manager.py:487} INFO - Processing files using up to 1 processes at a time 
[2026-06-30T05:23:01.177+0000] {manager.py:488} INFO - Process each file at most once every 30 seconds
[2026-06-30T05:23:01.177+0000] {manager.py:489} INFO - Checking for new files in /opt/airflow/dags every 300 seconds
[2026-06-30T05:23:01.178+0000] {manager.py:755} INFO - Searching for files in /opt/airflow/dags
[2026-06-30T05:23:01.179+0000] {manager.py:758} INFO - There are 1 files in /opt/airflow/dags
[2026-06-30T05:23:01.337+0000] {manager.py:887} INFO - 
================================================================================
DAG File Processing Stats

File Path                             PID    Runtime      # DAGs    # Errors  Last Runtime    Last Run
------------------------------------  -----  ---------  --------  ----------  --------------  -------------------
/opt/airflow/dags/spark_batch_dag.py                           1           0  0.11s           2026-06-30T05:23:01
================================================================================
[2026-06-30T05:23:31.464+0000] {manager.py:887} INFO - 
================================================================================
DAG File Processing Stats

File Path                             PID    Runtime      # DAGs    # Errors  Last Runtime    Last Run
------------------------------------  -----  ---------  --------  ----------  --------------  -------------------
/opt/airflow/dags/spark_batch_dag.py                           1           0  0.11s           2026-06-30T05:23:31
================================================================================
[2026-06-30T05:24:01.764+0000] {manager.py:887} INFO - 
================================================================================
DAG File Processing Stats

File Path                             PID    Runtime      # DAGs    # Errors  Last Runtime    Last Run
------------------------------------  -----  ---------  --------  ----------  --------------  -------------------
/opt/airflow/dags/spark_batch_dag.py                           1           0  0.11s           2026-06-30T05:24:01
================================================================================
