[2026-06-26T10:00:06.760+0000] {taskinstance.py:1159} INFO - Dependencies all met for dep_context=non-requeueable deps ti=<TaskInstance: spark_batch_clean_pipeline.run_pyspark_batch scheduled__2026-06-26T09:00:00+00:00 [queued]>
[2026-06-26T10:00:06.766+0000] {taskinstance.py:1159} INFO - Dependencies all met for dep_context=requeueable deps ti=<TaskInstance: spark_batch_clean_pipeline.run_pyspark_batch scheduled__2026-06-26T09:00:00+00:00 [queued]>
[2026-06-26T10:00:06.766+0000] {taskinstance.py:1361} INFO - Starting attempt 1 of 2
[2026-06-26T10:00:06.776+0000] {taskinstance.py:1382} INFO - Executing <Task(BashOperator): run_pyspark_batch> on 2026-06-26 09:00:00+00:00
[2026-06-26T10:00:06.781+0000] {standard_task_runner.py:57} INFO - Started process 1016 to run task
[2026-06-26T10:00:06.784+0000] {standard_task_runner.py:84} INFO - Running: ['airflow', 'tasks', 'run', 'spark_batch_clean_pipeline', 'run_pyspark_batch', 'scheduled__2026-06-26T09:00:00+00:00', '--job-id', '28', '--raw', '--subdir', 'DAGS_FOLDER/spark_batch_dag.py', '--cfg-path', '/tmp/tmpxqvxn_2q']
[2026-06-26T10:00:06.785+0000] {standard_task_runner.py:85} INFO - Job 28: Subtask run_pyspark_batch
[2026-06-26T10:00:06.815+0000] {task_command.py:416} INFO - Running <TaskInstance: spark_batch_clean_pipeline.run_pyspark_batch scheduled__2026-06-26T09:00:00+00:00 [running]> on host 68c80a16ea48
[2026-06-26T10:00:06.889+0000] {taskinstance.py:1662} INFO - Exporting env vars: AIRFLOW_CTX_DAG_OWNER='hsm_data_engineer' AIRFLOW_CTX_DAG_ID='spark_batch_clean_pipeline' AIRFLOW_CTX_TASK_ID='run_pyspark_batch' AIRFLOW_CTX_EXECUTION_DATE='2026-06-26T09:00:00+00:00' AIRFLOW_CTX_TRY_NUMBER='1' AIRFLOW_CTX_DAG_RUN_ID='scheduled__2026-06-26T09:00:00+00:00'
[2026-06-26T10:00:06.889+0000] {subprocess.py:63} INFO - Tmp dir root location: /tmp
[2026-06-26T10:00:06.890+0000] {subprocess.py:75} INFO - Running command: ['/bin/bash', '-c', '\n        python3 -m pip install --no-cache-dir pyspark==3.4.1 &&         SPARK_JARS_DIR=$(python3 -c "import pyspark, os; print(os.path.join(pyspark.__path__[0], \'jars\'))") &&         python3 -c "\nimport urllib.request, os\njars_dir = \'$SPARK_JARS_DIR\'\nhadoop_jar = os.path.join(jars_dir, \'hadoop-aws-3.3.4.jar\')\naws_jar = os.path.join(jars_dir, \'aws-java-sdk-bundle-1.12.262.jar\')\n\nif not os.path.exists(hadoop_jar):\n    print(\'Downloading hadoop-aws...\')\n    urllib.request.urlretrieve(\'https://repo1.maven.org/maven2/org/apache/hadoop/hadoop-aws/3.3.4/hadoop-aws-3.3.4.jar\', hadoop_jar)\n\nif not os.path.exists(aws_jar):\n    print(\'Downloading aws-java-sdk-bundle...\')\n    urllib.request.urlretrieve(\'https://repo1.maven.org/maven2/com/amazonaws/aws-java-sdk-bundle/1.12.262/aws-java-sdk-bundle-1.12.262.jar\', aws_jar)\n" &&         cd /opt/de-roadmap &&         python3 spark_batch_clean.py\n        ']
[2026-06-26T10:00:06.900+0000] {subprocess.py:86} INFO - Output:
[2026-06-26T10:00:07.566+0000] {subprocess.py:93} INFO - Requirement already satisfied: pyspark==3.4.1 in /usr/local/lib/python3.10/site-packages (3.4.1)
[2026-06-26T10:00:07.579+0000] {subprocess.py:93} INFO - Requirement already satisfied: py4j==0.10.9.7 in /usr/local/lib/python3.10/site-packages (from pyspark==3.4.1) (0.10.9.7)
[2026-06-26T10:00:12.471+0000] {subprocess.py:93} INFO - WARNING: Running pip as the 'root' user can result in broken permissions and conflicting behaviour with the system package manager. It is recommended to use a virtual environment instead: https://pip.pypa.io/warnings/venv
[2026-06-26T10:00:12.576+0000] {subprocess.py:93} INFO - 
[2026-06-26T10:00:12.577+0000] {subprocess.py:93} INFO - [notice] A new release of pip is available: 23.0.1 -> 26.1.2
[2026-06-26T10:00:12.577+0000] {subprocess.py:93} INFO - [notice] To update, run: pip3 install --upgrade pip
[2026-06-26T10:00:13.465+0000] {subprocess.py:93} INFO - /usr/local/lib/python3.10/site-packages/pyspark/bin/load-spark-env.sh: line 68: ps: command not found
[2026-06-26T10:00:15.846+0000] {subprocess.py:93} INFO - Warning: Ignoring non-Spark config property: fs.s3a.connection.ssl.enabled
[2026-06-26T10:00:16.520+0000] {subprocess.py:93} INFO - Setting default log level to "WARN".
[2026-06-26T10:00:16.520+0000] {subprocess.py:93} INFO - To adjust logging level use sc.setLogLevel(newLevel). For SparkR, use setLogLevel(newLevel).
[2026-06-26T10:00:17.035+0000] {subprocess.py:93} INFO - 26/06/26 10:00:17 WARN NativeCodeLoader: Unable to load native-hadoop library for your platform... using builtin-java classes where applicable
[2026-06-26T10:00:19.587+0000] {subprocess.py:93} INFO - 26/06/26 10:00:19 INFO SharedState: Setting hive.metastore.warehouse.dir ('null') to the value of spark.sql.warehouse.dir.
[2026-06-26T10:00:19.598+0000] {subprocess.py:93} INFO - 26/06/26 10:00:19 INFO SharedState: Warehouse path is 'file:/opt/de-roadmap/spark-warehouse'.
[2026-06-26T10:00:20.852+0000] {subprocess.py:93} INFO - 26/06/26 10:00:20 WARN MetricsConfig: Cannot locate configuration: tried hadoop-metrics2-s3a-file-system.properties,hadoop-metrics2.properties
[2026-06-26T10:00:20.870+0000] {subprocess.py:93} INFO - 26/06/26 10:00:20 INFO MetricsSystemImpl: Scheduled Metric snapshot period at 10 second(s).
[2026-06-26T10:00:20.871+0000] {subprocess.py:93} INFO - 26/06/26 10:00:20 INFO MetricsSystemImpl: s3a-file-system metrics system started
[2026-06-26T10:14:18.502+0000] {subprocess.py:93} INFO - 26/06/26 10:14:18 WARN FileStreamSink: Assume no metadata directory. Error while looking for metadata directory in the path: s3a://raw-data-lake/year=*/*/*/*/*.json.
[2026-06-26T10:14:18.598+0000] {subprocess.py:93} INFO - org.apache.hadoop.fs.s3a.AWSClientIOException: getFileStatus on s3a://raw-data-lake/year=*/*/*/*/*.json: com.amazonaws.SdkClientException: Unable to execute HTTP request: host.docker.internal: Name or service not known: Unable to execute HTTP request: host.docker.internal: Name or service not known
[2026-06-26T10:14:18.600+0000] {subprocess.py:93} INFO - 	at org.apache.hadoop.fs.s3a.S3AUtils.translateException(S3AUtils.java:214)
[2026-06-26T10:14:18.600+0000] {subprocess.py:93} INFO - 	at org.apache.hadoop.fs.s3a.S3AUtils.translateException(S3AUtils.java:175)
[2026-06-26T10:14:18.600+0000] {subprocess.py:93} INFO - 	at org.apache.hadoop.fs.s3a.S3AFileSystem.s3GetFileStatus(S3AFileSystem.java:3861)
[2026-06-26T10:14:18.601+0000] {subprocess.py:93} INFO - 	at org.apache.hadoop.fs.s3a.S3AFileSystem.innerGetFileStatus(S3AFileSystem.java:3688)
[2026-06-26T10:14:18.602+0000] {subprocess.py:93} INFO - 	at org.apache.hadoop.fs.s3a.S3AFileSystem.lambda$isDirectory$35(S3AFileSystem.java:4724)
[2026-06-26T10:14:18.602+0000] {subprocess.py:93} INFO - 	at org.apache.hadoop.fs.statistics.impl.IOStatisticsBinding.lambda$trackDurationOfOperation$5(IOStatisticsBinding.java:499)
[2026-06-26T10:14:18.603+0000] {subprocess.py:93} INFO - 	at org.apache.hadoop.fs.statistics.impl.IOStatisticsBinding.trackDuration(IOStatisticsBinding.java:444)
[2026-06-26T10:14:18.604+0000] {subprocess.py:93} INFO - 	at org.apache.hadoop.fs.s3a.S3AFileSystem.trackDurationAndSpan(S3AFileSystem.java:2337)
[2026-06-26T10:14:18.604+0000] {subprocess.py:93} INFO - 	at org.apache.hadoop.fs.s3a.S3AFileSystem.trackDurationAndSpan(S3AFileSystem.java:2356)
[2026-06-26T10:14:18.604+0000] {subprocess.py:93} INFO - 	at org.apache.hadoop.fs.s3a.S3AFileSystem.isDirectory(S3AFileSystem.java:4722)
[2026-06-26T10:14:18.604+0000] {subprocess.py:93} INFO - 	at org.apache.spark.sql.execution.streaming.FileStreamSink$.hasMetadata(FileStreamSink.scala:54)
[2026-06-26T10:14:18.604+0000] {subprocess.py:93} INFO - 	at org.apache.spark.sql.execution.datasources.DataSource.resolveRelation(DataSource.scala:366)
[2026-06-26T10:14:18.604+0000] {subprocess.py:93} INFO - 	at org.apache.spark.sql.DataFrameReader.loadV1Source(DataFrameReader.scala:229)
[2026-06-26T10:14:18.605+0000] {subprocess.py:93} INFO - 	at org.apache.spark.sql.DataFrameReader.$anonfun$load$2(DataFrameReader.scala:211)
[2026-06-26T10:14:18.605+0000] {subprocess.py:93} INFO - 	at scala.Option.getOrElse(Option.scala:189)
[2026-06-26T10:14:18.605+0000] {subprocess.py:93} INFO - 	at org.apache.spark.sql.DataFrameReader.load(DataFrameReader.scala:211)
[2026-06-26T10:14:18.605+0000] {subprocess.py:93} INFO - 	at org.apache.spark.sql.DataFrameReader.json(DataFrameReader.scala:362)
[2026-06-26T10:14:18.605+0000] {subprocess.py:93} INFO - 	at java.base/jdk.internal.reflect.NativeMethodAccessorImpl.invoke0(Native Method)
[2026-06-26T10:14:18.605+0000] {subprocess.py:93} INFO - 	at java.base/jdk.internal.reflect.NativeMethodAccessorImpl.invoke(NativeMethodAccessorImpl.java:62)
[2026-06-26T10:14:18.606+0000] {subprocess.py:93} INFO - 	at java.base/jdk.internal.reflect.DelegatingMethodAccessorImpl.invoke(DelegatingMethodAccessorImpl.java:43)
[2026-06-26T10:14:18.606+0000] {subprocess.py:93} INFO - 	at java.base/java.lang.reflect.Method.invoke(Method.java:566)
[2026-06-26T10:14:18.606+0000] {subprocess.py:93} INFO - 	at py4j.reflection.MethodInvoker.invoke(MethodInvoker.java:244)
[2026-06-26T10:14:18.606+0000] {subprocess.py:93} INFO - 	at py4j.reflection.ReflectionEngine.invoke(ReflectionEngine.java:374)
[2026-06-26T10:14:18.606+0000] {subprocess.py:93} INFO - 	at py4j.Gateway.invoke(Gateway.java:282)
[2026-06-26T10:14:18.606+0000] {subprocess.py:93} INFO - 	at py4j.commands.AbstractCommand.invokeMethod(AbstractCommand.java:132)
[2026-06-26T10:14:18.607+0000] {subprocess.py:93} INFO - 	at py4j.commands.CallCommand.execute(CallCommand.java:79)
[2026-06-26T10:14:18.607+0000] {subprocess.py:93} INFO - 	at py4j.ClientServerConnection.waitForCommands(ClientServerConnection.java:182)
[2026-06-26T10:14:18.607+0000] {subprocess.py:93} INFO - 	at py4j.ClientServerConnection.run(ClientServerConnection.java:106)
[2026-06-26T10:14:18.607+0000] {subprocess.py:93} INFO - 	at java.base/java.lang.Thread.run(Thread.java:829)
[2026-06-26T10:14:18.608+0000] {subprocess.py:93} INFO - Caused by: com.amazonaws.SdkClientException: Unable to execute HTTP request: host.docker.internal: Name or service not known
[2026-06-26T10:14:18.608+0000] {subprocess.py:93} INFO - 	at com.amazonaws.http.AmazonHttpClient$RequestExecutor.handleRetryableException(AmazonHttpClient.java:1219)
[2026-06-26T10:14:18.608+0000] {subprocess.py:93} INFO - 	at com.amazonaws.http.AmazonHttpClient$RequestExecutor.executeHelper(AmazonHttpClient.java:1165)
[2026-06-26T10:14:18.608+0000] {subprocess.py:93} INFO - 	at com.amazonaws.http.AmazonHttpClient$RequestExecutor.doExecute(AmazonHttpClient.java:814)
[2026-06-26T10:14:18.609+0000] {subprocess.py:93} INFO - 	at com.amazonaws.http.AmazonHttpClient$RequestExecutor.executeWithTimer(AmazonHttpClient.java:781)
[2026-06-26T10:14:18.609+0000] {subprocess.py:93} INFO - 	at com.amazonaws.http.AmazonHttpClient$RequestExecutor.execute(AmazonHttpClient.java:755)
[2026-06-26T10:14:18.609+0000] {subprocess.py:93} INFO - 	at com.amazonaws.http.AmazonHttpClient$RequestExecutor.access$500(AmazonHttpClient.java:715)
[2026-06-26T10:14:18.609+0000] {subprocess.py:93} INFO - 	at com.amazonaws.http.AmazonHttpClient$RequestExecutionBuilderImpl.execute(AmazonHttpClient.java:697)
[2026-06-26T10:14:18.609+0000] {subprocess.py:93} INFO - 	at com.amazonaws.http.AmazonHttpClient.execute(AmazonHttpClient.java:561)
[2026-06-26T10:14:18.610+0000] {subprocess.py:93} INFO - 	at com.amazonaws.http.AmazonHttpClient.execute(AmazonHttpClient.java:541)
[2026-06-26T10:14:18.610+0000] {subprocess.py:93} INFO - 	at com.amazonaws.services.s3.AmazonS3Client.invoke(AmazonS3Client.java:5456)
[2026-06-26T10:14:18.610+0000] {subprocess.py:93} INFO - 	at com.amazonaws.services.s3.AmazonS3Client.invoke(AmazonS3Client.java:5403)
[2026-06-26T10:14:18.611+0000] {subprocess.py:93} INFO - 	at com.amazonaws.services.s3.AmazonS3Client.invoke(AmazonS3Client.java:5397)
[2026-06-26T10:14:18.611+0000] {subprocess.py:93} INFO - 	at com.amazonaws.services.s3.AmazonS3Client.listObjectsV2(AmazonS3Client.java:971)
[2026-06-26T10:14:18.612+0000] {subprocess.py:93} INFO - 	at org.apache.hadoop.fs.s3a.S3AFileSystem.lambda$listObjects$11(S3AFileSystem.java:2595)
[2026-06-26T10:14:18.613+0000] {subprocess.py:93} INFO - 	at org.apache.hadoop.fs.statistics.impl.IOStatisticsBinding.lambda$trackDurationOfOperation$5(IOStatisticsBinding.java:499)
[2026-06-26T10:14:18.613+0000] {subprocess.py:93} INFO - 	at org.apache.hadoop.fs.s3a.Invoker.retryUntranslated(Invoker.java:414)
[2026-06-26T10:14:18.613+0000] {subprocess.py:93} INFO - 	at org.apache.hadoop.fs.s3a.Invoker.retryUntranslated(Invoker.java:377)
[2026-06-26T10:14:18.613+0000] {subprocess.py:93} INFO - 	at org.apache.hadoop.fs.s3a.S3AFileSystem.listObjects(S3AFileSystem.java:2586)
[2026-06-26T10:14:18.613+0000] {subprocess.py:93} INFO - 	at org.apache.hadoop.fs.s3a.S3AFileSystem.s3GetFileStatus(S3AFileSystem.java:3832)
[2026-06-26T10:14:18.614+0000] {subprocess.py:93} INFO - 	... 26 more
[2026-06-26T10:14:18.614+0000] {subprocess.py:93} INFO - Caused by: java.net.UnknownHostException: host.docker.internal: Name or service not known
[2026-06-26T10:14:18.614+0000] {subprocess.py:93} INFO - 	at java.base/java.net.Inet6AddressImpl.lookupAllHostAddr(Native Method)
[2026-06-26T10:14:18.614+0000] {subprocess.py:93} INFO - 	at java.base/java.net.InetAddress$PlatformNameService.lookupAllHostAddr(InetAddress.java:930)
[2026-06-26T10:14:18.614+0000] {subprocess.py:93} INFO - 	at java.base/java.net.InetAddress.getAddressesFromNameService(InetAddress.java:1543)
[2026-06-26T10:14:18.614+0000] {subprocess.py:93} INFO - 	at java.base/java.net.InetAddress$NameServiceAddresses.get(InetAddress.java:848)
[2026-06-26T10:14:18.614+0000] {subprocess.py:93} INFO - 	at java.base/java.net.InetAddress.getAllByName0(InetAddress.java:1533)
[2026-06-26T10:14:18.614+0000] {subprocess.py:93} INFO - 	at java.base/java.net.InetAddress.getAllByName(InetAddress.java:1386)
[2026-06-26T10:14:18.614+0000] {subprocess.py:93} INFO - 	at java.base/java.net.InetAddress.getAllByName(InetAddress.java:1307)
[2026-06-26T10:14:18.614+0000] {subprocess.py:93} INFO - 	at com.amazonaws.SystemDefaultDnsResolver.resolve(SystemDefaultDnsResolver.java:27)
[2026-06-26T10:14:18.615+0000] {subprocess.py:93} INFO - 	at com.amazonaws.http.DelegatingDnsResolver.resolve(DelegatingDnsResolver.java:38)
[2026-06-26T10:14:18.615+0000] {subprocess.py:93} INFO - 	at com.amazonaws.thirdparty.apache.http.impl.conn.DefaultHttpClientConnectionOperator.connect(DefaultHttpClientConnectionOperator.java:112)
[2026-06-26T10:14:18.615+0000] {subprocess.py:93} INFO - 	at com.amazonaws.thirdparty.apache.http.impl.conn.PoolingHttpClientConnectionManager.connect(PoolingHttpClientConnectionManager.java:376)
[2026-06-26T10:14:18.615+0000] {subprocess.py:93} INFO - 	at jdk.internal.reflect.GeneratedMethodAccessor20.invoke(Unknown Source)
[2026-06-26T10:14:18.615+0000] {subprocess.py:93} INFO - 	at java.base/jdk.internal.reflect.DelegatingMethodAccessorImpl.invoke(DelegatingMethodAccessorImpl.java:43)
[2026-06-26T10:14:18.615+0000] {subprocess.py:93} INFO - 	at java.base/java.lang.reflect.Method.invoke(Method.java:566)
[2026-06-26T10:14:18.615+0000] {subprocess.py:93} INFO - 	at com.amazonaws.http.conn.ClientConnectionManagerFactory$Handler.invoke(ClientConnectionManagerFactory.java:76)
[2026-06-26T10:14:18.615+0000] {subprocess.py:93} INFO - 	at com.amazonaws.http.conn.$Proxy33.connect(Unknown Source)
[2026-06-26T10:14:18.615+0000] {subprocess.py:93} INFO - 	at com.amazonaws.thirdparty.apache.http.impl.execchain.MainClientExec.establishRoute(MainClientExec.java:393)
[2026-06-26T10:14:18.615+0000] {subprocess.py:93} INFO - 	at com.amazonaws.thirdparty.apache.http.impl.execchain.MainClientExec.execute(MainClientExec.java:236)
[2026-06-26T10:14:18.615+0000] {subprocess.py:93} INFO - 	at com.amazonaws.thirdparty.apache.http.impl.execchain.ProtocolExec.execute(ProtocolExec.java:186)
[2026-06-26T10:14:18.615+0000] {subprocess.py:93} INFO - 	at com.amazonaws.thirdparty.apache.http.impl.client.InternalHttpClient.doExecute(InternalHttpClient.java:185)
[2026-06-26T10:14:18.615+0000] {subprocess.py:93} INFO - 	at com.amazonaws.thirdparty.apache.http.impl.client.CloseableHttpClient.execute(CloseableHttpClient.java:83)
[2026-06-26T10:14:18.615+0000] {subprocess.py:93} INFO - 	at com.amazonaws.thirdparty.apache.http.impl.client.CloseableHttpClient.execute(CloseableHttpClient.java:56)
[2026-06-26T10:14:18.615+0000] {subprocess.py:93} INFO - 	at com.amazonaws.http.apache.client.impl.SdkHttpClient.execute(SdkHttpClient.java:72)
[2026-06-26T10:14:18.615+0000] {subprocess.py:93} INFO - 	at com.amazonaws.http.AmazonHttpClient$RequestExecutor.executeOneRequest(AmazonHttpClient.java:1346)
[2026-06-26T10:14:18.615+0000] {subprocess.py:93} INFO - 	at com.amazonaws.http.AmazonHttpClient$RequestExecutor.executeHelper(AmazonHttpClient.java:1157)
[2026-06-26T10:14:18.616+0000] {subprocess.py:93} INFO - 	... 43 more
[2026-06-26T10:16:18.474+0000] {subprocess.py:93} INFO - 26/06/26 10:16:18 INFO SparkContext: SparkContext is stopping with exitCode 0.
[2026-06-26T10:16:18.749+0000] {subprocess.py:93} INFO - 26/06/26 10:16:18 INFO SparkUI: Stopped Spark web UI at http://68c80a16ea48:4040
[2026-06-26T10:16:19.120+0000] {subprocess.py:93} INFO - 26/06/26 10:16:19 INFO MapOutputTrackerMasterEndpoint: MapOutputTrackerMasterEndpoint stopped!
[2026-06-26T10:16:19.319+0000] {subprocess.py:93} INFO - 26/06/26 10:16:19 INFO MemoryStore: MemoryStore cleared
[2026-06-26T10:16:19.320+0000] {subprocess.py:93} INFO - 26/06/26 10:16:19 INFO BlockManager: BlockManager stopped
[2026-06-26T10:16:19.459+0000] {subprocess.py:93} INFO - 26/06/26 10:16:19 INFO BlockManagerMaster: BlockManagerMaster stopped
[2026-06-26T10:16:19.502+0000] {subprocess.py:93} INFO - 26/06/26 10:16:19 INFO OutputCommitCoordinator$OutputCommitCoordinatorEndpoint: OutputCommitCoordinator stopped!
[2026-06-26T10:16:19.578+0000] {subprocess.py:93} INFO - 26/06/26 10:16:19 INFO SparkContext: Successfully stopped SparkContext
[2026-06-26T10:16:19.677+0000] {subprocess.py:93} INFO - ⚡ [Internal Network] 컨테이너 전용 고속 백본망 라우팅 개시...
[2026-06-26T10:16:19.679+0000] {subprocess.py:93} INFO - 📥 데이터 레이크 로딩 중: s3a://raw-data-lake/year=*/*/*/*/*.json
[2026-06-26T10:16:19.681+0000] {subprocess.py:93} INFO - ❌ 스파크 배치 연산 중 에러 발생: An error occurred while calling o38.json.
[2026-06-26T10:16:19.682+0000] {subprocess.py:93} INFO - : org.apache.hadoop.fs.s3a.AWSClientIOException: listStatus on s3a://raw-data-lake/: com.amazonaws.SdkClientException: Unable to execute HTTP request: host.docker.internal: Name or service not known: Unable to execute HTTP request: host.docker.internal: Name or service not known
[2026-06-26T10:16:19.682+0000] {subprocess.py:93} INFO - 	at org.apache.hadoop.fs.s3a.S3AUtils.translateException(S3AUtils.java:214)
[2026-06-26T10:16:19.682+0000] {subprocess.py:93} INFO - 	at org.apache.hadoop.fs.s3a.Invoker.once(Invoker.java:119)
[2026-06-26T10:16:19.682+0000] {subprocess.py:93} INFO - 	at org.apache.hadoop.fs.s3a.S3AFileSystem.lambda$listStatus$21(S3AFileSystem.java:3263)
[2026-06-26T10:16:19.682+0000] {subprocess.py:93} INFO - 	at org.apache.hadoop.fs.statistics.impl.IOStatisticsBinding.lambda$trackDurationOfOperation$5(IOStatisticsBinding.java:499)
[2026-06-26T10:16:19.682+0000] {subprocess.py:93} INFO - 	at org.apache.hadoop.fs.statistics.impl.IOStatisticsBinding.trackDuration(IOStatisticsBinding.java:444)
[2026-06-26T10:16:19.683+0000] {subprocess.py:93} INFO - 	at org.apache.hadoop.fs.s3a.S3AFileSystem.trackDurationAndSpan(S3AFileSystem.java:2337)
[2026-06-26T10:16:19.683+0000] {subprocess.py:93} INFO - 	at org.apache.hadoop.fs.s3a.S3AFileSystem.trackDurationAndSpan(S3AFileSystem.java:2356)
[2026-06-26T10:16:19.683+0000] {subprocess.py:93} INFO - 	at org.apache.hadoop.fs.s3a.S3AFileSystem.listStatus(S3AFileSystem.java:3262)
[2026-06-26T10:16:19.683+0000] {subprocess.py:93} INFO - 	at org.apache.hadoop.fs.Globber.listStatus(Globber.java:128)
[2026-06-26T10:16:19.683+0000] {subprocess.py:93} INFO - 	at org.apache.hadoop.fs.Globber.doGlob(Globber.java:291)
[2026-06-26T10:16:19.683+0000] {subprocess.py:93} INFO - 	at org.apache.hadoop.fs.Globber.glob(Globber.java:202)
[2026-06-26T10:16:19.683+0000] {subprocess.py:93} INFO - 	at org.apache.hadoop.fs.s3a.S3AFileSystem.lambda$globStatus$33(S3AFileSystem.java:4689)
[2026-06-26T10:16:19.683+0000] {subprocess.py:93} INFO - 	at org.apache.hadoop.fs.statistics.impl.IOStatisticsBinding.lambda$trackDurationOfOperation$5(IOStatisticsBinding.java:499)
[2026-06-26T10:16:19.683+0000] {subprocess.py:93} INFO - 	at org.apache.hadoop.fs.statistics.impl.IOStatisticsBinding.trackDuration(IOStatisticsBinding.java:444)
[2026-06-26T10:16:19.683+0000] {subprocess.py:93} INFO - 	at org.apache.hadoop.fs.s3a.S3AFileSystem.trackDurationAndSpan(S3AFileSystem.java:2337)
[2026-06-26T10:16:19.683+0000] {subprocess.py:93} INFO - 	at org.apache.hadoop.fs.s3a.S3AFileSystem.trackDurationAndSpan(S3AFileSystem.java:2356)
[2026-06-26T10:16:19.683+0000] {subprocess.py:93} INFO - 	at org.apache.hadoop.fs.s3a.S3AFileSystem.globStatus(S3AFileSystem.java:4682)
[2026-06-26T10:16:19.683+0000] {subprocess.py:93} INFO - 	at org.apache.hadoop.fs.s3a.S3AFileSystem.globStatus(S3AFileSystem.java:4663)
[2026-06-26T10:16:19.683+0000] {subprocess.py:93} INFO - 	at org.apache.spark.deploy.SparkHadoopUtil.globPath(SparkHadoopUtil.scala:254)
[2026-06-26T10:16:19.683+0000] {subprocess.py:93} INFO - 	at org.apache.spark.sql.execution.datasources.DataSource$.$anonfun$checkAndGlobPathIfNecessary$3(DataSource.scala:737)
[2026-06-26T10:16:19.684+0000] {subprocess.py:93} INFO - 	at org.apache.spark.util.ThreadUtils$.$anonfun$parmap$2(ThreadUtils.scala:393)
[2026-06-26T10:16:19.684+0000] {subprocess.py:93} INFO - 	at scala.concurrent.Future$.$anonfun$apply$1(Future.scala:659)
[2026-06-26T10:16:19.684+0000] {subprocess.py:93} INFO - 	at scala.util.Success.$anonfun$map$1(Try.scala:255)
[2026-06-26T10:16:19.684+0000] {subprocess.py:93} INFO - 	at scala.util.Success.map(Try.scala:213)
[2026-06-26T10:16:19.684+0000] {subprocess.py:93} INFO - 	at scala.concurrent.Future.$anonfun$map$1(Future.scala:292)
[2026-06-26T10:16:19.684+0000] {subprocess.py:93} INFO - 	at scala.concurrent.impl.Promise.liftedTree1$1(Promise.scala:33)
[2026-06-26T10:16:19.684+0000] {subprocess.py:93} INFO - 	at scala.concurrent.impl.Promise.$anonfun$transform$1(Promise.scala:33)
[2026-06-26T10:16:19.684+0000] {subprocess.py:93} INFO - 	at scala.concurrent.impl.CallbackRunnable.run(Promise.scala:64)
[2026-06-26T10:16:19.684+0000] {subprocess.py:93} INFO - 	at java.base/java.util.concurrent.ForkJoinTask$RunnableExecuteAction.exec(ForkJoinTask.java:1426)
[2026-06-26T10:16:19.684+0000] {subprocess.py:93} INFO - 	at java.base/java.util.concurrent.ForkJoinTask.doExec(ForkJoinTask.java:290)
[2026-06-26T10:16:19.684+0000] {subprocess.py:93} INFO - 	at java.base/java.util.concurrent.ForkJoinPool$WorkQueue.topLevelExec(ForkJoinPool.java:1020)
[2026-06-26T10:16:19.684+0000] {subprocess.py:93} INFO - 	at java.base/java.util.concurrent.ForkJoinPool.scan(ForkJoinPool.java:1656)
[2026-06-26T10:16:19.684+0000] {subprocess.py:93} INFO - 	at java.base/java.util.concurrent.ForkJoinPool.runWorker(ForkJoinPool.java:1594)
[2026-06-26T10:16:19.685+0000] {subprocess.py:93} INFO - 	at java.base/java.util.concurrent.ForkJoinWorkerThread.run(ForkJoinWorkerThread.java:183)
[2026-06-26T10:16:19.685+0000] {subprocess.py:93} INFO - Caused by: com.amazonaws.SdkClientException: Unable to execute HTTP request: host.docker.internal: Name or service not known
[2026-06-26T10:16:19.685+0000] {subprocess.py:93} INFO - 	at com.amazonaws.http.AmazonHttpClient$RequestExecutor.handleRetryableException(AmazonHttpClient.java:1219)
[2026-06-26T10:16:19.685+0000] {subprocess.py:93} INFO - 	at com.amazonaws.http.AmazonHttpClient$RequestExecutor.executeHelper(AmazonHttpClient.java:1165)
[2026-06-26T10:16:19.685+0000] {subprocess.py:93} INFO - 	at com.amazonaws.http.AmazonHttpClient$RequestExecutor.doExecute(AmazonHttpClient.java:814)
[2026-06-26T10:16:19.685+0000] {subprocess.py:93} INFO - 	at com.amazonaws.http.AmazonHttpClient$RequestExecutor.executeWithTimer(AmazonHttpClient.java:781)
[2026-06-26T10:16:19.685+0000] {subprocess.py:93} INFO - 	at com.amazonaws.http.AmazonHttpClient$RequestExecutor.execute(AmazonHttpClient.java:755)
[2026-06-26T10:16:19.685+0000] {subprocess.py:93} INFO - 	at com.amazonaws.http.AmazonHttpClient$RequestExecutor.access$500(AmazonHttpClient.java:715)
[2026-06-26T10:16:19.685+0000] {subprocess.py:93} INFO - 	at com.amazonaws.http.AmazonHttpClient$RequestExecutionBuilderImpl.execute(AmazonHttpClient.java:697)
[2026-06-26T10:16:19.686+0000] {subprocess.py:93} INFO - 	at com.amazonaws.http.AmazonHttpClient.execute(AmazonHttpClient.java:561)
[2026-06-26T10:16:19.686+0000] {subprocess.py:93} INFO - 	at com.amazonaws.http.AmazonHttpClient.execute(AmazonHttpClient.java:541)
[2026-06-26T10:16:19.686+0000] {subprocess.py:93} INFO - 	at com.amazonaws.services.s3.AmazonS3Client.invoke(AmazonS3Client.java:5456)
[2026-06-26T10:16:19.686+0000] {subprocess.py:93} INFO - 	at com.amazonaws.services.s3.AmazonS3Client.invoke(AmazonS3Client.java:5403)
[2026-06-26T10:16:19.686+0000] {subprocess.py:93} INFO - 	at com.amazonaws.services.s3.AmazonS3Client.invoke(AmazonS3Client.java:5397)
[2026-06-26T10:16:19.686+0000] {subprocess.py:93} INFO - 	at com.amazonaws.services.s3.AmazonS3Client.listObjectsV2(AmazonS3Client.java:971)
[2026-06-26T10:16:19.686+0000] {subprocess.py:93} INFO - 	at org.apache.hadoop.fs.s3a.S3AFileSystem.lambda$listObjects$11(S3AFileSystem.java:2595)
[2026-06-26T10:16:19.686+0000] {subprocess.py:93} INFO - 	at org.apache.hadoop.fs.statistics.impl.IOStatisticsBinding.lambda$trackDurationOfOperation$5(IOStatisticsBinding.java:499)
[2026-06-26T10:16:19.686+0000] {subprocess.py:93} INFO - 	at org.apache.hadoop.fs.s3a.Invoker.retryUntranslated(Invoker.java:414)
[2026-06-26T10:16:19.686+0000] {subprocess.py:93} INFO - 	at org.apache.hadoop.fs.s3a.Invoker.retryUntranslated(Invoker.java:377)
[2026-06-26T10:16:19.686+0000] {subprocess.py:93} INFO - 	at org.apache.hadoop.fs.s3a.S3AFileSystem.listObjects(S3AFileSystem.java:2586)
[2026-06-26T10:16:19.686+0000] {subprocess.py:93} INFO - 	at org.apache.hadoop.fs.s3a.S3AFileSystem$ListingOperationCallbacksImpl.lambda$listObjectsAsync$0(S3AFileSystem.java:2153)
[2026-06-26T10:16:19.686+0000] {subprocess.py:93} INFO - 	at org.apache.hadoop.fs.s3a.impl.CallableSupplier.get(CallableSupplier.java:87)
[2026-06-26T10:16:19.687+0000] {subprocess.py:93} INFO - 	at java.base/java.util.concurrent.CompletableFuture$AsyncSupply.run(CompletableFuture.java:1700)
[2026-06-26T10:16:19.687+0000] {subprocess.py:93} INFO - 	at java.base/java.util.concurrent.ThreadPoolExecutor.runWorker(ThreadPoolExecutor.java:1128)
[2026-06-26T10:16:19.687+0000] {subprocess.py:93} INFO - 	at java.base/java.util.concurrent.ThreadPoolExecutor$Worker.run(ThreadPoolExecutor.java:628)
[2026-06-26T10:16:19.687+0000] {subprocess.py:93} INFO - 	at java.base/java.lang.Thread.run(Thread.java:829)
[2026-06-26T10:16:19.687+0000] {subprocess.py:93} INFO - Caused by: java.net.UnknownHostException: host.docker.internal: Name or service not known
[2026-06-26T10:16:19.687+0000] {subprocess.py:93} INFO - 	at java.base/java.net.Inet6AddressImpl.lookupAllHostAddr(Native Method)
[2026-06-26T10:16:19.687+0000] {subprocess.py:93} INFO - 	at java.base/java.net.InetAddress$PlatformNameService.lookupAllHostAddr(InetAddress.java:930)
[2026-06-26T10:16:19.687+0000] {subprocess.py:93} INFO - 	at java.base/java.net.InetAddress.getAddressesFromNameService(InetAddress.java:1543)
[2026-06-26T10:16:19.687+0000] {subprocess.py:93} INFO - 	at java.base/java.net.InetAddress$NameServiceAddresses.get(InetAddress.java:848)
[2026-06-26T10:16:19.687+0000] {subprocess.py:93} INFO - 	at java.base/java.net.InetAddress.getAllByName0(InetAddress.java:1533)
[2026-06-26T10:16:19.687+0000] {subprocess.py:93} INFO - 	at java.base/java.net.InetAddress.getAllByName(InetAddress.java:1386)
[2026-06-26T10:16:19.687+0000] {subprocess.py:93} INFO - 	at java.base/java.net.InetAddress.getAllByName(InetAddress.java:1307)
[2026-06-26T10:16:19.687+0000] {subprocess.py:93} INFO - 	at com.amazonaws.SystemDefaultDnsResolver.resolve(SystemDefaultDnsResolver.java:27)
[2026-06-26T10:16:19.687+0000] {subprocess.py:93} INFO - 	at com.amazonaws.http.DelegatingDnsResolver.resolve(DelegatingDnsResolver.java:38)
[2026-06-26T10:16:19.687+0000] {subprocess.py:93} INFO - 	at com.amazonaws.thirdparty.apache.http.impl.conn.DefaultHttpClientConnectionOperator.connect(DefaultHttpClientConnectionOperator.java:112)
[2026-06-26T10:16:19.687+0000] {subprocess.py:93} INFO - 	at com.amazonaws.thirdparty.apache.http.impl.conn.PoolingHttpClientConnectionManager.connect(PoolingHttpClientConnectionManager.java:376)
[2026-06-26T10:16:19.687+0000] {subprocess.py:93} INFO - 	at jdk.internal.reflect.GeneratedMethodAccessor20.invoke(Unknown Source)
[2026-06-26T10:16:19.688+0000] {subprocess.py:93} INFO - 	at java.base/jdk.internal.reflect.DelegatingMethodAccessorImpl.invoke(DelegatingMethodAccessorImpl.java:43)
[2026-06-26T10:16:19.688+0000] {subprocess.py:93} INFO - 	at java.base/java.lang.reflect.Method.invoke(Method.java:566)
[2026-06-26T10:16:19.688+0000] {subprocess.py:93} INFO - 	at com.amazonaws.http.conn.ClientConnectionManagerFactory$Handler.invoke(ClientConnectionManagerFactory.java:76)
[2026-06-26T10:16:19.688+0000] {subprocess.py:93} INFO - 	at com.amazonaws.http.conn.$Proxy33.connect(Unknown Source)
[2026-06-26T10:16:19.688+0000] {subprocess.py:93} INFO - 	at com.amazonaws.thirdparty.apache.http.impl.execchain.MainClientExec.establishRoute(MainClientExec.java:393)
[2026-06-26T10:16:19.688+0000] {subprocess.py:93} INFO - 	at com.amazonaws.thirdparty.apache.http.impl.execchain.MainClientExec.execute(MainClientExec.java:236)
[2026-06-26T10:16:19.688+0000] {subprocess.py:93} INFO - 	at com.amazonaws.thirdparty.apache.http.impl.execchain.ProtocolExec.execute(ProtocolExec.java:186)
[2026-06-26T10:16:19.688+0000] {subprocess.py:93} INFO - 	at com.amazonaws.thirdparty.apache.http.impl.client.InternalHttpClient.doExecute(InternalHttpClient.java:185)
[2026-06-26T10:16:19.688+0000] {subprocess.py:93} INFO - 	at com.amazonaws.thirdparty.apache.http.impl.client.CloseableHttpClient.execute(CloseableHttpClient.java:83)
[2026-06-26T10:16:19.688+0000] {subprocess.py:93} INFO - 	at com.amazonaws.thirdparty.apache.http.impl.client.CloseableHttpClient.execute(CloseableHttpClient.java:56)
[2026-06-26T10:16:19.688+0000] {subprocess.py:93} INFO - 	at com.amazonaws.http.apache.client.impl.SdkHttpClient.execute(SdkHttpClient.java:72)
[2026-06-26T10:16:19.688+0000] {subprocess.py:93} INFO - 	at com.amazonaws.http.AmazonHttpClient$RequestExecutor.executeOneRequest(AmazonHttpClient.java:1346)
[2026-06-26T10:16:19.688+0000] {subprocess.py:93} INFO - 	at com.amazonaws.http.AmazonHttpClient$RequestExecutor.executeHelper(AmazonHttpClient.java:1157)
[2026-06-26T10:16:19.688+0000] {subprocess.py:93} INFO - 	... 22 more
[2026-06-26T10:16:19.688+0000] {subprocess.py:93} INFO - 
[2026-06-26T10:16:20.958+0000] {subprocess.py:93} INFO - 26/06/26 10:16:20 INFO ShutdownHookManager: Shutdown hook called
[2026-06-26T10:16:20.962+0000] {subprocess.py:93} INFO - 26/06/26 10:16:20 INFO ShutdownHookManager: Deleting directory /tmp/spark-5ac35c2e-a525-42eb-9336-cb74bdd92dd2
[2026-06-26T10:16:20.968+0000] {subprocess.py:93} INFO - 26/06/26 10:16:20 INFO ShutdownHookManager: Deleting directory /tmp/spark-5c873aa7-b056-4845-817d-f02838adcc12
[2026-06-26T10:16:20.973+0000] {subprocess.py:93} INFO - 26/06/26 10:16:20 INFO ShutdownHookManager: Deleting directory /tmp/spark-5ac35c2e-a525-42eb-9336-cb74bdd92dd2/pyspark-3be88358-510a-4ca2-8e6a-df64937dadb4
[2026-06-26T10:16:21.033+0000] {subprocess.py:93} INFO - 26/06/26 10:16:21 INFO MetricsSystemImpl: Stopping s3a-file-system metrics system...
[2026-06-26T10:16:21.035+0000] {subprocess.py:93} INFO - 26/06/26 10:16:21 INFO MetricsSystemImpl: s3a-file-system metrics system stopped.
[2026-06-26T10:16:21.036+0000] {subprocess.py:93} INFO - 26/06/26 10:16:21 INFO MetricsSystemImpl: s3a-file-system metrics system shutdown complete.
[2026-06-26T10:16:21.476+0000] {subprocess.py:97} INFO - Command exited with return code 0
[2026-06-26T10:16:22.271+0000] {taskinstance.py:1400} INFO - Marking task as SUCCESS. dag_id=spark_batch_clean_pipeline, task_id=run_pyspark_batch, execution_date=20260626T090000, start_date=20260626T100006, end_date=20260626T101622
[2026-06-26T10:16:22.488+0000] {local_task_job_runner.py:228} INFO - Task exited with return code 0
[2026-06-26T10:16:22.789+0000] {taskinstance.py:2778} INFO - 0 downstream tasks scheduled from follow-on schedule check
