[2026-06-26T07:30:00.312+0000] {taskinstance.py:1159} INFO - Dependencies all met for dep_context=non-requeueable deps ti=<TaskInstance: spark_batch_clean_pipeline.run_pyspark_batch scheduled__2026-06-26T06:00:00+00:00 [queued]>
[2026-06-26T07:30:00.406+0000] {taskinstance.py:1159} INFO - Dependencies all met for dep_context=requeueable deps ti=<TaskInstance: spark_batch_clean_pipeline.run_pyspark_batch scheduled__2026-06-26T06:00:00+00:00 [queued]>
[2026-06-26T07:30:00.406+0000] {taskinstance.py:1361} INFO - Starting attempt 3 of 4
[2026-06-26T07:30:00.415+0000] {taskinstance.py:1382} INFO - Executing <Task(BashOperator): run_pyspark_batch> on 2026-06-26 06:00:00+00:00
[2026-06-26T07:30:00.419+0000] {standard_task_runner.py:57} INFO - Started process 2048 to run task
[2026-06-26T07:30:00.422+0000] {standard_task_runner.py:84} INFO - Running: ['airflow', 'tasks', 'run', 'spark_batch_clean_pipeline', 'run_pyspark_batch', 'scheduled__2026-06-26T06:00:00+00:00', '--job-id', '8', '--raw', '--subdir', 'DAGS_FOLDER/spark_batch_dag.py', '--cfg-path', '/tmp/tmp29yftpav']
[2026-06-26T07:30:00.423+0000] {standard_task_runner.py:85} INFO - Job 8: Subtask run_pyspark_batch
[2026-06-26T07:30:00.457+0000] {task_command.py:416} INFO - Running <TaskInstance: spark_batch_clean_pipeline.run_pyspark_batch scheduled__2026-06-26T06:00:00+00:00 [running]> on host 68c80a16ea48
[2026-06-26T07:30:00.504+0000] {taskinstance.py:1662} INFO - Exporting env vars: AIRFLOW_CTX_DAG_OWNER='hsm_data_engineer' AIRFLOW_CTX_DAG_ID='spark_batch_clean_pipeline' AIRFLOW_CTX_TASK_ID='run_pyspark_batch' AIRFLOW_CTX_EXECUTION_DATE='2026-06-26T06:00:00+00:00' AIRFLOW_CTX_TRY_NUMBER='3' AIRFLOW_CTX_DAG_RUN_ID='scheduled__2026-06-26T06:00:00+00:00'
[2026-06-26T07:30:00.505+0000] {subprocess.py:63} INFO - Tmp dir root location: /tmp
[2026-06-26T07:30:00.506+0000] {subprocess.py:75} INFO - Running command: ['/bin/bash', '-c', '\n        python3 -m pip install --no-cache-dir pyspark==3.4.1 &&         cd /opt/de-roadmap &&         python3 spark_batch_clean.py\n        ']
[2026-06-26T07:30:00.515+0000] {subprocess.py:86} INFO - Output:
[2026-06-26T07:30:02.094+0000] {subprocess.py:93} INFO - Collecting pyspark==3.4.1
[2026-06-26T07:30:02.121+0000] {subprocess.py:93} INFO -   Downloading pyspark-3.4.1.tar.gz (310.8 MB)
[2026-06-26T07:30:07.919+0000] {subprocess.py:93} INFO -      ━━━━━━━━━━━━━━━━━━━━━━━━━━━━━━━━━━━━━━ 310.8/310.8 MB 51.2 MB/s eta 0:00:00
[2026-06-26T07:30:11.852+0000] {subprocess.py:93} INFO -   Preparing metadata (setup.py): started
[2026-06-26T07:30:12.402+0000] {subprocess.py:93} INFO -   Preparing metadata (setup.py): finished with status 'done'
[2026-06-26T07:30:12.430+0000] {subprocess.py:93} INFO - Collecting py4j==0.10.9.7
[2026-06-26T07:30:12.436+0000] {subprocess.py:93} INFO -   Downloading py4j-0.10.9.7-py2.py3-none-any.whl (200 kB)
[2026-06-26T07:30:12.442+0000] {subprocess.py:93} INFO -      ━━━━━━━━━━━━━━━━━━━━━━━━━━━━━━━━━━━━━ 200.5/200.5 kB 200.4 MB/s eta 0:00:00
[2026-06-26T07:30:12.448+0000] {subprocess.py:93} INFO - Building wheels for collected packages: pyspark
[2026-06-26T07:30:12.449+0000] {subprocess.py:93} INFO -   Building wheel for pyspark (setup.py): started
[2026-06-26T07:30:26.461+0000] {subprocess.py:93} INFO -   Building wheel for pyspark (setup.py): finished with status 'done'
[2026-06-26T07:30:26.847+0000] {subprocess.py:93} INFO -   Created wheel for pyspark: filename=pyspark-3.4.1-py2.py3-none-any.whl size=311285387 sha256=e391263fc8386abf17f2265113fc7e1fa450848b43cf65cc8d06c02ad0c41d0d
[2026-06-26T07:30:26.847+0000] {subprocess.py:93} INFO -   Stored in directory: /tmp/pip-ephem-wheel-cache-0z75a285/wheels/0d/77/a3/ff2f74cc9ab41f8f594dabf0579c2a7c6de920d584206e0834
[2026-06-26T07:30:26.856+0000] {subprocess.py:93} INFO - Successfully built pyspark
[2026-06-26T07:30:33.541+0000] {subprocess.py:93} INFO - Installing collected packages: py4j, pyspark
[2026-06-26T07:30:36.970+0000] {subprocess.py:93} INFO - Successfully installed py4j-0.10.9.7 pyspark-3.4.1
[2026-06-26T07:30:36.971+0000] {subprocess.py:93} INFO - WARNING: Running pip as the 'root' user can result in broken permissions and conflicting behaviour with the system package manager. It is recommended to use a virtual environment instead: https://pip.pypa.io/warnings/venv
[2026-06-26T07:30:37.108+0000] {subprocess.py:93} INFO - 
[2026-06-26T07:30:37.109+0000] {subprocess.py:93} INFO - [notice] A new release of pip is available: 23.0.1 -> 26.1.2
[2026-06-26T07:30:37.109+0000] {subprocess.py:93} INFO - [notice] To update, run: pip3 install --upgrade pip
[2026-06-26T07:30:38.032+0000] {subprocess.py:93} INFO - /usr/local/lib/python3.10/site-packages/pyspark/bin/load-spark-env.sh: line 68: ps: command not found
[2026-06-26T07:30:40.056+0000] {subprocess.py:93} INFO - Warning: Ignoring non-Spark config property: fs.s3a.connection.ssl.enabled
[2026-06-26T07:30:40.648+0000] {subprocess.py:93} INFO - Setting default log level to "WARN".
[2026-06-26T07:30:40.649+0000] {subprocess.py:93} INFO - To adjust logging level use sc.setLogLevel(newLevel). For SparkR, use setLogLevel(newLevel).
[2026-06-26T07:30:40.956+0000] {subprocess.py:93} INFO - 26/06/26 07:30:40 WARN NativeCodeLoader: Unable to load native-hadoop library for your platform... using builtin-java classes where applicable
[2026-06-26T07:30:43.840+0000] {subprocess.py:93} INFO - 26/06/26 07:30:43 INFO SharedState: Setting hive.metastore.warehouse.dir ('null') to the value of spark.sql.warehouse.dir.
[2026-06-26T07:30:43.863+0000] {subprocess.py:93} INFO - 26/06/26 07:30:43 INFO SharedState: Warehouse path is 'file:/opt/de-roadmap/spark-warehouse'.
[2026-06-26T07:30:45.263+0000] {subprocess.py:93} INFO - 26/06/26 07:30:45 WARN FileStreamSink: Assume no metadata directory. Error while looking for metadata directory in the path: s3a://raw-data-lake/year=*/*/*/*/*.json.
[2026-06-26T07:30:45.263+0000] {subprocess.py:93} INFO - java.lang.RuntimeException: java.lang.ClassNotFoundException: Class org.apache.hadoop.fs.s3a.S3AFileSystem not found
[2026-06-26T07:30:45.264+0000] {subprocess.py:93} INFO - 	at org.apache.hadoop.conf.Configuration.getClass(Configuration.java:2688)
[2026-06-26T07:30:45.264+0000] {subprocess.py:93} INFO - 	at org.apache.hadoop.fs.FileSystem.getFileSystemClass(FileSystem.java:3431)
[2026-06-26T07:30:45.264+0000] {subprocess.py:93} INFO - 	at org.apache.hadoop.fs.FileSystem.createFileSystem(FileSystem.java:3466)
[2026-06-26T07:30:45.264+0000] {subprocess.py:93} INFO - 	at org.apache.hadoop.fs.FileSystem.access$300(FileSystem.java:174)
[2026-06-26T07:30:45.264+0000] {subprocess.py:93} INFO - 	at org.apache.hadoop.fs.FileSystem$Cache.getInternal(FileSystem.java:3574)
[2026-06-26T07:30:45.264+0000] {subprocess.py:93} INFO - 	at org.apache.hadoop.fs.FileSystem$Cache.get(FileSystem.java:3521)
[2026-06-26T07:30:45.264+0000] {subprocess.py:93} INFO - 	at org.apache.hadoop.fs.FileSystem.get(FileSystem.java:540)
[2026-06-26T07:30:45.264+0000] {subprocess.py:93} INFO - 	at org.apache.hadoop.fs.Path.getFileSystem(Path.java:365)
[2026-06-26T07:30:45.264+0000] {subprocess.py:93} INFO - 	at org.apache.spark.sql.execution.streaming.FileStreamSink$.hasMetadata(FileStreamSink.scala:53)
[2026-06-26T07:30:45.264+0000] {subprocess.py:93} INFO - 	at org.apache.spark.sql.execution.datasources.DataSource.resolveRelation(DataSource.scala:366)
[2026-06-26T07:30:45.264+0000] {subprocess.py:93} INFO - 	at org.apache.spark.sql.DataFrameReader.loadV1Source(DataFrameReader.scala:229)
[2026-06-26T07:30:45.264+0000] {subprocess.py:93} INFO - 	at org.apache.spark.sql.DataFrameReader.$anonfun$load$2(DataFrameReader.scala:211)
[2026-06-26T07:30:45.264+0000] {subprocess.py:93} INFO - 	at scala.Option.getOrElse(Option.scala:189)
[2026-06-26T07:30:45.264+0000] {subprocess.py:93} INFO - 	at org.apache.spark.sql.DataFrameReader.load(DataFrameReader.scala:211)
[2026-06-26T07:30:45.265+0000] {subprocess.py:93} INFO - 	at org.apache.spark.sql.DataFrameReader.json(DataFrameReader.scala:362)
[2026-06-26T07:30:45.265+0000] {subprocess.py:93} INFO - 	at java.base/jdk.internal.reflect.NativeMethodAccessorImpl.invoke0(Native Method)
[2026-06-26T07:30:45.265+0000] {subprocess.py:93} INFO - 	at java.base/jdk.internal.reflect.NativeMethodAccessorImpl.invoke(NativeMethodAccessorImpl.java:62)
[2026-06-26T07:30:45.265+0000] {subprocess.py:93} INFO - 	at java.base/jdk.internal.reflect.DelegatingMethodAccessorImpl.invoke(DelegatingMethodAccessorImpl.java:43)
[2026-06-26T07:30:45.265+0000] {subprocess.py:93} INFO - 	at java.base/java.lang.reflect.Method.invoke(Method.java:566)
[2026-06-26T07:30:45.265+0000] {subprocess.py:93} INFO - 	at py4j.reflection.MethodInvoker.invoke(MethodInvoker.java:244)
[2026-06-26T07:30:45.265+0000] {subprocess.py:93} INFO - 	at py4j.reflection.ReflectionEngine.invoke(ReflectionEngine.java:374)
[2026-06-26T07:30:45.265+0000] {subprocess.py:93} INFO - 	at py4j.Gateway.invoke(Gateway.java:282)
[2026-06-26T07:30:45.265+0000] {subprocess.py:93} INFO - 	at py4j.commands.AbstractCommand.invokeMethod(AbstractCommand.java:132)
[2026-06-26T07:30:45.265+0000] {subprocess.py:93} INFO - 	at py4j.commands.CallCommand.execute(CallCommand.java:79)
[2026-06-26T07:30:45.265+0000] {subprocess.py:93} INFO - 	at py4j.ClientServerConnection.waitForCommands(ClientServerConnection.java:182)
[2026-06-26T07:30:45.265+0000] {subprocess.py:93} INFO - 	at py4j.ClientServerConnection.run(ClientServerConnection.java:106)
[2026-06-26T07:30:45.265+0000] {subprocess.py:93} INFO - 	at java.base/java.lang.Thread.run(Thread.java:829)
[2026-06-26T07:30:45.266+0000] {subprocess.py:93} INFO - Caused by: java.lang.ClassNotFoundException: Class org.apache.hadoop.fs.s3a.S3AFileSystem not found
[2026-06-26T07:30:45.266+0000] {subprocess.py:93} INFO - 	at org.apache.hadoop.conf.Configuration.getClassByName(Configuration.java:2592)
[2026-06-26T07:30:45.266+0000] {subprocess.py:93} INFO - 	at org.apache.hadoop.conf.Configuration.getClass(Configuration.java:2686)
[2026-06-26T07:30:45.266+0000] {subprocess.py:93} INFO - 	... 26 more
[2026-06-26T07:30:45.378+0000] {subprocess.py:93} INFO - 26/06/26 07:30:45 INFO SparkContext: SparkContext is stopping with exitCode 0.
[2026-06-26T07:30:45.397+0000] {subprocess.py:93} INFO - 26/06/26 07:30:45 INFO SparkUI: Stopped Spark web UI at http://68c80a16ea48:4040
[2026-06-26T07:30:45.431+0000] {subprocess.py:93} INFO - 26/06/26 07:30:45 INFO MapOutputTrackerMasterEndpoint: MapOutputTrackerMasterEndpoint stopped!
[2026-06-26T07:30:45.452+0000] {subprocess.py:93} INFO - 26/06/26 07:30:45 INFO MemoryStore: MemoryStore cleared
[2026-06-26T07:30:45.452+0000] {subprocess.py:93} INFO - 26/06/26 07:30:45 INFO BlockManager: BlockManager stopped
[2026-06-26T07:30:45.464+0000] {subprocess.py:93} INFO - 26/06/26 07:30:45 INFO BlockManagerMaster: BlockManagerMaster stopped
[2026-06-26T07:30:45.471+0000] {subprocess.py:93} INFO - 26/06/26 07:30:45 INFO OutputCommitCoordinator$OutputCommitCoordinatorEndpoint: OutputCommitCoordinator stopped!
[2026-06-26T07:30:45.482+0000] {subprocess.py:93} INFO - 26/06/26 07:30:45 INFO SparkContext: Successfully stopped SparkContext
[2026-06-26T07:30:45.918+0000] {subprocess.py:93} INFO - ⚡ [Internal Network] 컨테이너 전용 고속 백본망 라우팅 개시...
[2026-06-26T07:30:45.919+0000] {subprocess.py:93} INFO - 📥 데이터 레이크 로딩 중: s3a://raw-data-lake/year=*/*/*/*/*.json
[2026-06-26T07:30:45.919+0000] {subprocess.py:93} INFO - ❌ 스파크 배치 연산 중 에러 발생: An error occurred while calling o38.json.
[2026-06-26T07:30:45.919+0000] {subprocess.py:93} INFO - : java.lang.RuntimeException: java.lang.ClassNotFoundException: Class org.apache.hadoop.fs.s3a.S3AFileSystem not found
[2026-06-26T07:30:45.919+0000] {subprocess.py:93} INFO - 	at org.apache.hadoop.conf.Configuration.getClass(Configuration.java:2688)
[2026-06-26T07:30:45.919+0000] {subprocess.py:93} INFO - 	at org.apache.hadoop.fs.FileSystem.getFileSystemClass(FileSystem.java:3431)
[2026-06-26T07:30:45.919+0000] {subprocess.py:93} INFO - 	at org.apache.hadoop.fs.FileSystem.createFileSystem(FileSystem.java:3466)
[2026-06-26T07:30:45.919+0000] {subprocess.py:93} INFO - 	at org.apache.hadoop.fs.FileSystem.access$300(FileSystem.java:174)
[2026-06-26T07:30:45.919+0000] {subprocess.py:93} INFO - 	at org.apache.hadoop.fs.FileSystem$Cache.getInternal(FileSystem.java:3574)
[2026-06-26T07:30:45.919+0000] {subprocess.py:93} INFO - 	at org.apache.hadoop.fs.FileSystem$Cache.get(FileSystem.java:3521)
[2026-06-26T07:30:45.919+0000] {subprocess.py:93} INFO - 	at org.apache.hadoop.fs.FileSystem.get(FileSystem.java:540)
[2026-06-26T07:30:45.919+0000] {subprocess.py:93} INFO - 	at org.apache.hadoop.fs.Path.getFileSystem(Path.java:365)
[2026-06-26T07:30:45.919+0000] {subprocess.py:93} INFO - 	at org.apache.spark.sql.execution.datasources.DataSource$.$anonfun$checkAndGlobPathIfNecessary$1(DataSource.scala:724)
[2026-06-26T07:30:45.919+0000] {subprocess.py:93} INFO - 	at scala.collection.immutable.List.map(List.scala:293)
[2026-06-26T07:30:45.919+0000] {subprocess.py:93} INFO - 	at org.apache.spark.sql.execution.datasources.DataSource$.checkAndGlobPathIfNecessary(DataSource.scala:722)
[2026-06-26T07:30:45.920+0000] {subprocess.py:93} INFO - 	at org.apache.spark.sql.execution.datasources.DataSource.checkAndGlobPathIfNecessary(DataSource.scala:551)
[2026-06-26T07:30:45.920+0000] {subprocess.py:93} INFO - 	at org.apache.spark.sql.execution.datasources.DataSource.resolveRelation(DataSource.scala:404)
[2026-06-26T07:30:45.920+0000] {subprocess.py:93} INFO - 	at org.apache.spark.sql.DataFrameReader.loadV1Source(DataFrameReader.scala:229)
[2026-06-26T07:30:45.920+0000] {subprocess.py:93} INFO - 	at org.apache.spark.sql.DataFrameReader.$anonfun$load$2(DataFrameReader.scala:211)
[2026-06-26T07:30:45.920+0000] {subprocess.py:93} INFO - 	at scala.Option.getOrElse(Option.scala:189)
[2026-06-26T07:30:45.920+0000] {subprocess.py:93} INFO - 	at org.apache.spark.sql.DataFrameReader.load(DataFrameReader.scala:211)
[2026-06-26T07:30:45.920+0000] {subprocess.py:93} INFO - 	at org.apache.spark.sql.DataFrameReader.json(DataFrameReader.scala:362)
[2026-06-26T07:30:45.920+0000] {subprocess.py:93} INFO - 	at java.base/jdk.internal.reflect.NativeMethodAccessorImpl.invoke0(Native Method)
[2026-06-26T07:30:45.920+0000] {subprocess.py:93} INFO - 	at java.base/jdk.internal.reflect.NativeMethodAccessorImpl.invoke(NativeMethodAccessorImpl.java:62)
[2026-06-26T07:30:45.920+0000] {subprocess.py:93} INFO - 	at java.base/jdk.internal.reflect.DelegatingMethodAccessorImpl.invoke(DelegatingMethodAccessorImpl.java:43)
[2026-06-26T07:30:45.920+0000] {subprocess.py:93} INFO - 	at java.base/java.lang.reflect.Method.invoke(Method.java:566)
[2026-06-26T07:30:45.920+0000] {subprocess.py:93} INFO - 	at py4j.reflection.MethodInvoker.invoke(MethodInvoker.java:244)
[2026-06-26T07:30:45.920+0000] {subprocess.py:93} INFO - 	at py4j.reflection.ReflectionEngine.invoke(ReflectionEngine.java:374)
[2026-06-26T07:30:45.920+0000] {subprocess.py:93} INFO - 	at py4j.Gateway.invoke(Gateway.java:282)
[2026-06-26T07:30:45.920+0000] {subprocess.py:93} INFO - 	at py4j.commands.AbstractCommand.invokeMethod(AbstractCommand.java:132)
[2026-06-26T07:30:45.920+0000] {subprocess.py:93} INFO - 	at py4j.commands.CallCommand.execute(CallCommand.java:79)
[2026-06-26T07:30:45.920+0000] {subprocess.py:93} INFO - 	at py4j.ClientServerConnection.waitForCommands(ClientServerConnection.java:182)
[2026-06-26T07:30:45.920+0000] {subprocess.py:93} INFO - 	at py4j.ClientServerConnection.run(ClientServerConnection.java:106)
[2026-06-26T07:30:45.921+0000] {subprocess.py:93} INFO - 	at java.base/java.lang.Thread.run(Thread.java:829)
[2026-06-26T07:30:45.921+0000] {subprocess.py:93} INFO - Caused by: java.lang.ClassNotFoundException: Class org.apache.hadoop.fs.s3a.S3AFileSystem not found
[2026-06-26T07:30:45.921+0000] {subprocess.py:93} INFO - 	at org.apache.hadoop.conf.Configuration.getClassByName(Configuration.java:2592)
[2026-06-26T07:30:45.921+0000] {subprocess.py:93} INFO - 	at org.apache.hadoop.conf.Configuration.getClass(Configuration.java:2686)
[2026-06-26T07:30:45.921+0000] {subprocess.py:93} INFO - 	... 29 more
[2026-06-26T07:30:45.921+0000] {subprocess.py:93} INFO - 
[2026-06-26T07:30:46.018+0000] {subprocess.py:93} INFO - 26/06/26 07:30:46 INFO ShutdownHookManager: Shutdown hook called
[2026-06-26T07:30:46.019+0000] {subprocess.py:93} INFO - 26/06/26 07:30:46 INFO ShutdownHookManager: Deleting directory /tmp/spark-3fdefb27-06d0-4eed-88d1-b9d58b5018e8/pyspark-33b02004-6f39-4111-b667-5d46d512fdd0
[2026-06-26T07:30:46.023+0000] {subprocess.py:93} INFO - 26/06/26 07:30:46 INFO ShutdownHookManager: Deleting directory /tmp/spark-3fdefb27-06d0-4eed-88d1-b9d58b5018e8
[2026-06-26T07:30:46.027+0000] {subprocess.py:93} INFO - 26/06/26 07:30:46 INFO ShutdownHookManager: Deleting directory /tmp/spark-015069cf-9331-4021-9c07-2440f48d2ab9
[2026-06-26T07:30:46.395+0000] {subprocess.py:97} INFO - Command exited with return code 0
[2026-06-26T07:30:46.414+0000] {taskinstance.py:1400} INFO - Marking task as SUCCESS. dag_id=spark_batch_clean_pipeline, task_id=run_pyspark_batch, execution_date=20260626T060000, start_date=20260626T073000, end_date=20260626T073046
[2026-06-26T07:30:46.444+0000] {local_task_job_runner.py:228} INFO - Task exited with return code 0
[2026-06-26T07:30:46.452+0000] {taskinstance.py:2778} INFO - 0 downstream tasks scheduled from follow-on schedule check
