[2026-06-26T07:15:01.637+0000] {taskinstance.py:1159} INFO - Dependencies all met for dep_context=non-requeueable deps ti=<TaskInstance: spark_batch_clean_pipeline.run_pyspark_batch scheduled__2026-06-26T06:00:00+00:00 [queued]>
[2026-06-26T07:15:01.642+0000] {taskinstance.py:1159} INFO - Dependencies all met for dep_context=requeueable deps ti=<TaskInstance: spark_batch_clean_pipeline.run_pyspark_batch scheduled__2026-06-26T06:00:00+00:00 [queued]>
[2026-06-26T07:15:01.642+0000] {taskinstance.py:1361} INFO - Starting attempt 2 of 2
[2026-06-26T07:15:01.653+0000] {taskinstance.py:1382} INFO - Executing <Task(BashOperator): run_pyspark_batch> on 2026-06-26 06:00:00+00:00
[2026-06-26T07:15:01.657+0000] {standard_task_runner.py:57} INFO - Started process 78 to run task
[2026-06-26T07:15:01.660+0000] {standard_task_runner.py:84} INFO - Running: ['airflow', 'tasks', 'run', 'spark_batch_clean_pipeline', 'run_pyspark_batch', 'scheduled__2026-06-26T06:00:00+00:00', '--job-id', '6', '--raw', '--subdir', 'DAGS_FOLDER/spark_batch_dag.py', '--cfg-path', '/tmp/tmppz40ps78']
[2026-06-26T07:15:01.661+0000] {standard_task_runner.py:85} INFO - Job 6: Subtask run_pyspark_batch
[2026-06-26T07:15:01.692+0000] {task_command.py:416} INFO - Running <TaskInstance: spark_batch_clean_pipeline.run_pyspark_batch scheduled__2026-06-26T06:00:00+00:00 [running]> on host 44772392a9dc
[2026-06-26T07:15:01.735+0000] {taskinstance.py:1662} INFO - Exporting env vars: AIRFLOW_CTX_DAG_OWNER='hsm_data_engineer' AIRFLOW_CTX_DAG_ID='spark_batch_clean_pipeline' AIRFLOW_CTX_TASK_ID='run_pyspark_batch' AIRFLOW_CTX_EXECUTION_DATE='2026-06-26T06:00:00+00:00' AIRFLOW_CTX_TRY_NUMBER='2' AIRFLOW_CTX_DAG_RUN_ID='scheduled__2026-06-26T06:00:00+00:00'
[2026-06-26T07:15:01.735+0000] {subprocess.py:63} INFO - Tmp dir root location: /tmp
[2026-06-26T07:15:01.736+0000] {subprocess.py:75} INFO - Running command: ['/bin/bash', '-c', '\n        cd /opt/de-roadmap &&         python3 -c "import sys; sys.path.insert(0, \'/opt/de-roadmap/myenv/lib/python3.10/site-packages\'); exec(open(\'spark_batch_clean.py\').read())"\n        ']
[2026-06-26T07:15:01.748+0000] {subprocess.py:86} INFO - Output:
[2026-06-26T07:15:01.842+0000] {subprocess.py:93} INFO - Traceback (most recent call last):
[2026-06-26T07:15:01.842+0000] {subprocess.py:93} INFO -   File "<string>", line 1, in <module>
[2026-06-26T07:15:01.842+0000] {subprocess.py:93} INFO -   File "<string>", line 1, in <module>
[2026-06-26T07:15:01.842+0000] {subprocess.py:93} INFO - ModuleNotFoundError: No module named 'pyspark'
[2026-06-26T07:15:01.846+0000] {subprocess.py:97} INFO - Command exited with return code 1
[2026-06-26T07:15:01.851+0000] {taskinstance.py:1937} ERROR - Task failed with exception
Traceback (most recent call last):
  File "/home/airflow/.local/lib/python3.10/site-packages/airflow/operators/bash.py", line 210, in execute
    raise AirflowException(
airflow.exceptions.AirflowException: Bash command failed. The command returned a non-zero exit code 1.
[2026-06-26T07:15:01.853+0000] {taskinstance.py:1400} INFO - Marking task as FAILED. dag_id=spark_batch_clean_pipeline, task_id=run_pyspark_batch, execution_date=20260626T060000, start_date=20260626T071501, end_date=20260626T071501
[2026-06-26T07:15:01.860+0000] {standard_task_runner.py:104} ERROR - Failed to execute job 6 for task run_pyspark_batch (Bash command failed. The command returned a non-zero exit code 1.; 78)
[2026-06-26T07:15:01.875+0000] {local_task_job_runner.py:228} INFO - Task exited with return code 1
[2026-06-26T07:15:01.885+0000] {taskinstance.py:2778} INFO - 0 downstream tasks scheduled from follow-on schedule check
[2026-06-26T07:28:35.824+0000] {taskinstance.py:1159} INFO - Dependencies all met for dep_context=non-requeueable deps ti=<TaskInstance: spark_batch_clean_pipeline.run_pyspark_batch scheduled__2026-06-26T06:00:00+00:00 [queued]>
[2026-06-26T07:28:35.901+0000] {taskinstance.py:1159} INFO - Dependencies all met for dep_context=requeueable deps ti=<TaskInstance: spark_batch_clean_pipeline.run_pyspark_batch scheduled__2026-06-26T06:00:00+00:00 [queued]>
[2026-06-26T07:28:35.901+0000] {taskinstance.py:1361} INFO - Starting attempt 2 of 2
[2026-06-26T07:28:35.911+0000] {taskinstance.py:1382} INFO - Executing <Task(BashOperator): run_pyspark_batch> on 2026-06-26 06:00:00+00:00
[2026-06-26T07:28:35.916+0000] {standard_task_runner.py:57} INFO - Started process 2031 to run task
[2026-06-26T07:28:35.918+0000] {standard_task_runner.py:84} INFO - Running: ['airflow', 'tasks', 'run', 'spark_batch_clean_pipeline', 'run_pyspark_batch', 'scheduled__2026-06-26T06:00:00+00:00', '--job-id', '6', '--raw', '--subdir', 'DAGS_FOLDER/spark_batch_dag.py', '--cfg-path', '/tmp/tmp2kyf8_8w']
[2026-06-26T07:28:35.920+0000] {standard_task_runner.py:85} INFO - Job 6: Subtask run_pyspark_batch
[2026-06-26T07:28:35.954+0000] {task_command.py:416} INFO - Running <TaskInstance: spark_batch_clean_pipeline.run_pyspark_batch scheduled__2026-06-26T06:00:00+00:00 [running]> on host 68c80a16ea48
[2026-06-26T07:28:36.002+0000] {taskinstance.py:1662} INFO - Exporting env vars: AIRFLOW_CTX_DAG_OWNER='hsm_data_engineer' AIRFLOW_CTX_DAG_ID='spark_batch_clean_pipeline' AIRFLOW_CTX_TASK_ID='run_pyspark_batch' AIRFLOW_CTX_EXECUTION_DATE='2026-06-26T06:00:00+00:00' AIRFLOW_CTX_TRY_NUMBER='2' AIRFLOW_CTX_DAG_RUN_ID='scheduled__2026-06-26T06:00:00+00:00'
[2026-06-26T07:28:36.003+0000] {subprocess.py:63} INFO - Tmp dir root location: /tmp
[2026-06-26T07:28:36.004+0000] {subprocess.py:75} INFO - Running command: ['/bin/bash', '-c', '\n        cd /opt/de-roadmap &&         python3 spark_batch_clean.py\n        ']
[2026-06-26T07:28:36.014+0000] {subprocess.py:86} INFO - Output:
[2026-06-26T07:28:36.029+0000] {subprocess.py:93} INFO - Traceback (most recent call last):
[2026-06-26T07:28:36.029+0000] {subprocess.py:93} INFO -   File "/opt/de-roadmap/spark_batch_clean.py", line 1, in <module>
[2026-06-26T07:28:36.029+0000] {subprocess.py:93} INFO -     from pyspark.sql import SparkSession
[2026-06-26T07:28:36.029+0000] {subprocess.py:93} INFO - ModuleNotFoundError: No module named 'pyspark'
[2026-06-26T07:28:36.031+0000] {subprocess.py:97} INFO - Command exited with return code 1
[2026-06-26T07:28:36.039+0000] {taskinstance.py:1937} ERROR - Task failed with exception
Traceback (most recent call last):
  File "/home/airflow/.local/lib/python3.10/site-packages/airflow/operators/bash.py", line 210, in execute
    raise AirflowException(
airflow.exceptions.AirflowException: Bash command failed. The command returned a non-zero exit code 1.
[2026-06-26T07:28:36.042+0000] {taskinstance.py:1400} INFO - Marking task as FAILED. dag_id=spark_batch_clean_pipeline, task_id=run_pyspark_batch, execution_date=20260626T060000, start_date=20260626T072835, end_date=20260626T072836
[2026-06-26T07:28:36.052+0000] {standard_task_runner.py:104} ERROR - Failed to execute job 6 for task run_pyspark_batch (Bash command failed. The command returned a non-zero exit code 1.; 2031)
[2026-06-26T07:28:36.094+0000] {local_task_job_runner.py:228} INFO - Task exited with return code 1
[2026-06-26T07:28:36.105+0000] {taskinstance.py:2778} INFO - 0 downstream tasks scheduled from follow-on schedule check
