[2026-06-26T07:30:49.875+0000] {taskinstance.py:1159} INFO - Dependencies all met for dep_context=non-requeueable deps ti=<TaskInstance: spark_batch_clean_pipeline.run_pyspark_batch manual__2026-06-26T07:25:25.205286+00:00 [queued]>
[2026-06-26T07:30:49.979+0000] {taskinstance.py:1159} INFO - Dependencies all met for dep_context=requeueable deps ti=<TaskInstance: spark_batch_clean_pipeline.run_pyspark_batch manual__2026-06-26T07:25:25.205286+00:00 [queued]>
[2026-06-26T07:30:49.979+0000] {taskinstance.py:1361} INFO - Starting attempt 3 of 4
[2026-06-26T07:30:49.995+0000] {taskinstance.py:1382} INFO - Executing <Task(BashOperator): run_pyspark_batch> on 2026-06-26 07:25:25.205286+00:00
[2026-06-26T07:30:50.000+0000] {standard_task_runner.py:57} INFO - Started process 2188 to run task
[2026-06-26T07:30:50.003+0000] {standard_task_runner.py:84} INFO - Running: ['airflow', 'tasks', 'run', 'spark_batch_clean_pipeline', 'run_pyspark_batch', 'manual__2026-06-26T07:25:25.205286+00:00', '--job-id', '9', '--raw', '--subdir', 'DAGS_FOLDER/spark_batch_dag.py', '--cfg-path', '/tmp/tmp5mbo0acr']
[2026-06-26T07:30:50.004+0000] {standard_task_runner.py:85} INFO - Job 9: Subtask run_pyspark_batch
[2026-06-26T07:30:50.037+0000] {task_command.py:416} INFO - Running <TaskInstance: spark_batch_clean_pipeline.run_pyspark_batch manual__2026-06-26T07:25:25.205286+00:00 [running]> on host 68c80a16ea48
[2026-06-26T07:30:50.087+0000] {taskinstance.py:1662} INFO - Exporting env vars: AIRFLOW_CTX_DAG_OWNER='hsm_data_engineer' AIRFLOW_CTX_DAG_ID='spark_batch_clean_pipeline' AIRFLOW_CTX_TASK_ID='run_pyspark_batch' AIRFLOW_CTX_EXECUTION_DATE='2026-06-26T07:25:25.205286+00:00' AIRFLOW_CTX_TRY_NUMBER='3' AIRFLOW_CTX_DAG_RUN_ID='manual__2026-06-26T07:25:25.205286+00:00'
[2026-06-26T07:30:50.088+0000] {subprocess.py:63} INFO - Tmp dir root location: /tmp
[2026-06-26T07:30:50.089+0000] {subprocess.py:75} INFO - Running command: ['/bin/bash', '-c', '\n        python3 -m pip install --no-cache-dir pyspark==3.4.1 &&         cd /opt/de-roadmap &&         python3 spark_batch_clean.py\n        ']
[2026-06-26T07:30:50.099+0000] {subprocess.py:86} INFO - Output:
[2026-06-26T07:30:50.736+0000] {subprocess.py:93} INFO - Requirement already satisfied: pyspark==3.4.1 in /usr/local/lib/python3.10/site-packages (3.4.1)
[2026-06-26T07:30:50.750+0000] {subprocess.py:93} INFO - Requirement already satisfied: py4j==0.10.9.7 in /usr/local/lib/python3.10/site-packages (from pyspark==3.4.1) (0.10.9.7)
[2026-06-26T07:30:55.887+0000] {subprocess.py:93} INFO - WARNING: Running pip as the 'root' user can result in broken permissions and conflicting behaviour with the system package manager. It is recommended to use a virtual environment instead: https://pip.pypa.io/warnings/venv
[2026-06-26T07:30:55.994+0000] {subprocess.py:93} INFO - 
[2026-06-26T07:30:55.995+0000] {subprocess.py:93} INFO - [notice] A new release of pip is available: 23.0.1 -> 26.1.2
[2026-06-26T07:30:55.995+0000] {subprocess.py:93} INFO - [notice] To update, run: pip3 install --upgrade pip
[2026-06-26T07:30:56.477+0000] {subprocess.py:93} INFO - /usr/local/lib/python3.10/site-packages/pyspark/bin/load-spark-env.sh: line 68: ps: command not found
[2026-06-26T07:30:58.187+0000] {subprocess.py:93} INFO - Warning: Ignoring non-Spark config property: fs.s3a.connection.ssl.enabled
[2026-06-26T07:30:58.754+0000] {subprocess.py:93} INFO - Setting default log level to "WARN".
[2026-06-26T07:30:58.754+0000] {subprocess.py:93} INFO - To adjust logging level use sc.setLogLevel(newLevel). For SparkR, use setLogLevel(newLevel).
[2026-06-26T07:30:59.011+0000] {subprocess.py:93} INFO - 26/06/26 07:30:59 WARN NativeCodeLoader: Unable to load native-hadoop library for your platform... using builtin-java classes where applicable
[2026-06-26T07:31:01.400+0000] {subprocess.py:93} INFO - 26/06/26 07:31:01 INFO SharedState: Setting hive.metastore.warehouse.dir ('null') to the value of spark.sql.warehouse.dir.
[2026-06-26T07:31:01.409+0000] {subprocess.py:93} INFO - 26/06/26 07:31:01 INFO SharedState: Warehouse path is 'file:/opt/de-roadmap/spark-warehouse'.
[2026-06-26T07:31:02.834+0000] {subprocess.py:93} INFO - 26/06/26 07:31:02 WARN FileStreamSink: Assume no metadata directory. Error while looking for metadata directory in the path: s3a://raw-data-lake/year=*/*/*/*/*.json.
[2026-06-26T07:31:02.834+0000] {subprocess.py:93} INFO - java.lang.RuntimeException: java.lang.ClassNotFoundException: Class org.apache.hadoop.fs.s3a.S3AFileSystem not found
[2026-06-26T07:31:02.835+0000] {subprocess.py:93} INFO - 	at org.apache.hadoop.conf.Configuration.getClass(Configuration.java:2688)
[2026-06-26T07:31:02.835+0000] {subprocess.py:93} INFO - 	at org.apache.hadoop.fs.FileSystem.getFileSystemClass(FileSystem.java:3431)
[2026-06-26T07:31:02.835+0000] {subprocess.py:93} INFO - 	at org.apache.hadoop.fs.FileSystem.createFileSystem(FileSystem.java:3466)
[2026-06-26T07:31:02.835+0000] {subprocess.py:93} INFO - 	at org.apache.hadoop.fs.FileSystem.access$300(FileSystem.java:174)
[2026-06-26T07:31:02.835+0000] {subprocess.py:93} INFO - 	at org.apache.hadoop.fs.FileSystem$Cache.getInternal(FileSystem.java:3574)
[2026-06-26T07:31:02.835+0000] {subprocess.py:93} INFO - 	at org.apache.hadoop.fs.FileSystem$Cache.get(FileSystem.java:3521)
[2026-06-26T07:31:02.836+0000] {subprocess.py:93} INFO - 	at org.apache.hadoop.fs.FileSystem.get(FileSystem.java:540)
[2026-06-26T07:31:02.836+0000] {subprocess.py:93} INFO - 	at org.apache.hadoop.fs.Path.getFileSystem(Path.java:365)
[2026-06-26T07:31:02.836+0000] {subprocess.py:93} INFO - 	at org.apache.spark.sql.execution.streaming.FileStreamSink$.hasMetadata(FileStreamSink.scala:53)
[2026-06-26T07:31:02.836+0000] {subprocess.py:93} INFO - 	at org.apache.spark.sql.execution.datasources.DataSource.resolveRelation(DataSource.scala:366)
[2026-06-26T07:31:02.836+0000] {subprocess.py:93} INFO - 	at org.apache.spark.sql.DataFrameReader.loadV1Source(DataFrameReader.scala:229)
[2026-06-26T07:31:02.836+0000] {subprocess.py:93} INFO - 	at org.apache.spark.sql.DataFrameReader.$anonfun$load$2(DataFrameReader.scala:211)
[2026-06-26T07:31:02.837+0000] {subprocess.py:93} INFO - 	at scala.Option.getOrElse(Option.scala:189)
[2026-06-26T07:31:02.837+0000] {subprocess.py:93} INFO - 	at org.apache.spark.sql.DataFrameReader.load(DataFrameReader.scala:211)
[2026-06-26T07:31:02.837+0000] {subprocess.py:93} INFO - 	at org.apache.spark.sql.DataFrameReader.json(DataFrameReader.scala:362)
[2026-06-26T07:31:02.837+0000] {subprocess.py:93} INFO - 	at java.base/jdk.internal.reflect.NativeMethodAccessorImpl.invoke0(Native Method)
[2026-06-26T07:31:02.837+0000] {subprocess.py:93} INFO - 	at java.base/jdk.internal.reflect.NativeMethodAccessorImpl.invoke(NativeMethodAccessorImpl.java:62)
[2026-06-26T07:31:02.837+0000] {subprocess.py:93} INFO - 	at java.base/jdk.internal.reflect.DelegatingMethodAccessorImpl.invoke(DelegatingMethodAccessorImpl.java:43)
[2026-06-26T07:31:02.837+0000] {subprocess.py:93} INFO - 	at java.base/java.lang.reflect.Method.invoke(Method.java:566)
[2026-06-26T07:31:02.837+0000] {subprocess.py:93} INFO - 	at py4j.reflection.MethodInvoker.invoke(MethodInvoker.java:244)
[2026-06-26T07:31:02.837+0000] {subprocess.py:93} INFO - 	at py4j.reflection.ReflectionEngine.invoke(ReflectionEngine.java:374)
[2026-06-26T07:31:02.837+0000] {subprocess.py:93} INFO - 	at py4j.Gateway.invoke(Gateway.java:282)
[2026-06-26T07:31:02.837+0000] {subprocess.py:93} INFO - 	at py4j.commands.AbstractCommand.invokeMethod(AbstractCommand.java:132)
[2026-06-26T07:31:02.838+0000] {subprocess.py:93} INFO - 	at py4j.commands.CallCommand.execute(CallCommand.java:79)
[2026-06-26T07:31:02.838+0000] {subprocess.py:93} INFO - 	at py4j.ClientServerConnection.waitForCommands(ClientServerConnection.java:182)
[2026-06-26T07:31:02.838+0000] {subprocess.py:93} INFO - 	at py4j.ClientServerConnection.run(ClientServerConnection.java:106)
[2026-06-26T07:31:02.838+0000] {subprocess.py:93} INFO - 	at java.base/java.lang.Thread.run(Thread.java:829)
[2026-06-26T07:31:02.838+0000] {subprocess.py:93} INFO - Caused by: java.lang.ClassNotFoundException: Class org.apache.hadoop.fs.s3a.S3AFileSystem not found
[2026-06-26T07:31:02.838+0000] {subprocess.py:93} INFO - 	at org.apache.hadoop.conf.Configuration.getClassByName(Configuration.java:2592)
[2026-06-26T07:31:02.838+0000] {subprocess.py:93} INFO - 	at org.apache.hadoop.conf.Configuration.getClass(Configuration.java:2686)
[2026-06-26T07:31:02.838+0000] {subprocess.py:93} INFO - 	... 26 more
[2026-06-26T07:31:02.991+0000] {subprocess.py:93} INFO - 26/06/26 07:31:02 INFO SparkContext: SparkContext is stopping with exitCode 0.
[2026-06-26T07:31:03.010+0000] {subprocess.py:93} INFO - 26/06/26 07:31:03 INFO SparkUI: Stopped Spark web UI at http://68c80a16ea48:4040
[2026-06-26T07:31:03.044+0000] {subprocess.py:93} INFO - 26/06/26 07:31:03 INFO MapOutputTrackerMasterEndpoint: MapOutputTrackerMasterEndpoint stopped!
[2026-06-26T07:31:03.067+0000] {subprocess.py:93} INFO - 26/06/26 07:31:03 INFO MemoryStore: MemoryStore cleared
[2026-06-26T07:31:03.067+0000] {subprocess.py:93} INFO - 26/06/26 07:31:03 INFO BlockManager: BlockManager stopped
[2026-06-26T07:31:03.088+0000] {subprocess.py:93} INFO - 26/06/26 07:31:03 INFO BlockManagerMaster: BlockManagerMaster stopped
[2026-06-26T07:31:03.096+0000] {subprocess.py:93} INFO - 26/06/26 07:31:03 INFO OutputCommitCoordinator$OutputCommitCoordinatorEndpoint: OutputCommitCoordinator stopped!
[2026-06-26T07:31:03.113+0000] {subprocess.py:93} INFO - 26/06/26 07:31:03 INFO SparkContext: Successfully stopped SparkContext
[2026-06-26T07:31:03.135+0000] {subprocess.py:93} INFO - ⚡ [Internal Network] 컨테이너 전용 고속 백본망 라우팅 개시...
[2026-06-26T07:31:03.137+0000] {subprocess.py:93} INFO - 📥 데이터 레이크 로딩 중: s3a://raw-data-lake/year=*/*/*/*/*.json
[2026-06-26T07:31:03.138+0000] {subprocess.py:93} INFO - ❌ 스파크 배치 연산 중 에러 발생: An error occurred while calling o38.json.
[2026-06-26T07:31:03.138+0000] {subprocess.py:93} INFO - : java.lang.RuntimeException: java.lang.ClassNotFoundException: Class org.apache.hadoop.fs.s3a.S3AFileSystem not found
[2026-06-26T07:31:03.138+0000] {subprocess.py:93} INFO - 	at org.apache.hadoop.conf.Configuration.getClass(Configuration.java:2688)
[2026-06-26T07:31:03.138+0000] {subprocess.py:93} INFO - 	at org.apache.hadoop.fs.FileSystem.getFileSystemClass(FileSystem.java:3431)
[2026-06-26T07:31:03.138+0000] {subprocess.py:93} INFO - 	at org.apache.hadoop.fs.FileSystem.createFileSystem(FileSystem.java:3466)
[2026-06-26T07:31:03.138+0000] {subprocess.py:93} INFO - 	at org.apache.hadoop.fs.FileSystem.access$300(FileSystem.java:174)
[2026-06-26T07:31:03.138+0000] {subprocess.py:93} INFO - 	at org.apache.hadoop.fs.FileSystem$Cache.getInternal(FileSystem.java:3574)
[2026-06-26T07:31:03.138+0000] {subprocess.py:93} INFO - 	at org.apache.hadoop.fs.FileSystem$Cache.get(FileSystem.java:3521)
[2026-06-26T07:31:03.138+0000] {subprocess.py:93} INFO - 	at org.apache.hadoop.fs.FileSystem.get(FileSystem.java:540)
[2026-06-26T07:31:03.138+0000] {subprocess.py:93} INFO - 	at org.apache.hadoop.fs.Path.getFileSystem(Path.java:365)
[2026-06-26T07:31:03.138+0000] {subprocess.py:93} INFO - 	at org.apache.spark.sql.execution.datasources.DataSource$.$anonfun$checkAndGlobPathIfNecessary$1(DataSource.scala:724)
[2026-06-26T07:31:03.142+0000] {subprocess.py:93} INFO - 	at scala.collection.immutable.List.map(List.scala:293)
[2026-06-26T07:31:03.142+0000] {subprocess.py:93} INFO - 	at org.apache.spark.sql.execution.datasources.DataSource$.checkAndGlobPathIfNecessary(DataSource.scala:722)
[2026-06-26T07:31:03.142+0000] {subprocess.py:93} INFO - 	at org.apache.spark.sql.execution.datasources.DataSource.checkAndGlobPathIfNecessary(DataSource.scala:551)
[2026-06-26T07:31:03.142+0000] {subprocess.py:93} INFO - 	at org.apache.spark.sql.execution.datasources.DataSource.resolveRelation(DataSource.scala:404)
[2026-06-26T07:31:03.143+0000] {subprocess.py:93} INFO - 	at org.apache.spark.sql.DataFrameReader.loadV1Source(DataFrameReader.scala:229)
[2026-06-26T07:31:03.143+0000] {subprocess.py:93} INFO - 	at org.apache.spark.sql.DataFrameReader.$anonfun$load$2(DataFrameReader.scala:211)
[2026-06-26T07:31:03.143+0000] {subprocess.py:93} INFO - 	at scala.Option.getOrElse(Option.scala:189)
[2026-06-26T07:31:03.143+0000] {subprocess.py:93} INFO - 	at org.apache.spark.sql.DataFrameReader.load(DataFrameReader.scala:211)
[2026-06-26T07:31:03.143+0000] {subprocess.py:93} INFO - 	at org.apache.spark.sql.DataFrameReader.json(DataFrameReader.scala:362)
[2026-06-26T07:31:03.143+0000] {subprocess.py:93} INFO - 	at java.base/jdk.internal.reflect.NativeMethodAccessorImpl.invoke0(Native Method)
[2026-06-26T07:31:03.144+0000] {subprocess.py:93} INFO - 	at java.base/jdk.internal.reflect.NativeMethodAccessorImpl.invoke(NativeMethodAccessorImpl.java:62)
[2026-06-26T07:31:03.144+0000] {subprocess.py:93} INFO - 	at java.base/jdk.internal.reflect.DelegatingMethodAccessorImpl.invoke(DelegatingMethodAccessorImpl.java:43)
[2026-06-26T07:31:03.149+0000] {subprocess.py:93} INFO - 	at java.base/java.lang.reflect.Method.invoke(Method.java:566)
[2026-06-26T07:31:03.149+0000] {subprocess.py:93} INFO - 	at py4j.reflection.MethodInvoker.invoke(MethodInvoker.java:244)
[2026-06-26T07:31:03.149+0000] {subprocess.py:93} INFO - 	at py4j.reflection.ReflectionEngine.invoke(ReflectionEngine.java:374)
[2026-06-26T07:31:03.149+0000] {subprocess.py:93} INFO - 	at py4j.Gateway.invoke(Gateway.java:282)
[2026-06-26T07:31:03.149+0000] {subprocess.py:93} INFO - 	at py4j.commands.AbstractCommand.invokeMethod(AbstractCommand.java:132)
[2026-06-26T07:31:03.149+0000] {subprocess.py:93} INFO - 	at py4j.commands.CallCommand.execute(CallCommand.java:79)
[2026-06-26T07:31:03.150+0000] {subprocess.py:93} INFO - 	at py4j.ClientServerConnection.waitForCommands(ClientServerConnection.java:182)
[2026-06-26T07:31:03.150+0000] {subprocess.py:93} INFO - 	at py4j.ClientServerConnection.run(ClientServerConnection.java:106)
[2026-06-26T07:31:03.150+0000] {subprocess.py:93} INFO - 	at java.base/java.lang.Thread.run(Thread.java:829)
[2026-06-26T07:31:03.150+0000] {subprocess.py:93} INFO - Caused by: java.lang.ClassNotFoundException: Class org.apache.hadoop.fs.s3a.S3AFileSystem not found
[2026-06-26T07:31:03.150+0000] {subprocess.py:93} INFO - 	at org.apache.hadoop.conf.Configuration.getClassByName(Configuration.java:2592)
[2026-06-26T07:31:03.150+0000] {subprocess.py:93} INFO - 	at org.apache.hadoop.conf.Configuration.getClass(Configuration.java:2686)
[2026-06-26T07:31:03.150+0000] {subprocess.py:93} INFO - 	... 29 more
[2026-06-26T07:31:03.150+0000] {subprocess.py:93} INFO - 
[2026-06-26T07:31:03.204+0000] {subprocess.py:93} INFO - 26/06/26 07:31:03 INFO ShutdownHookManager: Shutdown hook called
[2026-06-26T07:31:03.205+0000] {subprocess.py:93} INFO - 26/06/26 07:31:03 INFO ShutdownHookManager: Deleting directory /tmp/spark-9bdbc647-02d3-4fd5-9b60-b9ad3b74df19/pyspark-27678446-104f-4fa9-a1e3-af3dca3b55f2
[2026-06-26T07:31:03.210+0000] {subprocess.py:93} INFO - 26/06/26 07:31:03 INFO ShutdownHookManager: Deleting directory /tmp/spark-6389e0a7-0f1f-40a8-ba8a-740a12317fee
[2026-06-26T07:31:03.215+0000] {subprocess.py:93} INFO - 26/06/26 07:31:03 INFO ShutdownHookManager: Deleting directory /tmp/spark-9bdbc647-02d3-4fd5-9b60-b9ad3b74df19
[2026-06-26T07:31:03.575+0000] {subprocess.py:97} INFO - Command exited with return code 0
[2026-06-26T07:31:03.589+0000] {taskinstance.py:1400} INFO - Marking task as SUCCESS. dag_id=spark_batch_clean_pipeline, task_id=run_pyspark_batch, execution_date=20260626T072525, start_date=20260626T073049, end_date=20260626T073103
[2026-06-26T07:31:03.633+0000] {local_task_job_runner.py:228} INFO - Task exited with return code 0
[2026-06-26T07:31:03.642+0000] {taskinstance.py:2778} INFO - 0 downstream tasks scheduled from follow-on schedule check
