[2026-06-26T07:21:43.169+0000] {taskinstance.py:1159} INFO - Dependencies all met for dep_context=non-requeueable deps ti=<TaskInstance: spark_batch_clean_pipeline.run_pyspark_batch manual__2026-06-26T07:17:52.722711+00:00 [queued]>
[2026-06-26T07:21:43.174+0000] {taskinstance.py:1159} INFO - Dependencies all met for dep_context=requeueable deps ti=<TaskInstance: spark_batch_clean_pipeline.run_pyspark_batch manual__2026-06-26T07:17:52.722711+00:00 [queued]>
[2026-06-26T07:21:43.174+0000] {taskinstance.py:1361} INFO - Starting attempt 2 of 2
[2026-06-26T07:21:43.186+0000] {taskinstance.py:1382} INFO - Executing <Task(BashOperator): run_pyspark_batch> on 2026-06-26 07:17:52.722711+00:00
[2026-06-26T07:21:43.190+0000] {standard_task_runner.py:57} INFO - Started process 136 to run task
[2026-06-26T07:21:43.193+0000] {standard_task_runner.py:84} INFO - Running: ['airflow', 'tasks', 'run', 'spark_batch_clean_pipeline', 'run_pyspark_batch', 'manual__2026-06-26T07:17:52.722711+00:00', '--job-id', '10', '--raw', '--subdir', 'DAGS_FOLDER/spark_batch_dag.py', '--cfg-path', '/tmp/tmp1w_45kuz']
[2026-06-26T07:21:43.194+0000] {standard_task_runner.py:85} INFO - Job 10: Subtask run_pyspark_batch
[2026-06-26T07:21:43.224+0000] {task_command.py:416} INFO - Running <TaskInstance: spark_batch_clean_pipeline.run_pyspark_batch manual__2026-06-26T07:17:52.722711+00:00 [running]> on host 44772392a9dc
[2026-06-26T07:21:43.271+0000] {taskinstance.py:1662} INFO - Exporting env vars: AIRFLOW_CTX_DAG_OWNER='hsm_data_engineer' AIRFLOW_CTX_DAG_ID='spark_batch_clean_pipeline' AIRFLOW_CTX_TASK_ID='run_pyspark_batch' AIRFLOW_CTX_EXECUTION_DATE='2026-06-26T07:17:52.722711+00:00' AIRFLOW_CTX_TRY_NUMBER='2' AIRFLOW_CTX_DAG_RUN_ID='manual__2026-06-26T07:17:52.722711+00:00'
[2026-06-26T07:21:43.272+0000] {subprocess.py:63} INFO - Tmp dir root location: /tmp
[2026-06-26T07:21:43.272+0000] {subprocess.py:75} INFO - Running command: ['/bin/bash', '-c', '\n        python3 -m pip install --user --no-cache-dir pyspark==3.4.1 &&         cd /opt/de-roadmap &&         python3 spark_batch_clean.py\n        ']
[2026-06-26T07:21:43.282+0000] {subprocess.py:86} INFO - Output:
[2026-06-26T07:21:45.061+0000] {subprocess.py:93} INFO - Requirement already satisfied: pyspark==3.4.1 in /home/airflow/.local/lib/python3.10/site-packages (3.4.1)
[2026-06-26T07:21:45.077+0000] {subprocess.py:93} INFO - Requirement already satisfied: py4j==0.10.9.7 in /home/airflow/.local/lib/python3.10/site-packages (from pyspark==3.4.1) (0.10.9.7)
[2026-06-26T07:21:50.022+0000] {subprocess.py:93} INFO - 
[2026-06-26T07:21:50.022+0000] {subprocess.py:93} INFO - [notice] A new release of pip is available: 23.0.1 -> 26.1.2
[2026-06-26T07:21:50.022+0000] {subprocess.py:93} INFO - [notice] To update, run: pip install --upgrade pip
[2026-06-26T07:21:51.080+0000] {subprocess.py:93} INFO - /home/airflow/.local/lib/python3.10/site-packages/pyspark/bin/load-spark-env.sh: line 68: ps: command not found
[2026-06-26T07:21:51.081+0000] {subprocess.py:93} INFO - JAVA_HOME is not set
[2026-06-26T07:21:51.167+0000] {subprocess.py:93} INFO - ⚡ [Internal Network] 컨테이너 전용 고속 백본망 라우팅 개시...
[2026-06-26T07:21:51.167+0000] {subprocess.py:93} INFO - Traceback (most recent call last):
[2026-06-26T07:21:51.167+0000] {subprocess.py:93} INFO -   File "/opt/de-roadmap/spark_batch_clean.py", line 29, in <module>
[2026-06-26T07:21:51.168+0000] {subprocess.py:93} INFO -     .getOrCreate()
[2026-06-26T07:21:51.168+0000] {subprocess.py:93} INFO -   File "/home/airflow/.local/lib/python3.10/site-packages/pyspark/sql/session.py", line 477, in getOrCreate
[2026-06-26T07:21:51.168+0000] {subprocess.py:93} INFO -     sc = SparkContext.getOrCreate(sparkConf)
[2026-06-26T07:21:51.168+0000] {subprocess.py:93} INFO -   File "/home/airflow/.local/lib/python3.10/site-packages/pyspark/context.py", line 512, in getOrCreate
[2026-06-26T07:21:51.168+0000] {subprocess.py:93} INFO -     SparkContext(conf=conf or SparkConf())
[2026-06-26T07:21:51.168+0000] {subprocess.py:93} INFO -   File "/home/airflow/.local/lib/python3.10/site-packages/pyspark/context.py", line 198, in __init__
[2026-06-26T07:21:51.168+0000] {subprocess.py:93} INFO -     SparkContext._ensure_initialized(self, gateway=gateway, conf=conf)
[2026-06-26T07:21:51.168+0000] {subprocess.py:93} INFO -   File "/home/airflow/.local/lib/python3.10/site-packages/pyspark/context.py", line 432, in _ensure_initialized
[2026-06-26T07:21:51.168+0000] {subprocess.py:93} INFO -     SparkContext._gateway = gateway or launch_gateway(conf)
[2026-06-26T07:21:51.168+0000] {subprocess.py:93} INFO -   File "/home/airflow/.local/lib/python3.10/site-packages/pyspark/java_gateway.py", line 106, in launch_gateway
[2026-06-26T07:21:51.168+0000] {subprocess.py:93} INFO -     raise RuntimeError("Java gateway process exited before sending its port number")
[2026-06-26T07:21:51.168+0000] {subprocess.py:93} INFO - RuntimeError: Java gateway process exited before sending its port number
[2026-06-26T07:21:51.218+0000] {subprocess.py:97} INFO - Command exited with return code 1
[2026-06-26T07:21:51.224+0000] {taskinstance.py:1937} ERROR - Task failed with exception
Traceback (most recent call last):
  File "/home/airflow/.local/lib/python3.10/site-packages/airflow/operators/bash.py", line 210, in execute
    raise AirflowException(
airflow.exceptions.AirflowException: Bash command failed. The command returned a non-zero exit code 1.
[2026-06-26T07:21:51.226+0000] {taskinstance.py:1400} INFO - Marking task as FAILED. dag_id=spark_batch_clean_pipeline, task_id=run_pyspark_batch, execution_date=20260626T071752, start_date=20260626T072143, end_date=20260626T072151
[2026-06-26T07:21:51.237+0000] {standard_task_runner.py:104} ERROR - Failed to execute job 10 for task run_pyspark_batch (Bash command failed. The command returned a non-zero exit code 1.; 136)
[2026-06-26T07:21:51.266+0000] {local_task_job_runner.py:228} INFO - Task exited with return code 1
[2026-06-26T07:21:51.280+0000] {taskinstance.py:2778} INFO - 0 downstream tasks scheduled from follow-on schedule check
