[2026-06-26T07:10:10.965+0000] {taskinstance.py:1159} INFO - Dependencies all met for dep_context=non-requeueable deps ti=<TaskInstance: spark_batch_clean_pipeline.infra_health_check scheduled__2026-06-26T06:00:00+00:00 [queued]>
[2026-06-26T07:10:10.973+0000] {taskinstance.py:1159} INFO - Dependencies all met for dep_context=requeueable deps ti=<TaskInstance: spark_batch_clean_pipeline.infra_health_check scheduled__2026-06-26T06:00:00+00:00 [queued]>
[2026-06-26T07:10:10.973+0000] {taskinstance.py:1361} INFO - Starting attempt 1 of 2
[2026-06-26T07:10:10.990+0000] {taskinstance.py:1382} INFO - Executing <Task(BashOperator): infra_health_check> on 2026-06-26 06:00:00+00:00
[2026-06-26T07:10:11.002+0000] {standard_task_runner.py:57} INFO - Started process 40 to run task
[2026-06-26T07:10:11.029+0000] {standard_task_runner.py:84} INFO - Running: ['airflow', 'tasks', 'run', 'spark_batch_clean_pipeline', 'infra_health_check', 'scheduled__2026-06-26T06:00:00+00:00', '--job-id', '9', '--raw', '--subdir', 'DAGS_FOLDER/spark_batch_dag.py', '--cfg-path', '/tmp/tmpyq1_ycuy']
[2026-06-26T07:10:11.033+0000] {standard_task_runner.py:85} INFO - Job 9: Subtask infra_health_check
[2026-06-26T07:10:11.145+0000] {task_command.py:416} INFO - Running <TaskInstance: spark_batch_clean_pipeline.infra_health_check scheduled__2026-06-26T06:00:00+00:00 [running]> on host 03f05ce4d8bb
[2026-06-26T07:10:11.239+0000] {taskinstance.py:1662} INFO - Exporting env vars: AIRFLOW_CTX_DAG_OWNER='hsm_data_engineer' AIRFLOW_CTX_DAG_ID='spark_batch_clean_pipeline' AIRFLOW_CTX_TASK_ID='infra_health_check' AIRFLOW_CTX_EXECUTION_DATE='2026-06-26T06:00:00+00:00' AIRFLOW_CTX_TRY_NUMBER='1' AIRFLOW_CTX_DAG_RUN_ID='scheduled__2026-06-26T06:00:00+00:00'
[2026-06-26T07:10:11.242+0000] {subprocess.py:63} INFO - Tmp dir root location: /tmp
[2026-06-26T07:10:11.244+0000] {subprocess.py:75} INFO - Running command: ['/bin/bash', '-c', 'echo "Starting Spark Batch Job on Airflow. Core environment checked."']
[2026-06-26T07:10:11.260+0000] {subprocess.py:86} INFO - Output:
[2026-06-26T07:10:11.261+0000] {subprocess.py:93} INFO - Starting Spark Batch Job on Airflow. Core environment checked.
[2026-06-26T07:10:11.262+0000] {subprocess.py:97} INFO - Command exited with return code 0
[2026-06-26T07:10:11.279+0000] {taskinstance.py:1400} INFO - Marking task as SUCCESS. dag_id=spark_batch_clean_pipeline, task_id=infra_health_check, execution_date=20260626T060000, start_date=20260626T071010, end_date=20260626T071011
[2026-06-26T07:10:11.330+0000] {local_task_job_runner.py:228} INFO - Task exited with return code 0
[2026-06-26T07:10:11.342+0000] {taskinstance.py:2778} INFO - 1 downstream tasks scheduled from follow-on schedule check
[2026-06-26T07:11:51.651+0000] {taskinstance.py:1159} INFO - Dependencies all met for dep_context=non-requeueable deps ti=<TaskInstance: spark_batch_clean_pipeline.infra_health_check scheduled__2026-06-26T06:00:00+00:00 [queued]>
[2026-06-26T07:11:51.656+0000] {taskinstance.py:1159} INFO - Dependencies all met for dep_context=requeueable deps ti=<TaskInstance: spark_batch_clean_pipeline.infra_health_check scheduled__2026-06-26T06:00:00+00:00 [queued]>
[2026-06-26T07:11:51.656+0000] {taskinstance.py:1361} INFO - Starting attempt 1 of 2
[2026-06-26T07:11:51.666+0000] {taskinstance.py:1382} INFO - Executing <Task(BashOperator): infra_health_check> on 2026-06-26 06:00:00+00:00
[2026-06-26T07:11:51.671+0000] {standard_task_runner.py:57} INFO - Started process 46 to run task
[2026-06-26T07:11:51.675+0000] {standard_task_runner.py:84} INFO - Running: ['airflow', 'tasks', 'run', 'spark_batch_clean_pipeline', 'infra_health_check', 'scheduled__2026-06-26T06:00:00+00:00', '--job-id', '2', '--raw', '--subdir', 'DAGS_FOLDER/spark_batch_dag.py', '--cfg-path', '/tmp/tmpdflw5w7p']
[2026-06-26T07:11:51.677+0000] {standard_task_runner.py:85} INFO - Job 2: Subtask infra_health_check
[2026-06-26T07:11:51.714+0000] {task_command.py:416} INFO - Running <TaskInstance: spark_batch_clean_pipeline.infra_health_check scheduled__2026-06-26T06:00:00+00:00 [running]> on host 44772392a9dc
[2026-06-26T07:11:51.806+0000] {taskinstance.py:1662} INFO - Exporting env vars: AIRFLOW_CTX_DAG_OWNER='hsm_data_engineer' AIRFLOW_CTX_DAG_ID='spark_batch_clean_pipeline' AIRFLOW_CTX_TASK_ID='infra_health_check' AIRFLOW_CTX_EXECUTION_DATE='2026-06-26T06:00:00+00:00' AIRFLOW_CTX_TRY_NUMBER='1' AIRFLOW_CTX_DAG_RUN_ID='scheduled__2026-06-26T06:00:00+00:00'
[2026-06-26T07:11:51.808+0000] {subprocess.py:63} INFO - Tmp dir root location: /tmp
[2026-06-26T07:11:51.809+0000] {subprocess.py:75} INFO - Running command: ['/bin/bash', '-c', 'echo "Starting Spark Batch Job on Airflow. Core environment checked."']
[2026-06-26T07:11:51.819+0000] {subprocess.py:86} INFO - Output:
[2026-06-26T07:11:51.821+0000] {subprocess.py:93} INFO - Starting Spark Batch Job on Airflow. Core environment checked.
[2026-06-26T07:11:51.821+0000] {subprocess.py:97} INFO - Command exited with return code 0
[2026-06-26T07:11:51.836+0000] {taskinstance.py:1400} INFO - Marking task as SUCCESS. dag_id=spark_batch_clean_pipeline, task_id=infra_health_check, execution_date=20260626T060000, start_date=20260626T071151, end_date=20260626T071151
[2026-06-26T07:11:51.890+0000] {local_task_job_runner.py:228} INFO - Task exited with return code 0
[2026-06-26T07:11:51.917+0000] {taskinstance.py:2778} INFO - 1 downstream tasks scheduled from follow-on schedule check
[2026-06-26T07:25:27.879+0000] {taskinstance.py:1159} INFO - Dependencies all met for dep_context=non-requeueable deps ti=<TaskInstance: spark_batch_clean_pipeline.infra_health_check scheduled__2026-06-26T06:00:00+00:00 [queued]>
[2026-06-26T07:25:27.971+0000] {taskinstance.py:1159} INFO - Dependencies all met for dep_context=requeueable deps ti=<TaskInstance: spark_batch_clean_pipeline.infra_health_check scheduled__2026-06-26T06:00:00+00:00 [queued]>
[2026-06-26T07:25:27.971+0000] {taskinstance.py:1361} INFO - Starting attempt 1 of 2
[2026-06-26T07:25:27.984+0000] {taskinstance.py:1382} INFO - Executing <Task(BashOperator): infra_health_check> on 2026-06-26 06:00:00+00:00
[2026-06-26T07:25:27.988+0000] {standard_task_runner.py:57} INFO - Started process 1999 to run task
[2026-06-26T07:25:27.991+0000] {standard_task_runner.py:84} INFO - Running: ['airflow', 'tasks', 'run', 'spark_batch_clean_pipeline', 'infra_health_check', 'scheduled__2026-06-26T06:00:00+00:00', '--job-id', '2', '--raw', '--subdir', 'DAGS_FOLDER/spark_batch_dag.py', '--cfg-path', '/tmp/tmp47j306gd']
[2026-06-26T07:25:27.993+0000] {standard_task_runner.py:85} INFO - Job 2: Subtask infra_health_check
[2026-06-26T07:25:28.029+0000] {task_command.py:416} INFO - Running <TaskInstance: spark_batch_clean_pipeline.infra_health_check scheduled__2026-06-26T06:00:00+00:00 [running]> on host 68c80a16ea48
[2026-06-26T07:25:28.080+0000] {taskinstance.py:1662} INFO - Exporting env vars: AIRFLOW_CTX_DAG_OWNER='hsm_data_engineer' AIRFLOW_CTX_DAG_ID='spark_batch_clean_pipeline' AIRFLOW_CTX_TASK_ID='infra_health_check' AIRFLOW_CTX_EXECUTION_DATE='2026-06-26T06:00:00+00:00' AIRFLOW_CTX_TRY_NUMBER='1' AIRFLOW_CTX_DAG_RUN_ID='scheduled__2026-06-26T06:00:00+00:00'
[2026-06-26T07:25:28.081+0000] {subprocess.py:63} INFO - Tmp dir root location: /tmp
[2026-06-26T07:25:28.082+0000] {subprocess.py:75} INFO - Running command: ['/bin/bash', '-c', 'echo "Starting Spark Batch Job on Airflow. Java & PySpark Infrastructure Checked."']
[2026-06-26T07:25:28.090+0000] {subprocess.py:86} INFO - Output:
[2026-06-26T07:25:28.092+0000] {subprocess.py:93} INFO - Starting Spark Batch Job on Airflow. Java & PySpark Infrastructure Checked.
[2026-06-26T07:25:28.092+0000] {subprocess.py:97} INFO - Command exited with return code 0
[2026-06-26T07:25:28.108+0000] {taskinstance.py:1400} INFO - Marking task as SUCCESS. dag_id=spark_batch_clean_pipeline, task_id=infra_health_check, execution_date=20260626T060000, start_date=20260626T072527, end_date=20260626T072528
[2026-06-26T07:25:28.127+0000] {local_task_job_runner.py:228} INFO - Task exited with return code 0
[2026-06-26T07:25:28.144+0000] {taskinstance.py:2778} INFO - 1 downstream tasks scheduled from follow-on schedule check
