[2026-06-26T09:05:27.447+0000] {taskinstance.py:1159} INFO - Dependencies all met for dep_context=non-requeueable deps ti=<TaskInstance: spark_batch_clean_pipeline.infra_health_check scheduled__2026-06-26T08:00:00+00:00 [queued]>
[2026-06-26T09:05:27.521+0000] {taskinstance.py:1159} INFO - Dependencies all met for dep_context=requeueable deps ti=<TaskInstance: spark_batch_clean_pipeline.infra_health_check scheduled__2026-06-26T08:00:00+00:00 [queued]>
[2026-06-26T09:05:27.521+0000] {taskinstance.py:1361} INFO - Starting attempt 1 of 2
[2026-06-26T09:05:27.531+0000] {taskinstance.py:1382} INFO - Executing <Task(BashOperator): infra_health_check> on 2026-06-26 08:00:00+00:00
[2026-06-26T09:05:27.535+0000] {standard_task_runner.py:57} INFO - Started process 655 to run task
[2026-06-26T09:05:27.538+0000] {standard_task_runner.py:84} INFO - Running: ['airflow', 'tasks', 'run', 'spark_batch_clean_pipeline', 'infra_health_check', 'scheduled__2026-06-26T08:00:00+00:00', '--job-id', '23', '--raw', '--subdir', 'DAGS_FOLDER/spark_batch_dag.py', '--cfg-path', '/tmp/tmpm0ywr74d']
[2026-06-26T09:05:27.539+0000] {standard_task_runner.py:85} INFO - Job 23: Subtask infra_health_check
[2026-06-26T09:05:27.567+0000] {task_command.py:416} INFO - Running <TaskInstance: spark_batch_clean_pipeline.infra_health_check scheduled__2026-06-26T08:00:00+00:00 [running]> on host 68c80a16ea48
[2026-06-26T09:05:27.607+0000] {taskinstance.py:1662} INFO - Exporting env vars: AIRFLOW_CTX_DAG_OWNER='hsm_data_engineer' AIRFLOW_CTX_DAG_ID='spark_batch_clean_pipeline' AIRFLOW_CTX_TASK_ID='infra_health_check' AIRFLOW_CTX_EXECUTION_DATE='2026-06-26T08:00:00+00:00' AIRFLOW_CTX_TRY_NUMBER='1' AIRFLOW_CTX_DAG_RUN_ID='scheduled__2026-06-26T08:00:00+00:00'
[2026-06-26T09:05:27.607+0000] {subprocess.py:63} INFO - Tmp dir root location: /tmp
[2026-06-26T09:05:27.608+0000] {subprocess.py:75} INFO - Running command: ['/bin/bash', '-c', 'echo "Starting Spark Batch Job on Airflow. Python Self-Downloading S3A Jars..."']
[2026-06-26T09:05:27.616+0000] {subprocess.py:86} INFO - Output:
[2026-06-26T09:05:27.617+0000] {subprocess.py:93} INFO - Starting Spark Batch Job on Airflow. Python Self-Downloading S3A Jars...
[2026-06-26T09:05:27.618+0000] {subprocess.py:97} INFO - Command exited with return code 0
[2026-06-26T09:05:27.631+0000] {taskinstance.py:1400} INFO - Marking task as SUCCESS. dag_id=spark_batch_clean_pipeline, task_id=infra_health_check, execution_date=20260626T080000, start_date=20260626T090527, end_date=20260626T090527
[2026-06-26T09:05:27.672+0000] {local_task_job_runner.py:228} INFO - Task exited with return code 0
[2026-06-26T09:05:27.685+0000] {taskinstance.py:2778} INFO - 1 downstream tasks scheduled from follow-on schedule check
[2026-06-26T09:22:29.283+0000] {taskinstance.py:1159} INFO - Dependencies all met for dep_context=non-requeueable deps ti=<TaskInstance: spark_batch_clean_pipeline.infra_health_check scheduled__2026-06-26T08:00:00+00:00 [queued]>
[2026-06-26T09:22:29.351+0000] {taskinstance.py:1159} INFO - Dependencies all met for dep_context=requeueable deps ti=<TaskInstance: spark_batch_clean_pipeline.infra_health_check scheduled__2026-06-26T08:00:00+00:00 [queued]>
[2026-06-26T09:22:29.352+0000] {taskinstance.py:1361} INFO - Starting attempt 1 of 2
[2026-06-26T09:22:29.361+0000] {taskinstance.py:1382} INFO - Executing <Task(BashOperator): infra_health_check> on 2026-06-26 08:00:00+00:00
[2026-06-26T09:22:29.366+0000] {standard_task_runner.py:57} INFO - Started process 811 to run task
[2026-06-26T09:22:29.369+0000] {standard_task_runner.py:84} INFO - Running: ['airflow', 'tasks', 'run', 'spark_batch_clean_pipeline', 'infra_health_check', 'scheduled__2026-06-26T08:00:00+00:00', '--job-id', '25', '--raw', '--subdir', 'DAGS_FOLDER/spark_batch_dag.py', '--cfg-path', '/tmp/tmp1ps93tc7']
[2026-06-26T09:22:29.370+0000] {standard_task_runner.py:85} INFO - Job 25: Subtask infra_health_check
[2026-06-26T09:22:29.398+0000] {task_command.py:416} INFO - Running <TaskInstance: spark_batch_clean_pipeline.infra_health_check scheduled__2026-06-26T08:00:00+00:00 [running]> on host 68c80a16ea48
[2026-06-26T09:22:29.437+0000] {taskinstance.py:1662} INFO - Exporting env vars: AIRFLOW_CTX_DAG_OWNER='hsm_data_engineer' AIRFLOW_CTX_DAG_ID='spark_batch_clean_pipeline' AIRFLOW_CTX_TASK_ID='infra_health_check' AIRFLOW_CTX_EXECUTION_DATE='2026-06-26T08:00:00+00:00' AIRFLOW_CTX_TRY_NUMBER='1' AIRFLOW_CTX_DAG_RUN_ID='scheduled__2026-06-26T08:00:00+00:00'
[2026-06-26T09:22:29.438+0000] {subprocess.py:63} INFO - Tmp dir root location: /tmp
[2026-06-26T09:22:29.438+0000] {subprocess.py:75} INFO - Running command: ['/bin/bash', '-c', 'echo "Starting Spark Batch Job on Airflow. Python Self-Downloading S3A Jars..."']
[2026-06-26T09:22:29.446+0000] {subprocess.py:86} INFO - Output:
[2026-06-26T09:22:29.448+0000] {subprocess.py:93} INFO - Starting Spark Batch Job on Airflow. Python Self-Downloading S3A Jars...
[2026-06-26T09:22:29.448+0000] {subprocess.py:97} INFO - Command exited with return code 0
[2026-06-26T09:22:29.462+0000] {taskinstance.py:1400} INFO - Marking task as SUCCESS. dag_id=spark_batch_clean_pipeline, task_id=infra_health_check, execution_date=20260626T080000, start_date=20260626T092229, end_date=20260626T092229
[2026-06-26T09:22:29.504+0000] {local_task_job_runner.py:228} INFO - Task exited with return code 0
[2026-06-26T09:22:29.515+0000] {taskinstance.py:2778} INFO - 1 downstream tasks scheduled from follow-on schedule check
