[2026-06-26T03:44:30.751+0000] {taskinstance.py:1159} INFO - Dependencies all met for dep_context=non-requeueable deps ti=<TaskInstance: spark_batch_clean_pipeline.run_pyspark_batch manual__2026-06-26T03:35:41.352660+00:00 [queued]>
[2026-06-26T03:44:30.854+0000] {taskinstance.py:1159} INFO - Dependencies all met for dep_context=requeueable deps ti=<TaskInstance: spark_batch_clean_pipeline.run_pyspark_batch manual__2026-06-26T03:35:41.352660+00:00 [queued]>
[2026-06-26T03:44:30.854+0000] {taskinstance.py:1361} INFO - Starting attempt 4 of 4
[2026-06-26T03:44:30.866+0000] {taskinstance.py:1382} INFO - Executing <Task(BashOperator): run_pyspark_batch> on 2026-06-26 03:35:41.352660+00:00
[2026-06-26T03:44:30.871+0000] {standard_task_runner.py:57} INFO - Started process 141 to run task
[2026-06-26T03:44:30.875+0000] {standard_task_runner.py:84} INFO - Running: ['airflow', 'tasks', 'run', 'spark_batch_clean_pipeline', 'run_pyspark_batch', 'manual__2026-06-26T03:35:41.352660+00:00', '--job-id', '11', '--raw', '--subdir', 'DAGS_FOLDER/spark_batch_dag.py', '--cfg-path', '/tmp/tmpzonaysdt']
[2026-06-26T03:44:30.876+0000] {standard_task_runner.py:85} INFO - Job 11: Subtask run_pyspark_batch
[2026-06-26T03:44:30.914+0000] {task_command.py:416} INFO - Running <TaskInstance: spark_batch_clean_pipeline.run_pyspark_batch manual__2026-06-26T03:35:41.352660+00:00 [running]> on host eb5adb09c055
[2026-06-26T03:44:30.975+0000] {taskinstance.py:1662} INFO - Exporting env vars: AIRFLOW_CTX_DAG_OWNER='hsm_data_engineer' AIRFLOW_CTX_DAG_ID='spark_batch_clean_pipeline' AIRFLOW_CTX_TASK_ID='run_pyspark_batch' AIRFLOW_CTX_EXECUTION_DATE='2026-06-26T03:35:41.352660+00:00' AIRFLOW_CTX_TRY_NUMBER='4' AIRFLOW_CTX_DAG_RUN_ID='manual__2026-06-26T03:35:41.352660+00:00'
[2026-06-26T03:44:30.976+0000] {subprocess.py:63} INFO - Tmp dir root location: /tmp
[2026-06-26T03:44:30.977+0000] {subprocess.py:75} INFO - Running command: ['/bin/bash', '-c', '\n        pip install --no-cache-dir pyspark==3.4.1 &&         cd /opt/de-roadmap &&         python3 spark_batch_clean.py\n        ']
[2026-06-26T03:44:30.988+0000] {subprocess.py:86} INFO - Output:
[2026-06-26T03:44:30.999+0000] {subprocess.py:93} INFO - 
[2026-06-26T03:44:30.999+0000] {subprocess.py:93} INFO - [31mYou are running pip as root. Please use 'airflow' user to run pip![0m
[2026-06-26T03:44:30.999+0000] {subprocess.py:93} INFO - 
[2026-06-26T03:44:31.000+0000] {subprocess.py:93} INFO - [33mSee: https://airflow.apache.org/docs/docker-stack/build.html#adding-a-new-pypi-package[0m
[2026-06-26T03:44:31.000+0000] {subprocess.py:93} INFO - 
[2026-06-26T03:44:31.000+0000] {subprocess.py:97} INFO - Command exited with return code 1
[2026-06-26T03:44:31.009+0000] {taskinstance.py:1937} ERROR - Task failed with exception
Traceback (most recent call last):
  File "/home/airflow/.local/lib/python3.10/site-packages/airflow/operators/bash.py", line 210, in execute
    raise AirflowException(
airflow.exceptions.AirflowException: Bash command failed. The command returned a non-zero exit code 1.
[2026-06-26T03:44:31.012+0000] {taskinstance.py:1400} INFO - Marking task as FAILED. dag_id=spark_batch_clean_pipeline, task_id=run_pyspark_batch, execution_date=20260626T033541, start_date=20260626T034430, end_date=20260626T034431
[2026-06-26T03:44:31.023+0000] {standard_task_runner.py:104} ERROR - Failed to execute job 11 for task run_pyspark_batch (Bash command failed. The command returned a non-zero exit code 1.; 141)
[2026-06-26T03:44:31.048+0000] {local_task_job_runner.py:228} INFO - Task exited with return code 1
[2026-06-26T03:44:31.064+0000] {taskinstance.py:2778} INFO - 0 downstream tasks scheduled from follow-on schedule check
